[0.134s] Invoking command in '/home/shengbin/camera_ws/build/image_view': CMAKE_PREFIX_PATH=/home/shengbin/camera_ws/install/image_transport:/home/shengbin/camera_ws/install/cv_bridge:/home/shengbin/camera_ws/install/camera_calibration_parsers:/home/shengbin/camera_ws/install/vision_opencv:/home/shengbin/camera_ws/install/v4l2_camera:/home/shengbin/camera_ws/install/image_transport_plugins:/home/shengbin/camera_ws/install/theora_image_transport:/home/shengbin/camera_ws/install/ros2_shared:/home/shengbin/camera_ws/install/image_common:/home/shengbin/camera_ws/install/compressed_image_transport:/home/shengbin/camera_ws/install/compressed_depth_image_transport:/home/shengbin/camera_ws/install/image_geometry LD_LIBRARY_PATH=/home/shengbin/camera_ws/install/image_transport/lib:/home/shengbin/camera_ws/install/cv_bridge/lib:/home/shengbin/camera_ws/install/camera_calibration_parsers/lib:/home/shengbin/camera_ws/install/v4l2_camera/lib:/home/shengbin/camera_ws/install/theora_image_transport/lib:/home/shengbin/camera_ws/install/compressed_image_transport/lib:/home/shengbin/camera_ws/install/compressed_depth_image_transport/lib:/home/shengbin/camera_ws/install/image_geometry/lib:/opt/ros/humble/opt/rviz_ogre_vendor/lib:/opt/ros/humble/lib/x86_64-linux-gnu:/opt/ros/humble/lib /usr/bin/cmake /home/shengbin/camera_ws/src/image_pipeline/image_view -DCATKIN_INSTALL_INTO_PREFIX_ROOT=0 -DCMAKE_INSTALL_PREFIX=/home/shengbin/camera_ws/install/image_view
[0.182s] -- The C compiler identification is GNU 11.4.0
[0.232s] -- The CXX compiler identification is GNU 11.4.0
[0.242s] -- Detecting C compiler ABI info
[0.301s] -- Detecting C compiler ABI info - done
[0.313s] -- Check for working C compiler: /usr/bin/cc - skipped
[0.314s] -- Detecting C compile features
[0.314s] -- Detecting C compile features - done
[0.318s] -- Detecting CXX compiler ABI info
[0.382s] -- Detecting CXX compiler ABI info - done
[0.395s] -- Check for working CXX compiler: /usr/bin/c++ - skipped
[0.396s] -- Detecting CXX compile features
[0.396s] -- Detecting CXX compile features - done
[0.414s] [31mCMake Error at CMakeLists.txt:4 (find_package):
[0.414s]   By not providing "Findcatkin.cmake" in CMAKE_MODULE_PATH this project has
[0.414s]   asked CMake to find a package configuration file provided by "catkin", but
[0.414s]   CMake did not find one.
[0.414s] 
[0.414s]   Could not find a package configuration file provided by "catkin" with any
[0.414s]   of the following names:
[0.415s] 
[0.415s]     catkinConfig.cmake
[0.415s]     catkin-config.cmake
[0.415s] 
[0.415s]   Add the installation prefix of "catkin" to CMAKE_PREFIX_PATH or set
[0.415s]   "catkin_DIR" to a directory containing one of the above files.  If "catkin"
[0.415s]   provides a separate development package or SDK, be sure it has been
[0.415s]   installed.
[0.415s] 
[0.415s] [0m
[0.415s] -- Configuring incomplete, errors occurred!
[0.415s] See also "/home/shengbin/camera_ws/build/image_view/CMakeFiles/CMakeOutput.log".
