[0.143s] Invoking command in '/home/shengbin/camera_ws/build/image_view': CMAKE_PREFIX_PATH=/home/shengbin/camera_ws/install/image_transport:/home/shengbin/camera_ws/install/cv_bridge:/home/shengbin/camera_ws/install/camera_calibration_parsers:/home/shengbin/camera_ws/install/ros2_shared:/home/shengbin/camera_ws/install/image_geometry LD_LIBRARY_PATH=/home/shengbin/camera_ws/install/image_transport/lib:/home/shengbin/camera_ws/install/cv_bridge/lib:/home/shengbin/camera_ws/install/camera_calibration_parsers/lib:/home/shengbin/camera_ws/install/image_geometry/lib:/opt/ros/humble/opt/rviz_ogre_vendor/lib:/opt/ros/humble/lib/x86_64-linux-gnu:/opt/ros/humble/lib /usr/bin/cmake /home/shengbin/camera_ws/src/image_pipeline/image_view -DCATKIN_INSTALL_INTO_PREFIX_ROOT=0 -DCMAKE_INSTALL_PREFIX=/home/shengbin/camera_ws/install/image_view
[0.171s] [31mCMake Error at CMakeLists.txt:4 (find_package):
[0.172s]   By not providing "Findcatkin.cmake" in CMAKE_MODULE_PATH this project has
[0.172s]   asked CMake to find a package configuration file provided by "catkin", but
[0.172s]   CMake did not find one.
[0.172s] 
[0.172s]   Could not find a package configuration file provided by "catkin" with any
[0.172s]   of the following names:
[0.172s] 
[0.172s]     catkinConfig.cmake
[0.172s]     catkin-config.cmake
[0.172s] 
[0.172s]   Add the installation prefix of "catkin" to CMAKE_PREFIX_PATH or set
[0.173s]   "catkin_DIR" to a directory containing one of the above files.  If "catkin"
[0.173s]   provides a separate development package or SDK, be sure it has been
[0.173s]   installed.
[0.173s] 
[0.173s] [0m
[0.173s] -- Configuring incomplete, errors occurred!
[0.173s] See also "/home/shengbin/camera_ws/build/image_view/CMakeFiles/CMakeOutput.log".
[0.310s] Invoked command in '/home/shengbin/camera_ws/build/image_view' returned '1': CMAKE_PREFIX_PATH=/home/shengbin/camera_ws/install/image_transport:/home/shengbin/camera_ws/install/cv_bridge:/home/shengbin/camera_ws/install/camera_calibration_parsers:/home/shengbin/camera_ws/install/ros2_shared:/home/shengbin/camera_ws/install/image_geometry LD_LIBRARY_PATH=/home/shengbin/camera_ws/install/image_transport/lib:/home/shengbin/camera_ws/install/cv_bridge/lib:/home/shengbin/camera_ws/install/camera_calibration_parsers/lib:/home/shengbin/camera_ws/install/image_geometry/lib:/opt/ros/humble/opt/rviz_ogre_vendor/lib:/opt/ros/humble/lib/x86_64-linux-gnu:/opt/ros/humble/lib /usr/bin/cmake /home/shengbin/camera_ws/src/image_pipeline/image_view -DCATKIN_INSTALL_INTO_PREFIX_ROOT=0 -DCMAKE_INSTALL_PREFIX=/home/shengbin/camera_ws/install/image_view
