[0.216s] Invoking command in '/home/shengbin/camera_ws/build/depth_image_proc': CMAKE_PREFIX_PATH=/home/shengbin/camera_ws/install/image_transport:/home/shengbin/camera_ws/install/image_geometry:/home/shengbin/camera_ws/install/cv_bridge:/home/shengbin/camera_ws/install/ros2_shared:/home/shengbin/camera_ws/install/camera_calibration_parsers /usr/bin/cmake /home/shengbin/camera_ws/src/image_pipeline/depth_image_proc -DCATKIN_INSTALL_INTO_PREFIX_ROOT=0 -DCMAKE_INSTALL_PREFIX=/home/shengbin/camera_ws/install/depth_image_proc
[0.234s] -- Configuring incomplete, errors occurred!
[0.235s] See also "/home/shengbin/camera_ws/build/depth_image_proc/CMakeFiles/CMakeOutput.log".
[0.235s] [31mCMake Error at CMakeLists.txt:4 (find_package):
[0.235s]   By not providing "Findcatkin.cmake" in CMAKE_MODULE_PATH this project has
[0.235s]   asked CMake to find a package configuration file provided by "catkin", but
[0.235s]   CMake did not find one.
[0.235s] 
[0.235s]   Could not find a package configuration file provided by "catkin" with any
[0.236s]   of the following names:
[0.236s] 
[0.236s]     catkinConfig.cmake
[0.237s]     catkin-config.cmake
[0.237s] 
[0.238s]   Add the installation prefix of "catkin" to CMAKE_PREFIX_PATH or set
[0.238s]   "catkin_DIR" to a directory containing one of the above files.  If "catkin"
[0.238s]   provides a separate development package or SDK, be sure it has been
[0.238s]   installed.
[0.239s] 
[0.239s] [0m
[0.320s] Invoked command in '/home/shengbin/camera_ws/build/depth_image_proc' returned '1': CMAKE_PREFIX_PATH=/home/shengbin/camera_ws/install/image_transport:/home/shengbin/camera_ws/install/image_geometry:/home/shengbin/camera_ws/install/cv_bridge:/home/shengbin/camera_ws/install/ros2_shared:/home/shengbin/camera_ws/install/camera_calibration_parsers /usr/bin/cmake /home/shengbin/camera_ws/src/image_pipeline/depth_image_proc -DCATKIN_INSTALL_INTO_PREFIX_ROOT=0 -DCMAKE_INSTALL_PREFIX=/home/shengbin/camera_ws/install/depth_image_proc
