[0.560s] Invoking command in '/home/shengbin/camera_ws/build/image_proc': AMENT_PREFIX_PATH=/home/shengbin/camera_ws/install/image_transport:/home/shengbin/camera_ws/install/image_geometry:/home/shengbin/camera_ws/install/cv_bridge:/home/shengbin/camera_ws/install/camera_calibration_parsers:${AMENT_PREFIX_PATH} CMAKE_PREFIX_PATH=/home/shengbin/camera_ws/install/image_transport:/home/shengbin/camera_ws/install/image_geometry:/home/shengbin/camera_ws/install/cv_bridge:/home/shengbin/camera_ws/install/camera_calibration_parsers LD_LIBRARY_PATH=/home/shengbin/camera_ws/install/image_transport/lib:/home/shengbin/camera_ws/install/image_geometry/lib:/home/shengbin/camera_ws/install/cv_bridge/lib:/home/shengbin/camera_ws/install/camera_calibration_parsers/lib:${LD_LIBRARY_PATH} PYTHONPATH=/home/shengbin/camera_ws/install/image_geometry/local/lib/python3.10/dist-packages:/home/shengbin/camera_ws/install/cv_bridge/local/lib/python3.10/dist-packages:${PYTHONPATH} /usr/bin/cmake /home/shengbin/camera_ws/src/image_pipeline/image_proc -DCATKIN_INSTALL_INTO_PREFIX_ROOT=0 -DCMAKE_INSTALL_PREFIX=/home/shengbin/camera_ws/install/image_proc
[0.580s] [31mCMake Error at CMakeLists.txt:4 (find_package):
[0.580s]   By not providing "Findcatkin.cmake" in CMAKE_MODULE_PATH this project has
[0.580s]   asked CMake to find a package configuration file provided by "catkin", but
[0.581s]   CMake did not find one.
[0.581s] 
[0.581s]   Could not find a package configuration file provided by "catkin" with any
[0.581s]   of the following names:
[0.581s] 
[0.582s]     catkinConfig.cmake
[0.582s]     catkin-config.cmake
[0.582s] 
[0.582s]   Add the installation prefix of "catkin" to CMAKE_PREFIX_PATH or set
[0.582s]   "catkin_DIR" to a directory containing one of the above files.  If "catkin"
[0.582s]   provides a separate development package or SDK, be sure it has been
[0.583s]   installed.
[0.583s] 
[0.583s] [0m
[0.583s] -- Configuring incomplete, errors occurred!
[0.584s] See also "/home/shengbin/camera_ws/build/image_proc/CMakeFiles/CMakeOutput.log".
