[0.261s] Invoking command in '/home/shengbin/camera_ws/build/image_geometry': CMAKE_PREFIX_PATH=${CMAKE_PREFIX_PATH}:/home/shengbin/camera_ws/install/camera:/opt/ros/humble /usr/bin/cmake --build /home/shengbin/camera_ws/build/image_geometry -- -j16 -l16
[0.864s] [ 22%] Built target gtest_main
[0.866s] [ 44%] Built target gtest
[0.866s] [ 77%] Built target image_geometry
[0.866s] [ 77%] Built target ament_cmake_python_copy_image_geometry
[0.867s] [100%] Built target image_geometry-utest
[0.867s] running egg_info
[0.868s] writing image_geometry.egg-info/PKG-INFO
[0.868s] writing dependency_links to image_geometry.egg-info/dependency_links.txt
[0.868s] writing top-level names to image_geometry.egg-info/top_level.txt
[0.869s] reading manifest file 'image_geometry.egg-info/SOURCES.txt'
[0.870s] writing manifest file 'image_geometry.egg-info/SOURCES.txt'
[0.877s] [100%] Built target ament_cmake_python_build_image_geometry_egg
[0.885s] Invoked command in '/home/shengbin/camera_ws/build/image_geometry' returned '0': CMAKE_PREFIX_PATH=${CMAKE_PREFIX_PATH}:/home/shengbin/camera_ws/install/camera:/opt/ros/humble /usr/bin/cmake --build /home/shengbin/camera_ws/build/image_geometry -- -j16 -l16
[0.950s] Invoking command in '/home/shengbin/camera_ws/build/image_geometry': CMAKE_PREFIX_PATH=${CMAKE_PREFIX_PATH}:/home/shengbin/camera_ws/install/camera:/opt/ros/humble /usr/bin/cmake --install /home/shengbin/camera_ws/build/image_geometry
[0.965s] -- Install configuration: ""
[0.965s] -- Up-to-date: /home/shengbin/camera_ws/install/image_geometry/share/image_geometry/environment/pythonpath.sh
[0.967s] -- Up-to-date: /home/shengbin/camera_ws/install/image_geometry/share/image_geometry/environment/pythonpath.dsv
[0.967s] -- Up-to-date: /home/shengbin/camera_ws/install/image_geometry/local/lib/python3.10/dist-packages/image_geometry-3.2.1-py3.10.egg-info
[0.968s] -- Installing: /home/shengbin/camera_ws/install/image_geometry/local/lib/python3.10/dist-packages/image_geometry-3.2.1-py3.10.egg-info/dependency_links.txt
[0.968s] -- Installing: /home/shengbin/camera_ws/install/image_geometry/local/lib/python3.10/dist-packages/image_geometry-3.2.1-py3.10.egg-info/SOURCES.txt
[0.970s] -- Installing: /home/shengbin/camera_ws/install/image_geometry/local/lib/python3.10/dist-packages/image_geometry-3.2.1-py3.10.egg-info/PKG-INFO
[0.971s] -- Installing: /home/shengbin/camera_ws/install/image_geometry/local/lib/python3.10/dist-packages/image_geometry-3.2.1-py3.10.egg-info/top_level.txt
[0.973s] -- Up-to-date: /home/shengbin/camera_ws/install/image_geometry/local/lib/python3.10/dist-packages/image_geometry
[0.973s] -- Up-to-date: /home/shengbin/camera_ws/install/image_geometry/local/lib/python3.10/dist-packages/image_geometry/__init__.py
[0.974s] -- Up-to-date: /home/shengbin/camera_ws/install/image_geometry/local/lib/python3.10/dist-packages/image_geometry/cameramodels.py
[1.031s] Listing '/home/shengbin/camera_ws/install/image_geometry/local/lib/python3.10/dist-packages/image_geometry'...
[1.033s] -- Up-to-date: /home/shengbin/camera_ws/install/image_geometry/include/image_geometry
[1.033s] -- Up-to-date: /home/shengbin/camera_ws/install/image_geometry/include/image_geometry/image_geometry
[1.034s] -- Up-to-date: /home/shengbin/camera_ws/install/image_geometry/include/image_geometry/image_geometry/stereo_camera_model.h
[1.034s] -- Up-to-date: /home/shengbin/camera_ws/install/image_geometry/include/image_geometry/image_geometry/visibility_control.hpp
[1.034s] -- Up-to-date: /home/shengbin/camera_ws/install/image_geometry/include/image_geometry/image_geometry/pinhole_camera_model.h
[1.034s] -- Up-to-date: /home/shengbin/camera_ws/install/image_geometry/lib/libimage_geometry.so
[1.035s] -- Up-to-date: /home/shengbin/camera_ws/install/image_geometry/share/ament_index/resource_index/package_run_dependencies/image_geometry
[1.035s] -- Up-to-date: /home/shengbin/camera_ws/install/image_geometry/share/ament_index/resource_index/parent_prefix_path/image_geometry
[1.035s] -- Up-to-date: /home/shengbin/camera_ws/install/image_geometry/share/image_geometry/environment/ament_prefix_path.sh
[1.035s] -- Up-to-date: /home/shengbin/camera_ws/install/image_geometry/share/image_geometry/environment/ament_prefix_path.dsv
[1.035s] -- Up-to-date: /home/shengbin/camera_ws/install/image_geometry/share/image_geometry/environment/path.sh
[1.035s] -- Up-to-date: /home/shengbin/camera_ws/install/image_geometry/share/image_geometry/environment/path.dsv
[1.035s] -- Up-to-date: /home/shengbin/camera_ws/install/image_geometry/share/image_geometry/local_setup.bash
[1.035s] -- Up-to-date: /home/shengbin/camera_ws/install/image_geometry/share/image_geometry/local_setup.sh
[1.035s] -- Up-to-date: /home/shengbin/camera_ws/install/image_geometry/share/image_geometry/local_setup.zsh
[1.035s] -- Up-to-date: /home/shengbin/camera_ws/install/image_geometry/share/image_geometry/local_setup.dsv
[1.035s] -- Installing: /home/shengbin/camera_ws/install/image_geometry/share/image_geometry/package.dsv
[1.036s] -- Up-to-date: /home/shengbin/camera_ws/install/image_geometry/share/ament_index/resource_index/packages/image_geometry
[1.036s] -- Up-to-date: /home/shengbin/camera_ws/install/image_geometry/share/image_geometry/cmake/export_image_geometryExport.cmake
[1.036s] -- Up-to-date: /home/shengbin/camera_ws/install/image_geometry/share/image_geometry/cmake/export_image_geometryExport-noconfig.cmake
[1.036s] -- Up-to-date: /home/shengbin/camera_ws/install/image_geometry/share/image_geometry/cmake/ament_cmake_export_targets-extras.cmake
[1.036s] -- Up-to-date: /home/shengbin/camera_ws/install/image_geometry/share/image_geometry/cmake/ament_cmake_export_dependencies-extras.cmake
[1.036s] -- Up-to-date: /home/shengbin/camera_ws/install/image_geometry/share/image_geometry/cmake/image_geometryConfig.cmake
[1.036s] -- Up-to-date: /home/shengbin/camera_ws/install/image_geometry/share/image_geometry/cmake/image_geometryConfig-version.cmake
[1.036s] -- Up-to-date: /home/shengbin/camera_ws/install/image_geometry/share/image_geometry/package.xml
[1.243s] Invoked command in '/home/shengbin/camera_ws/build/image_geometry' returned '0': CMAKE_PREFIX_PATH=${CMAKE_PREFIX_PATH}:/home/shengbin/camera_ws/install/camera:/opt/ros/humble /usr/bin/cmake --install /home/shengbin/camera_ws/build/image_geometry
