[0.261s] Invoking command in '/home/shengbin/camera_ws/build/image_transport': CMAKE_PREFIX_PATH=${CMAKE_PREFIX_PATH}:/home/shengbin/camera_ws/install/opencv_tests:/home/shengbin/camera_ws/install/camera_calibration:/home/shengbin/camera_ws/install/camera:/opt/ros/humble /usr/bin/cmake /home/shengbin/camera_ws/src/image_common/image_transport -DCMAKE_INSTALL_PREFIX=/home/shengbin/camera_ws/install/image_transport
[0.532s] -- The C compiler identification is GNU 11.4.0
[0.533s] -- The CXX compiler identification is GNU 11.4.0
[0.533s] -- Detecting C compiler ABI info
[0.533s] -- Detecting C compiler ABI info - done
[0.533s] -- Check for working C compiler: /usr/bin/cc - skipped
[0.533s] -- Detecting C compile features
[0.533s] -- Detecting C compile features - done
[0.533s] -- Detecting CXX compiler ABI info
[0.534s] -- Detecting CXX compiler ABI info - done
[0.534s] -- Check for working CXX compiler: /usr/bin/c++ - skipped
[0.534s] -- Detecting CXX compile features
[0.534s] -- Detecting CXX compile features - done
[0.534s] -- Found ament_cmake_ros: 0.10.0 (/opt/ros/humble/share/ament_cmake_ros/cmake)
[0.775s] -- Found Python3: /usr/bin/python3.10 (found version "3.10.12") found components: Interpreter 
[0.870s] -- Found message_filters: 4.3.3 (/opt/ros/humble/share/message_filters/cmake)
[0.935s] -- Found rosidl_generator_c: 3.1.5 (/opt/ros/humble/share/rosidl_generator_c/cmake)
[0.942s] -- Found rosidl_adapter: 3.1.5 (/opt/ros/humble/share/rosidl_adapter/cmake)
[0.954s] -- Found rosidl_generator_cpp: 3.1.5 (/opt/ros/humble/share/rosidl_generator_cpp/cmake)
[0.974s] -- Using all available rosidl_typesupport_c: rosidl_typesupport_fastrtps_c;rosidl_typesupport_introspection_c
[1.006s] -- Using all available rosidl_typesupport_cpp: rosidl_typesupport_fastrtps_cpp;rosidl_typesupport_introspection_cpp
[1.124s] -- Found rmw_implementation_cmake: 6.1.1 (/opt/ros/humble/share/rmw_implementation_cmake/cmake)
[1.130s] -- Found rmw_cyclonedds_cpp: 1.3.4 (/opt/ros/humble/share/rmw_cyclonedds_cpp/cmake)
[1.210s] -- Using RMW implementation 'rmw_cyclonedds_cpp' as default
[1.225s] -- Looking for pthread.h
[1.319s] -- Looking for pthread.h - found
[1.319s] -- Performing Test CMAKE_HAVE_LIBC_PTHREAD
[1.431s] -- Performing Test CMAKE_HAVE_LIBC_PTHREAD - Success
[1.433s] -- Found Threads: TRUE  
[1.687s] -- Found pluginlib: 5.1.0 (/opt/ros/humble/share/pluginlib/cmake)
[1.737s] -- Found sensor_msgs: 4.2.3 (/opt/ros/humble/share/sensor_msgs/cmake)
[1.997s] -- Found ament_lint_auto: 0.12.8 (/opt/ros/humble/share/ament_lint_auto/cmake)
[2.161s] -- Found gtest sources under '/opt/ros/humble/src/gtest_vendor': C++ tests using 'Google Test' will be built
[2.205s] -- Added test 'copyright' to check source files copyright and LICENSE
[2.210s] -- Added test 'cpplint' to check C / C++ code against the Google style
[2.210s] -- Configured cpplint exclude dirs and/or files: 
[2.215s] -- Added test 'lint_cmake' to check CMake code style
[2.220s] -- Added test 'uncrustify' to check C / C++ code style
[2.220s] -- Configured uncrustify additional arguments: 
[2.222s] -- Added test 'xmllint' to check XML markup files
[2.227s] -- Configuring done
[2.303s] -- Generating done
[2.308s] -- Build files have been written to: /home/shengbin/camera_ws/build/image_transport
[2.337s] Invoked command in '/home/shengbin/camera_ws/build/image_transport' returned '0': CMAKE_PREFIX_PATH=${CMAKE_PREFIX_PATH}:/home/shengbin/camera_ws/install/opencv_tests:/home/shengbin/camera_ws/install/camera_calibration:/home/shengbin/camera_ws/install/camera:/opt/ros/humble /usr/bin/cmake /home/shengbin/camera_ws/src/image_common/image_transport -DCMAKE_INSTALL_PREFIX=/home/shengbin/camera_ws/install/image_transport
[2.337s] Invoking command in '/home/shengbin/camera_ws/build/image_transport': CMAKE_PREFIX_PATH=${CMAKE_PREFIX_PATH}:/home/shengbin/camera_ws/install/opencv_tests:/home/shengbin/camera_ws/install/camera_calibration:/home/shengbin/camera_ws/install/camera:/opt/ros/humble /usr/bin/cmake --build /home/shengbin/camera_ws/build/image_transport -- -j16 -l16
[2.424s] [  6%] [32mBuilding CXX object CMakeFiles/image_transport.dir/src/camera_common.cpp.o[0m
[2.425s] [  6%] [32mBuilding CXX object gtest/CMakeFiles/gtest_main.dir/src/gtest_main.cc.o[0m
[2.425s] [ 10%] [32mBuilding CXX object CMakeFiles/image_transport.dir/src/publisher.cpp.o[0m
[2.434s] [ 13%] [32mBuilding CXX object gtest/CMakeFiles/gtest.dir/src/gtest-all.cc.o[0m
[2.466s] [ 16%] [32mBuilding CXX object CMakeFiles/image_transport.dir/src/single_subscriber_publisher.cpp.o[0m
[2.467s] [ 20%] [32mBuilding CXX object CMakeFiles/image_transport.dir/src/subscriber.cpp.o[0m
[2.505s] [ 26%] [32mBuilding CXX object CMakeFiles/image_transport.dir/src/camera_subscriber.cpp.o[0m
[2.505s] [ 26%] [32mBuilding CXX object CMakeFiles/image_transport.dir/src/camera_publisher.cpp.o[0m
[2.541s] [ 30%] [32mBuilding CXX object CMakeFiles/image_transport.dir/src/image_transport.cpp.o[0m
[3.515s] [ 33%] [32m[1mLinking CXX static library libgtest_main.a[0m
[3.686s] [ 33%] Built target gtest_main
[5.920s] [ 36%] [32m[1mLinking CXX static library libgtest.a[0m
[6.007s] [ 36%] Built target gtest
[12.315s] [ 40%] [32m[1mLinking CXX shared library libimage_transport.so[0m
[12.832s] [ 40%] Built target image_transport
[12.847s] [ 46%] [32mBuilding CXX object CMakeFiles/image_transport_plugins.dir/src/manifest.cpp.o[0m
[12.848s] [ 46%] [32mBuilding CXX object CMakeFiles/list_transports.dir/src/list_transports.cpp.o[0m
[12.852s] [ 50%] [32mBuilding CXX object CMakeFiles/image_transport-remapping.dir/test/test_remapping.cpp.o[0m
[12.854s] [ 53%] [32mBuilding CXX object CMakeFiles/image_transport-publisher.dir/test/test_publisher.cpp.o[0m
[12.858s] [ 70%] [32mBuilding CXX object CMakeFiles/republish.dir/src/republish.cpp.o[0m
[12.858s] [ 70%] [32mBuilding CXX object CMakeFiles/image_transport-message_passing.dir/test/test_message_passing.cpp.o[0m
[12.858s] [ 70%] [32mBuilding CXX object CMakeFiles/image_transport-subscriber.dir/test/test_subscriber.cpp.o[0m
[12.858s] [ 70%] [32mBuilding CXX object CMakeFiles/image_transport-single_subscriber_publisher.dir/test/test_single_subscriber_publisher.cpp.o[0m
[12.858s] [ 70%] [32mBuilding CXX object CMakeFiles/image_transport-camera_common.dir/test/test_camera_common.cpp.o[0m
[14.637s] [ 73%] [32m[1mLinking CXX executable image_transport-camera_common[0m
[15.252s] [ 73%] Built target image_transport-camera_common
[16.346s] [ 76%] [32m[1mLinking CXX executable image_transport-remapping[0m
[16.920s] [ 76%] Built target image_transport-remapping
[17.132s] [ 80%] [32m[1mLinking CXX executable list_transports[0m
[17.622s] [ 80%] Built target list_transports
[17.906s] [ 83%] [32m[1mLinking CXX executable republish[0m
[18.028s] [ 86%] [32m[1mLinking CXX executable image_transport-subscriber[0m
[18.034s] [ 90%] [32m[1mLinking CXX executable image_transport-single_subscriber_publisher[0m
[18.209s] [ 90%] Built target republish
[18.338s] [ 90%] Built target image_transport-single_subscriber_publisher
[18.344s] [ 90%] Built target image_transport-subscriber
[18.387s] [ 93%] [32m[1mLinking CXX executable image_transport-publisher[0m
[18.621s] [ 93%] Built target image_transport-publisher
[18.633s] [ 96%] [32m[1mLinking CXX executable image_transport-message_passing[0m
[18.848s] [ 96%] Built target image_transport-message_passing
[19.781s] [100%] [32m[1mLinking CXX shared library libimage_transport_plugins.so[0m
[20.057s] [100%] Built target image_transport_plugins
[20.066s] Invoked command in '/home/shengbin/camera_ws/build/image_transport' returned '0': CMAKE_PREFIX_PATH=${CMAKE_PREFIX_PATH}:/home/shengbin/camera_ws/install/opencv_tests:/home/shengbin/camera_ws/install/camera_calibration:/home/shengbin/camera_ws/install/camera:/opt/ros/humble /usr/bin/cmake --build /home/shengbin/camera_ws/build/image_transport -- -j16 -l16
[20.166s] Invoking command in '/home/shengbin/camera_ws/build/image_transport': CMAKE_PREFIX_PATH=${CMAKE_PREFIX_PATH}:/home/shengbin/camera_ws/install/opencv_tests:/home/shengbin/camera_ws/install/camera_calibration:/home/shengbin/camera_ws/install/camera:/opt/ros/humble /usr/bin/cmake --install /home/shengbin/camera_ws/build/image_transport
[20.175s] -- Install configuration: ""
[20.175s] -- Installing: /home/shengbin/camera_ws/install/image_transport/share/image_transport/default_plugins.xml
[20.175s] -- Installing: /home/shengbin/camera_ws/install/image_transport/lib/libimage_transport.so
[20.185s] -- Set runtime path of "/home/shengbin/camera_ws/install/image_transport/lib/libimage_transport.so" to ""
[20.186s] -- Installing: /home/shengbin/camera_ws/install/image_transport/lib/libimage_transport_plugins.so
[20.190s] -- Set runtime path of "/home/shengbin/camera_ws/install/image_transport/lib/libimage_transport_plugins.so" to ""
[20.191s] -- Up-to-date: /home/shengbin/camera_ws/install/image_transport/lib/libimage_transport.so
[20.191s] -- Installing: /home/shengbin/camera_ws/install/image_transport/lib/image_transport/list_transports
[20.192s] -- Set runtime path of "/home/shengbin/camera_ws/install/image_transport/lib/image_transport/list_transports" to ""
[20.192s] -- Installing: /home/shengbin/camera_ws/install/image_transport/lib/image_transport/republish
[20.193s] -- Set runtime path of "/home/shengbin/camera_ws/install/image_transport/lib/image_transport/republish" to ""
[20.193s] -- Installing: /home/shengbin/camera_ws/install/image_transport/include/image_transport
[20.193s] -- Installing: /home/shengbin/camera_ws/install/image_transport/include/image_transport/image_transport
[20.194s] -- Installing: /home/shengbin/camera_ws/install/image_transport/include/image_transport/image_transport/subscriber.hpp
[20.194s] -- Installing: /home/shengbin/camera_ws/install/image_transport/include/image_transport/image_transport/transport_hints.hpp
[20.194s] -- Installing: /home/shengbin/camera_ws/install/image_transport/include/image_transport/image_transport/loader_fwds.h
[20.194s] -- Installing: /home/shengbin/camera_ws/install/image_transport/include/image_transport/image_transport/publisher.h
[20.194s] -- Installing: /home/shengbin/camera_ws/install/image_transport/include/image_transport/image_transport/subscriber_filter.h
[20.194s] -- Installing: /home/shengbin/camera_ws/install/image_transport/include/image_transport/image_transport/camera_subscriber.hpp
[20.194s] -- Installing: /home/shengbin/camera_ws/install/image_transport/include/image_transport/image_transport/transport_hints.h
[20.194s] -- Installing: /home/shengbin/camera_ws/install/image_transport/include/image_transport/image_transport/visibility_control.hpp
[20.194s] -- Installing: /home/shengbin/camera_ws/install/image_transport/include/image_transport/image_transport/publisher.hpp
[20.195s] -- Installing: /home/shengbin/camera_ws/install/image_transport/include/image_transport/image_transport/camera_common.h
[20.195s] -- Installing: /home/shengbin/camera_ws/install/image_transport/include/image_transport/image_transport/simple_publisher_plugin.hpp
[20.195s] -- Installing: /home/shengbin/camera_ws/install/image_transport/include/image_transport/image_transport/subscriber_plugin.h
[20.195s] -- Installing: /home/shengbin/camera_ws/install/image_transport/include/image_transport/image_transport/raw_subscriber.h
[20.195s] -- Installing: /home/shengbin/camera_ws/install/image_transport/include/image_transport/image_transport/camera_publisher.h
[20.195s] -- Installing: /home/shengbin/camera_ws/install/image_transport/include/image_transport/image_transport/image_transport.hpp
[20.195s] -- Installing: /home/shengbin/camera_ws/install/image_transport/include/image_transport/image_transport/camera_subscriber.h
[20.195s] -- Installing: /home/shengbin/camera_ws/install/image_transport/include/image_transport/image_transport/camera_common.hpp
[20.195s] -- Installing: /home/shengbin/camera_ws/install/image_transport/include/image_transport/image_transport/simple_publisher_plugin.h
[20.195s] -- Installing: /home/shengbin/camera_ws/install/image_transport/include/image_transport/image_transport/loader_fwds.hpp
[20.195s] -- Installing: /home/shengbin/camera_ws/install/image_transport/include/image_transport/image_transport/subscriber_filter.hpp
[20.195s] -- Installing: /home/shengbin/camera_ws/install/image_transport/include/image_transport/image_transport/simple_subscriber_plugin.hpp
[20.196s] -- Installing: /home/shengbin/camera_ws/install/image_transport/include/image_transport/image_transport/image_transport.h
[20.196s] -- Installing: /home/shengbin/camera_ws/install/image_transport/include/image_transport/image_transport/raw_subscriber.hpp
[20.196s] -- Installing: /home/shengbin/camera_ws/install/image_transport/include/image_transport/image_transport/exception.h
[20.196s] -- Installing: /home/shengbin/camera_ws/install/image_transport/include/image_transport/image_transport/publisher_plugin.h
[20.196s] -- Installing: /home/shengbin/camera_ws/install/image_transport/include/image_transport/image_transport/single_subscriber_publisher.h
[20.196s] -- Installing: /home/shengbin/camera_ws/install/image_transport/include/image_transport/image_transport/simple_subscriber_plugin.h
[20.196s] -- Installing: /home/shengbin/camera_ws/install/image_transport/include/image_transport/image_transport/raw_publisher.h
[20.196s] -- Installing: /home/shengbin/camera_ws/install/image_transport/include/image_transport/image_transport/subscriber_plugin.hpp
[20.196s] -- Installing: /home/shengbin/camera_ws/install/image_transport/include/image_transport/image_transport/camera_publisher.hpp
[20.196s] -- Installing: /home/shengbin/camera_ws/install/image_transport/include/image_transport/image_transport/subscriber.h
[20.196s] -- Installing: /home/shengbin/camera_ws/install/image_transport/include/image_transport/image_transport/raw_publisher.hpp
[20.196s] -- Installing: /home/shengbin/camera_ws/install/image_transport/include/image_transport/image_transport/single_subscriber_publisher.hpp
[20.196s] -- Installing: /home/shengbin/camera_ws/install/image_transport/include/image_transport/image_transport/publisher_plugin.hpp
[20.196s] -- Installing: /home/shengbin/camera_ws/install/image_transport/include/image_transport/image_transport/exception.hpp
[20.197s] -- Installing: /home/shengbin/camera_ws/install/image_transport/share/ament_index/resource_index/package_run_dependencies/image_transport
[20.197s] -- Installing: /home/shengbin/camera_ws/install/image_transport/share/ament_index/resource_index/parent_prefix_path/image_transport
[20.197s] -- Installing: /home/shengbin/camera_ws/install/image_transport/share/image_transport/environment/ament_prefix_path.sh
[20.197s] -- Installing: /home/shengbin/camera_ws/install/image_transport/share/image_transport/environment/ament_prefix_path.dsv
[20.197s] -- Installing: /home/shengbin/camera_ws/install/image_transport/share/image_transport/environment/path.sh
[20.197s] -- Installing: /home/shengbin/camera_ws/install/image_transport/share/image_transport/environment/path.dsv
[20.197s] -- Installing: /home/shengbin/camera_ws/install/image_transport/share/image_transport/local_setup.bash
[20.197s] -- Installing: /home/shengbin/camera_ws/install/image_transport/share/image_transport/local_setup.sh
[20.197s] -- Installing: /home/shengbin/camera_ws/install/image_transport/share/image_transport/local_setup.zsh
[20.197s] -- Installing: /home/shengbin/camera_ws/install/image_transport/share/image_transport/local_setup.dsv
[20.197s] -- Installing: /home/shengbin/camera_ws/install/image_transport/share/image_transport/package.dsv
[20.197s] -- Installing: /home/shengbin/camera_ws/install/image_transport/share/ament_index/resource_index/packages/image_transport
[20.197s] -- Installing: /home/shengbin/camera_ws/install/image_transport/share/ament_index/resource_index/image_transport__pluginlib__plugin/image_transport
[20.197s] -- Installing: /home/shengbin/camera_ws/install/image_transport/share/image_transport/cmake/export_image_transportExport.cmake
[20.197s] -- Installing: /home/shengbin/camera_ws/install/image_transport/share/image_transport/cmake/export_image_transportExport-noconfig.cmake
[20.197s] -- Installing: /home/shengbin/camera_ws/install/image_transport/share/image_transport/cmake/ament_cmake_export_targets-extras.cmake
[20.197s] -- Installing: /home/shengbin/camera_ws/install/image_transport/share/image_transport/cmake/ament_cmake_export_dependencies-extras.cmake
[20.197s] -- Installing: /home/shengbin/camera_ws/install/image_transport/share/image_transport/cmake/image_transportConfig.cmake
[20.197s] -- Installing: /home/shengbin/camera_ws/install/image_transport/share/image_transport/cmake/image_transportConfig-version.cmake
[20.197s] -- Installing: /home/shengbin/camera_ws/install/image_transport/share/image_transport/package.xml
[20.198s] Invoked command in '/home/shengbin/camera_ws/build/image_transport' returned '0': CMAKE_PREFIX_PATH=${CMAKE_PREFIX_PATH}:/home/shengbin/camera_ws/install/opencv_tests:/home/shengbin/camera_ws/install/camera_calibration:/home/shengbin/camera_ws/install/camera:/opt/ros/humble /usr/bin/cmake --install /home/shengbin/camera_ws/build/image_transport
