[0.265s] Invoking command in '/home/shengbin/camera_ws/build/image_view': CMAKE_PREFIX_PATH=/home/shengbin/camera_ws/install/image_transport:/home/shengbin/camera_ws/install/cv_bridge:/home/shengbin/camera_ws/install/camera_calibration_parsers:/home/shengbin/camera_ws/install/ros2_shared:/home/shengbin/camera_ws/install/image_geometry:/home/shengbin/camera_ws/install/camera_info_manager LD_LIBRARY_PATH=/home/shengbin/camera_ws/install/image_transport/lib:/home/shengbin/camera_ws/install/cv_bridge/lib:/home/shengbin/camera_ws/install/camera_calibration_parsers/lib:/home/shengbin/camera_ws/install/image_geometry/lib:/home/shengbin/camera_ws/install/camera_info_manager/lib:/opt/ros/humble/opt/rviz_ogre_vendor/lib:/opt/ros/humble/lib/x86_64-linux-gnu:/opt/ros/humble/lib /usr/bin/cmake /home/shengbin/camera_ws/src/image_pipeline/image_view -DCATKIN_INSTALL_INTO_PREFIX_ROOT=0 -DCMAKE_INSTALL_PREFIX=/home/shengbin/camera_ws/install/image_view
[0.328s] [31mCMake Error at CMakeLists.txt:4 (find_package):
[0.328s]   By not providing "Findcatkin.cmake" in CMAKE_MODULE_PATH this project has
[0.329s]   asked CMake to find a package configuration file provided by "catkin", but
[0.329s]   CMake did not find one.
[0.329s] 
[0.330s]   Could not find a package configuration file provided by "catkin" with any
[0.331s]   of the following names:
[0.331s] 
[0.332s]     catkinConfig.cmake
[0.332s]     catkin-config.cmake
[0.332s] 
[0.332s]   Add the installation prefix of "catkin" to CMAKE_PREFIX_PATH or set
[0.333s]   "catkin_DIR" to a directory containing one of the above files.  If "catkin"
[0.334s]   provides a separate development package or SDK, be sure it has been
[0.335s]   installed.
[0.335s] 
[0.336s] [0m
[0.336s] -- Configuring incomplete, errors occurred!
[0.337s] See also "/home/shengbin/camera_ws/build/image_view/CMakeFiles/CMakeOutput.log".
