[0.241s] Invoking command in '/home/shengbin/camera_ws/build/theora_image_transport': AMENT_PREFIX_PATH=/home/shengbin/camera_ws/install/image_transport:/home/shengbin/camera_ws/install/cv_bridge:${AMENT_PREFIX_PATH} CMAKE_PREFIX_PATH=/home/shengbin/camera_ws/install/image_transport:/home/shengbin/camera_ws/install/cv_bridge:/opt/ros/humble LD_LIBRARY_PATH=/home/shengbin/camera_ws/install/image_transport/lib:/home/shengbin/camera_ws/install/cv_bridge/lib:${LD_LIBRARY_PATH} PYTHONPATH=/home/shengbin/camera_ws/install/cv_bridge/local/lib/python3.10/dist-packages:${PYTHONPATH} /usr/bin/cmake --build /home/shengbin/camera_ws/build/theora_image_transport -- -j16 -l16
[0.796s] [  2%] [34m[1mGenerating C code for ROS interfaces[0m
[0.796s] [  5%] [34m[1mGenerating C++ code for ROS interfaces[0m
[0.796s] [  5%] Built target ament_cmake_python_copy_theora_image_transport
[0.796s] [  5%] Built target theora_image_transport__cpp
[0.796s] [  8%] [34m[1mGenerating C++ type support for eProsima Fast-RTPS[0m
[0.797s] [ 13%] [34m[1mGenerating C++ type support dispatch for ROS interfaces[0m
[0.797s] [ 13%] [34m[1mGenerating C++ introspection for ROS interfaces[0m
[0.797s] running egg_info
[0.797s] creating theora_image_transport.egg-info
[0.797s] writing theora_image_transport.egg-info/PKG-INFO
[0.797s] writing dependency_links to theora_image_transport.egg-info/dependency_links.txt
[0.797s] writing top-level names to theora_image_transport.egg-info/top_level.txt
[0.797s] writing manifest file 'theora_image_transport.egg-info/SOURCES.txt'
[0.797s] reading manifest file 'theora_image_transport.egg-info/SOURCES.txt'
[0.797s] writing manifest file 'theora_image_transport.egg-info/SOURCES.txt'
[0.797s] [ 16%] [32mBuilding C object CMakeFiles/theora_image_transport__rosidl_generator_c.dir/rosidl_generator_c/theora_image_transport/msg/detail/packet__functions.c.o[0m
[0.797s] [ 16%] Built target ament_cmake_python_build_theora_image_transport_egg
[0.895s] [ 18%] [32m[1mLinking C shared library libtheora_image_transport__rosidl_generator_c.so[0m
[0.944s] [ 18%] Built target theora_image_transport__rosidl_generator_c
[0.958s] [ 24%] [34m[1mGenerating C type support for eProsima Fast-RTPS[0m
[0.959s] [ 24%] [34m[1mGenerating C type support dispatch for ROS interfaces[0m
[0.959s] [ 27%] [34m[1mGenerating C introspection for ROS interfaces[0m
[1.198s] [ 29%] [32mBuilding CXX object CMakeFiles/theora_image_transport__rosidl_typesupport_cpp.dir/rosidl_typesupport_cpp/theora_image_transport/msg/packet__type_support.cpp.o[0m
[1.223s] [ 32%] [32mBuilding CXX object CMakeFiles/theora_image_transport__rosidl_typesupport_introspection_cpp.dir/rosidl_typesupport_introspection_cpp/theora_image_transport/msg/detail/packet__type_support.cpp.o[0m
[1.245s] [ 35%] [32mBuilding CXX object CMakeFiles/theora_image_transport__rosidl_typesupport_fastrtps_cpp.dir/rosidl_typesupport_fastrtps_cpp/theora_image_transport/msg/detail/dds_fastrtps/packet__type_support.cpp.o[0m
[1.451s] [ 37%] [32mBuilding CXX object CMakeFiles/theora_image_transport__rosidl_typesupport_c.dir/rosidl_typesupport_c/theora_image_transport/msg/packet__type_support.cpp.o[0m
[1.473s] [ 40%] [32mBuilding C object CMakeFiles/theora_image_transport__rosidl_typesupport_introspection_c.dir/rosidl_typesupport_introspection_c/theora_image_transport/msg/detail/packet__type_support.c.o[0m
[1.487s] [ 43%] [32mBuilding CXX object CMakeFiles/theora_image_transport__rosidl_typesupport_fastrtps_c.dir/rosidl_typesupport_fastrtps_c/theora_image_transport/msg/detail/packet__type_support_c.cpp.o[0m
[1.493s] [ 45%] [32m[1mLinking CXX shared library libtheora_image_transport__rosidl_typesupport_c.so[0m
[1.527s] [ 48%] [32m[1mLinking C shared library libtheora_image_transport__rosidl_typesupport_introspection_c.so[0m
[1.557s] [ 48%] Built target theora_image_transport__rosidl_typesupport_c
[1.568s] [ 51%] [32m[1mLinking CXX shared library libtheora_image_transport__rosidl_typesupport_cpp.so[0m
[1.572s] [ 51%] Built target theora_image_transport__rosidl_typesupport_introspection_c
[1.627s] [ 51%] Built target theora_image_transport__rosidl_typesupport_cpp
[1.655s] [ 54%] [32mBuilding CXX object CMakeFiles/ogg_saver.dir/src/ogg_saver.cpp.o[0m
[1.655s] [ 56%] [32mBuilding CXX object CMakeFiles/theora_image_transport_component.dir/src/manifest.cpp.o[0m
[1.655s] [ 62%] [32mBuilding CXX object CMakeFiles/theora_image_transport_component.dir/src/theora_subscriber.cpp.o[0m
[1.655s] [ 62%] [32mBuilding CXX object CMakeFiles/theora_image_transport_component.dir/src/theora_publisher.cpp.o[0m
[1.865s] [ 64%] [32m[1mLinking CXX shared library libtheora_image_transport__rosidl_typesupport_introspection_cpp.so[0m
[1.949s] [ 67%] [32m[1mLinking CXX shared library libtheora_image_transport__rosidl_typesupport_fastrtps_cpp.so[0m
[1.975s] [ 67%] Built target theora_image_transport__rosidl_typesupport_introspection_cpp
[2.045s] [ 70%] [32m[1mLinking CXX shared library libtheora_image_transport__rosidl_typesupport_fastrtps_c.so[0m
[2.070s] [ 70%] Built target theora_image_transport__rosidl_typesupport_fastrtps_cpp
[2.171s] [ 70%] Built target theora_image_transport__rosidl_typesupport_fastrtps_c
[2.199s] [ 70%] Built target theora_image_transport
[2.227s] [ 72%] [34m[1mGenerating Python code for ROS interfaces[0m
[2.904s] [ 72%] Built target theora_image_transport__py
[2.922s] [ 75%] [32mBuilding C object CMakeFiles/theora_image_transport__rosidl_generator_py.dir/rosidl_generator_py/theora_image_transport/msg/_packet_s.c.o[0m
[3.010s] [ 78%] [32m[1mLinking C shared library rosidl_generator_py/theora_image_transport/libtheora_image_transport__rosidl_generator_py.so[0m
[3.046s] [ 78%] Built target theora_image_transport__rosidl_generator_py
[3.069s] [ 83%] [32mBuilding C object CMakeFiles/theora_image_transport__rosidl_typesupport_introspection_c__pyext.dir/rosidl_generator_py/theora_image_transport/_theora_image_transport_s.ep.rosidl_typesupport_introspection_c.c.o[0m
[3.070s] [ 83%] [32mBuilding C object CMakeFiles/theora_image_transport__rosidl_typesupport_c__pyext.dir/rosidl_generator_py/theora_image_transport/_theora_image_transport_s.ep.rosidl_typesupport_c.c.o[0m
[3.070s] [ 86%] [32mBuilding C object CMakeFiles/theora_image_transport__rosidl_typesupport_fastrtps_c__pyext.dir/rosidl_generator_py/theora_image_transport/_theora_image_transport_s.ep.rosidl_typesupport_fastrtps_c.c.o[0m
[3.209s] [ 89%] [32m[1mLinking C shared library rosidl_generator_py/theora_image_transport/theora_image_transport_s__rosidl_typesupport_c.cpython-310-x86_64-linux-gnu.so[0m
[3.211s] [ 91%] [32m[1mLinking C shared library rosidl_generator_py/theora_image_transport/theora_image_transport_s__rosidl_typesupport_fastrtps_c.cpython-310-x86_64-linux-gnu.so[0m
[3.212s] [ 94%] [32m[1mLinking C shared library rosidl_generator_py/theora_image_transport/theora_image_transport_s__rosidl_typesupport_introspection_c.cpython-310-x86_64-linux-gnu.so[0m
[3.260s] [ 94%] Built target theora_image_transport__rosidl_typesupport_fastrtps_c__pyext
[3.266s] [ 94%] Built target theora_image_transport__rosidl_typesupport_c__pyext
[3.267s] [ 94%] Built target theora_image_transport__rosidl_typesupport_introspection_c__pyext
[6.058s] gmake[2]: *** [CMakeFiles/ogg_saver.dir/build.make:76: CMakeFiles/ogg_saver.dir/src/ogg_saver.cpp.o] Interrupt
[6.058s] gmake[2]: *** [CMakeFiles/theora_image_transport_component.dir/build.make:76: CMakeFiles/theora_image_transport_component.dir/src/theora_publisher.cpp.o] Interrupt
[6.058s] gmake[2]: *** [CMakeFiles/theora_image_transport_component.dir/build.make:90: CMakeFiles/theora_image_transport_component.dir/src/theora_subscriber.cpp.o] Interrupt
[6.058s] gmake[1]: *** [CMakeFiles/Makefile2:622: CMakeFiles/ogg_saver.dir/all] Interrupt
[6.058s] gmake[1]: *** [CMakeFiles/Makefile2:595: CMakeFiles/theora_image_transport_component.dir/all] Interrupt
[6.058s] gmake: *** [Makefile:146: all] Interrupt
