[0.418s] Invoking command in '/home/shengbin/camera_ws/build/image_proc': CMAKE_PREFIX_PATH=/home/shengbin/camera_ws/install/tracetools_image_pipeline:/home/shengbin/camera_ws/install/image_transport:/home/shengbin/camera_ws/install/image_geometry:/home/shengbin/camera_ws/install/cv_bridge:/home/shengbin/camera_ws/install/vision_opencv:/home/shengbin/camera_ws/install/v4l2_camera:/home/shengbin/camera_ws/install/image_pipeline:/home/shengbin/camera_ws/install/stereo_image_proc:/home/shengbin/camera_ws/install/image_proc:/home/shengbin/camera_ws/install/image_transport_plugins:/home/shengbin/camera_ws/install/theora_image_transport:/home/shengbin/camera_ws/install/ros2_shared:/home/shengbin/camera_ws/install/image_view:/home/shengbin/camera_ws/install/image_rotate:/home/shengbin/camera_ws/install/image_publisher:/home/shengbin/camera_ws/install/image_common:/home/shengbin/camera_ws/install/depth_image_proc:/home/shengbin/camera_ws/install/compressed_image_transport:/home/shengbin/camera_ws/install/compressed_depth_image_transport:/home/shengbin/camera_ws/install/camera_info_manager:/home/shengbin/camera_ws/install/camera_cpp_py_pkg:/home/shengbin/camera_ws/install/camera_calibration_parsers:/home/shengbin/camera_ws/install/opencv_tests:/home/shengbin/camera_ws/install/camera_calibration:/home/shengbin/camera_ws/install/camera:/opt/ros/humble LD_LIBRARY_PATH=/home/shengbin/camera_ws/install/tracetools_image_pipeline/lib:/home/shengbin/camera_ws/install/image_transport/lib:/home/shengbin/camera_ws/install/image_geometry/lib:/home/shengbin/camera_ws/install/cv_bridge/lib:/home/shengbin/camera_ws/install/v4l2_camera/lib:/home/shengbin/camera_ws/install/stereo_image_proc/lib:/home/shengbin/camera_ws/install/image_proc/lib:/home/shengbin/camera_ws/install/theora_image_transport/lib:/home/shengbin/camera_ws/install/image_view/lib:/home/shengbin/camera_ws/install/image_rotate/lib:/home/shengbin/camera_ws/install/image_publisher/lib:/home/shengbin/camera_ws/install/depth_image_proc/lib:/home/shengbin/camera_ws/install/compressed_image_transport/lib:/home/shengbin/camera_ws/install/compressed_depth_image_transport/lib:/home/shengbin/camera_ws/install/camera_info_manager/lib:/home/shengbin/camera_ws/install/camera_calibration_parsers/lib:/opt/ros/humble/opt/rviz_ogre_vendor/lib:/opt/ros/humble/lib/x86_64-linux-gnu:/opt/ros/humble/lib /usr/bin/cmake /home/shengbin/camera_ws/src/image_pipeline/image_proc -DCMAKE_INSTALL_PREFIX=/home/shengbin/camera_ws/install/image_proc
[0.475s] -- The C compiler identification is GNU 11.4.0
[0.540s] -- The CXX compiler identification is GNU 11.4.0
[0.551s] -- Detecting C compiler ABI info
[0.637s] -- Detecting C compiler ABI info - done
[0.650s] -- Check for working C compiler: /usr/bin/cc - skipped
[0.650s] -- Detecting C compile features
[0.651s] -- Detecting C compile features - done
[0.656s] -- Detecting CXX compiler ABI info
[0.744s] -- Detecting CXX compiler ABI info - done
[0.755s] -- Check for working CXX compiler: /usr/bin/c++ - skipped
[0.755s] -- Detecting CXX compile features
[0.755s] -- Detecting CXX compile features - done
[0.758s] -- Found ament_cmake_auto: 1.3.5 (/opt/ros/humble/share/ament_cmake_auto/cmake)
[1.015s] -- Found Python3: /usr/bin/python3.10 (found version "3.10.12") found components: Interpreter 
[1.343s] -- Found rosidl_generator_c: 3.1.5 (/opt/ros/humble/share/rosidl_generator_c/cmake)
[1.349s] -- Found rosidl_adapter: 3.1.5 (/opt/ros/humble/share/rosidl_adapter/cmake)
[1.358s] -- Found rosidl_generator_cpp: 3.1.5 (/opt/ros/humble/share/rosidl_generator_cpp/cmake)
[1.373s] -- Using all available rosidl_typesupport_c: rosidl_typesupport_fastrtps_c;rosidl_typesupport_introspection_c
[1.394s] -- Using all available rosidl_typesupport_cpp: rosidl_typesupport_fastrtps_cpp;rosidl_typesupport_introspection_cpp
[1.703s] -- Found rmw_implementation_cmake: 6.1.1 (/opt/ros/humble/share/rmw_implementation_cmake/cmake)
[1.706s] -- Found rmw_cyclonedds_cpp: 1.3.4 (/opt/ros/humble/share/rmw_cyclonedds_cpp/cmake)
[1.743s] -- Using RMW implementation 'rmw_cyclonedds_cpp' as default
[1.753s] -- Looking for pthread.h
[1.821s] -- Looking for pthread.h - found
[1.821s] -- Performing Test CMAKE_HAVE_LIBC_PTHREAD
[1.895s] -- Performing Test CMAKE_HAVE_LIBC_PTHREAD - Success
[1.896s] -- Found Threads: TRUE  
[2.154s] -- Found OpenCV: /usr (found version "4.5.4") 
[2.188s] -- Found ament_lint_auto: 0.12.8 (/opt/ros/humble/share/ament_lint_auto/cmake)
[2.212s] -- Added test 'copyright' to check source files copyright and LICENSE
[2.214s] -- Added test 'cppcheck' to perform static code analysis on C / C++ code
[2.214s] -- Configured cppcheck include dirs: /home/shengbin/camera_ws/src/image_pipeline/image_proc/include
[2.214s] -- Configured cppcheck exclude dirs and/or files: 
[2.216s] -- Added test 'cpplint' to check C / C++ code against the Google style
[2.216s] -- Configured cpplint exclude dirs and/or files: 
[2.216s] -- Added test 'flake8' to check Python code syntax and style conventions
[2.217s] -- Added test 'lint_cmake' to check CMake code style
[2.218s] -- Added test 'pep257' to check Python code against some of the docstring style conventions in PEP 257
[2.220s] -- Added test 'uncrustify' to check C / C++ code style
[2.220s] -- Configured uncrustify additional arguments: 
[2.220s] -- Added test 'xmllint' to check XML markup files
[2.223s] -- Configuring done
[2.295s] -- Generating done
[2.299s] -- Build files have been written to: /home/shengbin/camera_ws/build/image_proc
[2.318s] Invoked command in '/home/shengbin/camera_ws/build/image_proc' returned '0': CMAKE_PREFIX_PATH=/home/shengbin/camera_ws/install/tracetools_image_pipeline:/home/shengbin/camera_ws/install/image_transport:/home/shengbin/camera_ws/install/image_geometry:/home/shengbin/camera_ws/install/cv_bridge:/home/shengbin/camera_ws/install/vision_opencv:/home/shengbin/camera_ws/install/v4l2_camera:/home/shengbin/camera_ws/install/image_pipeline:/home/shengbin/camera_ws/install/stereo_image_proc:/home/shengbin/camera_ws/install/image_proc:/home/shengbin/camera_ws/install/image_transport_plugins:/home/shengbin/camera_ws/install/theora_image_transport:/home/shengbin/camera_ws/install/ros2_shared:/home/shengbin/camera_ws/install/image_view:/home/shengbin/camera_ws/install/image_rotate:/home/shengbin/camera_ws/install/image_publisher:/home/shengbin/camera_ws/install/image_common:/home/shengbin/camera_ws/install/depth_image_proc:/home/shengbin/camera_ws/install/compressed_image_transport:/home/shengbin/camera_ws/install/compressed_depth_image_transport:/home/shengbin/camera_ws/install/camera_info_manager:/home/shengbin/camera_ws/install/camera_cpp_py_pkg:/home/shengbin/camera_ws/install/camera_calibration_parsers:/home/shengbin/camera_ws/install/opencv_tests:/home/shengbin/camera_ws/install/camera_calibration:/home/shengbin/camera_ws/install/camera:/opt/ros/humble LD_LIBRARY_PATH=/home/shengbin/camera_ws/install/tracetools_image_pipeline/lib:/home/shengbin/camera_ws/install/image_transport/lib:/home/shengbin/camera_ws/install/image_geometry/lib:/home/shengbin/camera_ws/install/cv_bridge/lib:/home/shengbin/camera_ws/install/v4l2_camera/lib:/home/shengbin/camera_ws/install/stereo_image_proc/lib:/home/shengbin/camera_ws/install/image_proc/lib:/home/shengbin/camera_ws/install/theora_image_transport/lib:/home/shengbin/camera_ws/install/image_view/lib:/home/shengbin/camera_ws/install/image_rotate/lib:/home/shengbin/camera_ws/install/image_publisher/lib:/home/shengbin/camera_ws/install/depth_image_proc/lib:/home/shengbin/camera_ws/install/compressed_image_transport/lib:/home/shengbin/camera_ws/install/compressed_depth_image_transport/lib:/home/shengbin/camera_ws/install/camera_info_manager/lib:/home/shengbin/camera_ws/install/camera_calibration_parsers/lib:/opt/ros/humble/opt/rviz_ogre_vendor/lib:/opt/ros/humble/lib/x86_64-linux-gnu:/opt/ros/humble/lib /usr/bin/cmake /home/shengbin/camera_ws/src/image_pipeline/image_proc -DCMAKE_INSTALL_PREFIX=/home/shengbin/camera_ws/install/image_proc
[2.321s] Invoking command in '/home/shengbin/camera_ws/build/image_proc': CMAKE_PREFIX_PATH=/home/shengbin/camera_ws/install/tracetools_image_pipeline:/home/shengbin/camera_ws/install/image_transport:/home/shengbin/camera_ws/install/image_geometry:/home/shengbin/camera_ws/install/cv_bridge:/home/shengbin/camera_ws/install/vision_opencv:/home/shengbin/camera_ws/install/v4l2_camera:/home/shengbin/camera_ws/install/image_pipeline:/home/shengbin/camera_ws/install/stereo_image_proc:/home/shengbin/camera_ws/install/image_proc:/home/shengbin/camera_ws/install/image_transport_plugins:/home/shengbin/camera_ws/install/theora_image_transport:/home/shengbin/camera_ws/install/ros2_shared:/home/shengbin/camera_ws/install/image_view:/home/shengbin/camera_ws/install/image_rotate:/home/shengbin/camera_ws/install/image_publisher:/home/shengbin/camera_ws/install/image_common:/home/shengbin/camera_ws/install/depth_image_proc:/home/shengbin/camera_ws/install/compressed_image_transport:/home/shengbin/camera_ws/install/compressed_depth_image_transport:/home/shengbin/camera_ws/install/camera_info_manager:/home/shengbin/camera_ws/install/camera_cpp_py_pkg:/home/shengbin/camera_ws/install/camera_calibration_parsers:/home/shengbin/camera_ws/install/opencv_tests:/home/shengbin/camera_ws/install/camera_calibration:/home/shengbin/camera_ws/install/camera:/opt/ros/humble LD_LIBRARY_PATH=/home/shengbin/camera_ws/install/tracetools_image_pipeline/lib:/home/shengbin/camera_ws/install/image_transport/lib:/home/shengbin/camera_ws/install/image_geometry/lib:/home/shengbin/camera_ws/install/cv_bridge/lib:/home/shengbin/camera_ws/install/v4l2_camera/lib:/home/shengbin/camera_ws/install/stereo_image_proc/lib:/home/shengbin/camera_ws/install/image_proc/lib:/home/shengbin/camera_ws/install/theora_image_transport/lib:/home/shengbin/camera_ws/install/image_view/lib:/home/shengbin/camera_ws/install/image_rotate/lib:/home/shengbin/camera_ws/install/image_publisher/lib:/home/shengbin/camera_ws/install/depth_image_proc/lib:/home/shengbin/camera_ws/install/compressed_image_transport/lib:/home/shengbin/camera_ws/install/compressed_depth_image_transport/lib:/home/shengbin/camera_ws/install/camera_info_manager/lib:/home/shengbin/camera_ws/install/camera_calibration_parsers/lib:/opt/ros/humble/opt/rviz_ogre_vendor/lib:/opt/ros/humble/lib/x86_64-linux-gnu:/opt/ros/humble/lib /usr/bin/cmake --build /home/shengbin/camera_ws/build/image_proc -- -j16 -l16
[2.403s] [  6%] [32mBuilding CXX object CMakeFiles/image_proc.dir/src/image_proc/processor.cpp.o[0m
[5.628s] [ 13%] [32m[1mLinking CXX shared library libimage_proc.so[0m
[6.230s] [ 13%] Built target image_proc
[6.364s] [ 20%] [32mBuilding CXX object CMakeFiles/rectify.dir/src/rectify.cpp.o[0m
[23.650s] [ 26%] [32m[1mLinking CXX shared library librectify.so[0m
[25.097s] [ 26%] Built target rectify
[25.502s] [ 33%] [32mBuilding CXX object CMakeFiles/debayer.dir/src/debayer.cpp.o[0m
[25.545s] [ 40%] [32mBuilding CXX object CMakeFiles/debayer.dir/src/edge_aware.cpp.o[0m
[41.147s] [ 46%] [32m[1mLinking CXX shared library libdebayer.so[0m
[41.551s] [ 46%] Built target debayer
[41.579s] [ 53%] [32mBuilding CXX object CMakeFiles/resize.dir/src/resize.cpp.o[0m
[53.152s] [ 60%] [32m[1mLinking CXX shared library libresize.so[0m
[53.531s] [ 60%] Built target resize
[53.556s] [ 66%] [32mBuilding CXX object CMakeFiles/crop_decimate.dir/src/crop_decimate.cpp.o[0m
[56.350s] [ 73%] [32m[1mLinking CXX shared library libcrop_decimate.so[0m
[56.569s] [ 73%] Built target crop_decimate
[56.590s] [ 80%] [32mBuilding CXX object CMakeFiles/crop_non_zero.dir/src/crop_non_zero.cpp.o[0m
[59.000s] [ 86%] [32m[1mLinking CXX shared library libcrop_non_zero.so[0m
[59.211s] [ 86%] Built target crop_non_zero
[59.235s] [ 93%] [32mBuilding CXX object CMakeFiles/image_proc_exe.dir/src/image_proc.cpp.o[0m
[61.307s] [100%] [32m[1mLinking CXX executable image_proc[0m
[61.606s] [100%] Built target image_proc_exe
[61.618s] Invoked command in '/home/shengbin/camera_ws/build/image_proc' returned '0': CMAKE_PREFIX_PATH=/home/shengbin/camera_ws/install/tracetools_image_pipeline:/home/shengbin/camera_ws/install/image_transport:/home/shengbin/camera_ws/install/image_geometry:/home/shengbin/camera_ws/install/cv_bridge:/home/shengbin/camera_ws/install/vision_opencv:/home/shengbin/camera_ws/install/v4l2_camera:/home/shengbin/camera_ws/install/image_pipeline:/home/shengbin/camera_ws/install/stereo_image_proc:/home/shengbin/camera_ws/install/image_proc:/home/shengbin/camera_ws/install/image_transport_plugins:/home/shengbin/camera_ws/install/theora_image_transport:/home/shengbin/camera_ws/install/ros2_shared:/home/shengbin/camera_ws/install/image_view:/home/shengbin/camera_ws/install/image_rotate:/home/shengbin/camera_ws/install/image_publisher:/home/shengbin/camera_ws/install/image_common:/home/shengbin/camera_ws/install/depth_image_proc:/home/shengbin/camera_ws/install/compressed_image_transport:/home/shengbin/camera_ws/install/compressed_depth_image_transport:/home/shengbin/camera_ws/install/camera_info_manager:/home/shengbin/camera_ws/install/camera_cpp_py_pkg:/home/shengbin/camera_ws/install/camera_calibration_parsers:/home/shengbin/camera_ws/install/opencv_tests:/home/shengbin/camera_ws/install/camera_calibration:/home/shengbin/camera_ws/install/camera:/opt/ros/humble LD_LIBRARY_PATH=/home/shengbin/camera_ws/install/tracetools_image_pipeline/lib:/home/shengbin/camera_ws/install/image_transport/lib:/home/shengbin/camera_ws/install/image_geometry/lib:/home/shengbin/camera_ws/install/cv_bridge/lib:/home/shengbin/camera_ws/install/v4l2_camera/lib:/home/shengbin/camera_ws/install/stereo_image_proc/lib:/home/shengbin/camera_ws/install/image_proc/lib:/home/shengbin/camera_ws/install/theora_image_transport/lib:/home/shengbin/camera_ws/install/image_view/lib:/home/shengbin/camera_ws/install/image_rotate/lib:/home/shengbin/camera_ws/install/image_publisher/lib:/home/shengbin/camera_ws/install/depth_image_proc/lib:/home/shengbin/camera_ws/install/compressed_image_transport/lib:/home/shengbin/camera_ws/install/compressed_depth_image_transport/lib:/home/shengbin/camera_ws/install/camera_info_manager/lib:/home/shengbin/camera_ws/install/camera_calibration_parsers/lib:/opt/ros/humble/opt/rviz_ogre_vendor/lib:/opt/ros/humble/lib/x86_64-linux-gnu:/opt/ros/humble/lib /usr/bin/cmake --build /home/shengbin/camera_ws/build/image_proc -- -j16 -l16
[61.692s] Invoking command in '/home/shengbin/camera_ws/build/image_proc': CMAKE_PREFIX_PATH=/home/shengbin/camera_ws/install/tracetools_image_pipeline:/home/shengbin/camera_ws/install/image_transport:/home/shengbin/camera_ws/install/image_geometry:/home/shengbin/camera_ws/install/cv_bridge:/home/shengbin/camera_ws/install/vision_opencv:/home/shengbin/camera_ws/install/v4l2_camera:/home/shengbin/camera_ws/install/image_pipeline:/home/shengbin/camera_ws/install/stereo_image_proc:/home/shengbin/camera_ws/install/image_proc:/home/shengbin/camera_ws/install/image_transport_plugins:/home/shengbin/camera_ws/install/theora_image_transport:/home/shengbin/camera_ws/install/ros2_shared:/home/shengbin/camera_ws/install/image_view:/home/shengbin/camera_ws/install/image_rotate:/home/shengbin/camera_ws/install/image_publisher:/home/shengbin/camera_ws/install/image_common:/home/shengbin/camera_ws/install/depth_image_proc:/home/shengbin/camera_ws/install/compressed_image_transport:/home/shengbin/camera_ws/install/compressed_depth_image_transport:/home/shengbin/camera_ws/install/camera_info_manager:/home/shengbin/camera_ws/install/camera_cpp_py_pkg:/home/shengbin/camera_ws/install/camera_calibration_parsers:/home/shengbin/camera_ws/install/opencv_tests:/home/shengbin/camera_ws/install/camera_calibration:/home/shengbin/camera_ws/install/camera:/opt/ros/humble LD_LIBRARY_PATH=/home/shengbin/camera_ws/install/tracetools_image_pipeline/lib:/home/shengbin/camera_ws/install/image_transport/lib:/home/shengbin/camera_ws/install/image_geometry/lib:/home/shengbin/camera_ws/install/cv_bridge/lib:/home/shengbin/camera_ws/install/v4l2_camera/lib:/home/shengbin/camera_ws/install/stereo_image_proc/lib:/home/shengbin/camera_ws/install/image_proc/lib:/home/shengbin/camera_ws/install/theora_image_transport/lib:/home/shengbin/camera_ws/install/image_view/lib:/home/shengbin/camera_ws/install/image_rotate/lib:/home/shengbin/camera_ws/install/image_publisher/lib:/home/shengbin/camera_ws/install/depth_image_proc/lib:/home/shengbin/camera_ws/install/compressed_image_transport/lib:/home/shengbin/camera_ws/install/compressed_depth_image_transport/lib:/home/shengbin/camera_ws/install/camera_info_manager/lib:/home/shengbin/camera_ws/install/camera_calibration_parsers/lib:/opt/ros/humble/opt/rviz_ogre_vendor/lib:/opt/ros/humble/lib/x86_64-linux-gnu:/opt/ros/humble/lib /usr/bin/cmake --install /home/shengbin/camera_ws/build/image_proc
[61.702s] -- Install configuration: ""
[61.702s] -- Installing: /home/shengbin/camera_ws/install/image_proc/bin/image_proc
[61.702s] -- Set runtime path of "/home/shengbin/camera_ws/install/image_proc/bin/image_proc" to ""
[61.703s] -- Installing: /home/shengbin/camera_ws/install/image_proc/include
[61.703s] -- Installing: /home/shengbin/camera_ws/install/image_proc/include/image_proc
[61.703s] -- Installing: /home/shengbin/camera_ws/install/image_proc/include/image_proc/crop_non_zero.hpp
[61.703s] -- Installing: /home/shengbin/camera_ws/install/image_proc/include/image_proc/resize.hpp
[61.703s] -- Installing: /home/shengbin/camera_ws/install/image_proc/include/image_proc/processor.hpp
[61.703s] -- Installing: /home/shengbin/camera_ws/install/image_proc/include/image_proc/debayer.hpp
[61.703s] -- Installing: /home/shengbin/camera_ws/install/image_proc/include/image_proc/rectify.hpp
[61.703s] -- Installing: /home/shengbin/camera_ws/install/image_proc/include/image_proc/edge_aware.hpp
[61.703s] -- Installing: /home/shengbin/camera_ws/install/image_proc/include/image_proc/crop_decimate.hpp
[61.703s] -- Installing: /home/shengbin/camera_ws/install/image_proc/include/image_proc/utils.hpp
[61.703s] -- Installing: /home/shengbin/camera_ws/install/image_proc/share/image_proc/environment/library_path.sh
[61.703s] -- Installing: /home/shengbin/camera_ws/install/image_proc/share/image_proc/environment/library_path.dsv
[61.703s] -- Installing: /home/shengbin/camera_ws/install/image_proc/lib/libimage_proc.so
[61.704s] -- Set runtime path of "/home/shengbin/camera_ws/install/image_proc/lib/libimage_proc.so" to ""
[61.704s] -- Installing: /home/shengbin/camera_ws/install/image_proc/lib/librectify.so
[61.704s] -- Set runtime path of "/home/shengbin/camera_ws/install/image_proc/lib/librectify.so" to ""
[61.705s] -- Installing: /home/shengbin/camera_ws/install/image_proc/lib/libdebayer.so
[61.705s] -- Set runtime path of "/home/shengbin/camera_ws/install/image_proc/lib/libdebayer.so" to ""
[61.705s] -- Installing: /home/shengbin/camera_ws/install/image_proc/lib/libresize.so
[61.706s] -- Set runtime path of "/home/shengbin/camera_ws/install/image_proc/lib/libresize.so" to ""
[61.706s] -- Installing: /home/shengbin/camera_ws/install/image_proc/lib/libcrop_decimate.so
[61.707s] -- Set runtime path of "/home/shengbin/camera_ws/install/image_proc/lib/libcrop_decimate.so" to ""
[61.707s] -- Installing: /home/shengbin/camera_ws/install/image_proc/lib/libcrop_non_zero.so
[61.707s] -- Set runtime path of "/home/shengbin/camera_ws/install/image_proc/lib/libcrop_non_zero.so" to ""
[61.707s] -- Installing: /home/shengbin/camera_ws/install/image_proc/lib/image_proc/image_proc
[61.708s] -- Set runtime path of "/home/shengbin/camera_ws/install/image_proc/lib/image_proc/image_proc" to ""
[61.708s] -- Installing: /home/shengbin/camera_ws/install/image_proc/share/image_proc/launch
[61.708s] -- Installing: /home/shengbin/camera_ws/install/image_proc/share/image_proc/launch/image_proc.launch.py
[61.708s] -- Installing: /home/shengbin/camera_ws/install/image_proc/share/ament_index/resource_index/package_run_dependencies/image_proc
[61.708s] -- Installing: /home/shengbin/camera_ws/install/image_proc/share/ament_index/resource_index/parent_prefix_path/image_proc
[61.708s] -- Installing: /home/shengbin/camera_ws/install/image_proc/share/image_proc/environment/ament_prefix_path.sh
[61.708s] -- Installing: /home/shengbin/camera_ws/install/image_proc/share/image_proc/environment/ament_prefix_path.dsv
[61.708s] -- Installing: /home/shengbin/camera_ws/install/image_proc/share/image_proc/environment/path.sh
[61.708s] -- Installing: /home/shengbin/camera_ws/install/image_proc/share/image_proc/environment/path.dsv
[61.708s] -- Installing: /home/shengbin/camera_ws/install/image_proc/share/image_proc/local_setup.bash
[61.708s] -- Installing: /home/shengbin/camera_ws/install/image_proc/share/image_proc/local_setup.sh
[61.709s] -- Installing: /home/shengbin/camera_ws/install/image_proc/share/image_proc/local_setup.zsh
[61.709s] -- Installing: /home/shengbin/camera_ws/install/image_proc/share/image_proc/local_setup.dsv
[61.709s] -- Installing: /home/shengbin/camera_ws/install/image_proc/share/image_proc/package.dsv
[61.709s] -- Installing: /home/shengbin/camera_ws/install/image_proc/share/ament_index/resource_index/packages/image_proc
[61.709s] -- Installing: /home/shengbin/camera_ws/install/image_proc/share/ament_index/resource_index/rclcpp_components/image_proc
[61.709s] -- Installing: /home/shengbin/camera_ws/install/image_proc/share/image_proc/cmake/ament_cmake_export_dependencies-extras.cmake
[61.709s] -- Installing: /home/shengbin/camera_ws/install/image_proc/share/image_proc/cmake/ament_cmake_export_include_directories-extras.cmake
[61.709s] -- Installing: /home/shengbin/camera_ws/install/image_proc/share/image_proc/cmake/ament_cmake_export_libraries-extras.cmake
[61.709s] -- Installing: /home/shengbin/camera_ws/install/image_proc/share/image_proc/cmake/image_procConfig.cmake
[61.709s] -- Installing: /home/shengbin/camera_ws/install/image_proc/share/image_proc/cmake/image_procConfig-version.cmake
[61.710s] -- Installing: /home/shengbin/camera_ws/install/image_proc/share/image_proc/package.xml
[61.711s] Invoked command in '/home/shengbin/camera_ws/build/image_proc' returned '0': CMAKE_PREFIX_PATH=/home/shengbin/camera_ws/install/tracetools_image_pipeline:/home/shengbin/camera_ws/install/image_transport:/home/shengbin/camera_ws/install/image_geometry:/home/shengbin/camera_ws/install/cv_bridge:/home/shengbin/camera_ws/install/vision_opencv:/home/shengbin/camera_ws/install/v4l2_camera:/home/shengbin/camera_ws/install/image_pipeline:/home/shengbin/camera_ws/install/stereo_image_proc:/home/shengbin/camera_ws/install/image_proc:/home/shengbin/camera_ws/install/image_transport_plugins:/home/shengbin/camera_ws/install/theora_image_transport:/home/shengbin/camera_ws/install/ros2_shared:/home/shengbin/camera_ws/install/image_view:/home/shengbin/camera_ws/install/image_rotate:/home/shengbin/camera_ws/install/image_publisher:/home/shengbin/camera_ws/install/image_common:/home/shengbin/camera_ws/install/depth_image_proc:/home/shengbin/camera_ws/install/compressed_image_transport:/home/shengbin/camera_ws/install/compressed_depth_image_transport:/home/shengbin/camera_ws/install/camera_info_manager:/home/shengbin/camera_ws/install/camera_cpp_py_pkg:/home/shengbin/camera_ws/install/camera_calibration_parsers:/home/shengbin/camera_ws/install/opencv_tests:/home/shengbin/camera_ws/install/camera_calibration:/home/shengbin/camera_ws/install/camera:/opt/ros/humble LD_LIBRARY_PATH=/home/shengbin/camera_ws/install/tracetools_image_pipeline/lib:/home/shengbin/camera_ws/install/image_transport/lib:/home/shengbin/camera_ws/install/image_geometry/lib:/home/shengbin/camera_ws/install/cv_bridge/lib:/home/shengbin/camera_ws/install/v4l2_camera/lib:/home/shengbin/camera_ws/install/stereo_image_proc/lib:/home/shengbin/camera_ws/install/image_proc/lib:/home/shengbin/camera_ws/install/theora_image_transport/lib:/home/shengbin/camera_ws/install/image_view/lib:/home/shengbin/camera_ws/install/image_rotate/lib:/home/shengbin/camera_ws/install/image_publisher/lib:/home/shengbin/camera_ws/install/depth_image_proc/lib:/home/shengbin/camera_ws/install/compressed_image_transport/lib:/home/shengbin/camera_ws/install/compressed_depth_image_transport/lib:/home/shengbin/camera_ws/install/camera_info_manager/lib:/home/shengbin/camera_ws/install/camera_calibration_parsers/lib:/opt/ros/humble/opt/rviz_ogre_vendor/lib:/opt/ros/humble/lib/x86_64-linux-gnu:/opt/ros/humble/lib /usr/bin/cmake --install /home/shengbin/camera_ws/build/image_proc
