[  2%] Built target theora_image_transport__cpp
[ 10%] Built target theora_image_transport__rosidl_generator_c
[ 10%] Built target ament_cmake_python_copy_theora_image_transport
[ 18%] Built target theora_image_transport__rosidl_typesupport_fastrtps_c
[ 27%] Built target theora_image_transport__rosidl_typesupport_introspection_cpp
[ 35%] Built target theora_image_transport__rosidl_typesupport_cpp
[ 43%] Built target theora_image_transport__rosidl_typesupport_fastrtps_cpp
[ 59%] Built target theora_image_transport__rosidl_typesupport_c
[ 59%] Built target theora_image_transport__rosidl_typesupport_introspection_c
[ 64%] Built target ogg_saver
[ 64%] Built target theora_image_transport
[ 75%] Built target theora_image_transport_component
[ 78%] Built target theora_image_transport__py
[ 83%] Built target theora_image_transport__rosidl_generator_py
[ 89%] Built target theora_image_transport__rosidl_typesupport_fastrtps_c__pyext
[100%] Built target theora_image_transport__rosidl_typesupport_c__pyext
[100%] Built target theora_image_transport__rosidl_typesupport_introspection_c__pyext
running egg_info
writing theora_image_transport.egg-info/PKG-INFO
writing dependency_links to theora_image_transport.egg-info/dependency_links.txt
writing top-level names to theora_image_transport.egg-info/top_level.txt
reading manifest file 'theora_image_transport.egg-info/SOURCES.txt'
writing manifest file 'theora_image_transport.egg-info/SOURCES.txt'
[100%] Built target ament_cmake_python_build_theora_image_transport_egg
