[0.201s] Invoking command in '/home/shengbin/camera_ws/build/theora_image_transport': CMAKE_PREFIX_PATH=/home/shengbin/camera_ws/install/image_transport:/home/shengbin/camera_ws/install/cv_bridge:/home/shengbin/camera_ws/install/ros2_shared:/home/shengbin/camera_ws/install/image_geometry:/home/shengbin/camera_ws/install/camera_info_manager:/home/shengbin/camera_ws/install/camera_calibration_parsers:/home/shengbin/camera_ws/install/camera:/opt/ros/humble LD_LIBRARY_PATH=/home/shengbin/camera_ws/install/image_transport/lib:/home/shengbin/camera_ws/install/cv_bridge/lib:/home/shengbin/camera_ws/install/image_geometry/lib:/home/shengbin/camera_ws/install/camera_info_manager/lib:/home/shengbin/camera_ws/install/camera_calibration_parsers/lib:/opt/ros/humble/opt/rviz_ogre_vendor/lib:/opt/ros/humble/lib/x86_64-linux-gnu:/opt/ros/humble/lib /usr/bin/cmake --build /home/shengbin/camera_ws/build/theora_image_transport -- -j16 -l16
[0.307s] [  2%] Built target theora_image_transport__cpp
[0.308s] [ 10%] Built target theora_image_transport__rosidl_generator_c
[0.326s] [ 10%] Built target ament_cmake_python_copy_theora_image_transport
[0.347s] [ 18%] Built target theora_image_transport__rosidl_typesupport_fastrtps_c
[0.349s] [ 27%] Built target theora_image_transport__rosidl_typesupport_introspection_cpp
[0.350s] [ 35%] Built target theora_image_transport__rosidl_typesupport_cpp
[0.351s] [ 43%] Built target theora_image_transport__rosidl_typesupport_fastrtps_cpp
[0.354s] [ 59%] Built target theora_image_transport__rosidl_typesupport_c
[0.355s] [ 59%] Built target theora_image_transport__rosidl_typesupport_introspection_c
[0.398s] [ 64%] Built target ogg_saver
[0.398s] [ 64%] Built target theora_image_transport
[0.399s] [ 75%] Built target theora_image_transport_component
[0.448s] [ 78%] Built target theora_image_transport__py
[0.462s] [ 83%] Built target theora_image_transport__rosidl_generator_py
[0.497s] [ 89%] Built target theora_image_transport__rosidl_typesupport_fastrtps_c__pyext
[0.503s] [100%] Built target theora_image_transport__rosidl_typesupport_c__pyext
[0.503s] [100%] Built target theora_image_transport__rosidl_typesupport_introspection_c__pyext
[0.740s] running egg_info
[0.741s] writing theora_image_transport.egg-info/PKG-INFO
[0.741s] writing dependency_links to theora_image_transport.egg-info/dependency_links.txt
[0.741s] writing top-level names to theora_image_transport.egg-info/top_level.txt
[0.744s] reading manifest file 'theora_image_transport.egg-info/SOURCES.txt'
[0.745s] writing manifest file 'theora_image_transport.egg-info/SOURCES.txt'
[0.783s] [100%] Built target ament_cmake_python_build_theora_image_transport_egg
