[0.501s] Invoking command in '/home/shengbin/camera_ws/build/camera_calibration': AMENT_PREFIX_PATH=/home/shengbin/camera_ws/install/image_geometry:/home/shengbin/camera_ws/install/cv_bridge:${AMENT_PREFIX_PATH} CMAKE_PREFIX_PATH=/home/shengbin/camera_ws/install/image_geometry:/home/shengbin/camera_ws/install/cv_bridge LD_LIBRARY_PATH=/home/shengbin/camera_ws/install/image_geometry/lib:/home/shengbin/camera_ws/install/cv_bridge/lib:${LD_LIBRARY_PATH} PYTHONPATH=/home/shengbin/camera_ws/install/image_geometry/local/lib/python3.10/dist-packages:/home/shengbin/camera_ws/install/cv_bridge/local/lib/python3.10/dist-packages:${PYTHONPATH} /usr/bin/cmake /home/shengbin/camera_ws/src/image_pipeline/camera_calibration -DCATKIN_INSTALL_INTO_PREFIX_ROOT=0 -DCMAKE_INSTALL_PREFIX=/home/shengbin/camera_ws/install/camera_calibration
[0.510s] -- Configuring incomplete, errors occurred!
[0.510s] See also "/home/shengbin/camera_ws/build/camera_calibration/CMakeFiles/CMakeOutput.log".
[0.511s] [31mCMake Error at CMakeLists.txt:4 (find_package):
[0.511s]   By not providing "Findcatkin.cmake" in CMAKE_MODULE_PATH this project has
[0.511s]   asked CMake to find a package configuration file provided by "catkin", but
[0.511s]   CMake did not find one.
[0.511s] 
[0.511s]   Could not find a package configuration file provided by "catkin" with any
[0.511s]   of the following names:
[0.511s] 
[0.511s]     catkinConfig.cmake
[0.512s]     catkin-config.cmake
[0.512s] 
[0.512s]   Add the installation prefix of "catkin" to CMAKE_PREFIX_PATH or set
[0.512s]   "catkin_DIR" to a directory containing one of the above files.  If "catkin"
[0.512s]   provides a separate development package or SDK, be sure it has been
[0.512s]   installed.
[0.512s] 
[0.512s] [0m
