[35m[1mConsolidate compiler generated dependencies of target gtest_main[0m
[35m[1mConsolidate compiler generated dependencies of target gtest[0m
[35m[1mConsolidate compiler generated dependencies of target image_transport[0m
[  6%] Built target gtest_main
[ 13%] Built target gtest
[ 40%] Built target image_transport
[35m[1mConsolidate compiler generated dependencies of target list_transports[0m
[35m[1mConsolidate compiler generated dependencies of target image_transport-subscriber[0m
[35m[1mConsolidate compiler generated dependencies of target image_transport-camera_common[0m
[35m[1mConsolidate compiler generated dependencies of target republish[0m
[35m[1mConsolidate compiler generated dependencies of target image_transport_plugins[0m
[35m[1mConsolidate compiler generated dependencies of target image_transport-remapping[0m
[35m[1mConsolidate compiler generated dependencies of target image_transport-message_passing[0m
[35m[1mConsolidate compiler generated dependencies of target image_transport-single_subscriber_publisher[0m
[35m[1mConsolidate compiler generated dependencies of target image_transport-publisher[0m
[ 46%] Built target image_transport-camera_common
[ 53%] Built target list_transports
[ 60%] Built target image_transport_plugins
[ 66%] Built target republish
[ 73%] Built target image_transport-subscriber
[ 80%] Built target image_transport-remapping
[ 86%] Built target image_transport-message_passing
[ 93%] Built target image_transport-publisher
[100%] Built target image_transport-single_subscriber_publisher
-- Install configuration: ""
-- Installing: /home/shengbin/camera_ws/install/image_transport/share/image_transport/default_plugins.xml
-- Installing: /home/shengbin/camera_ws/install/image_transport/lib/libimage_transport.so
-- Set runtime path of "/home/shengbin/camera_ws/install/image_transport/lib/libimage_transport.so" to ""
-- Installing: /home/shengbin/camera_ws/install/image_transport/lib/libimage_transport_plugins.so
-- Set runtime path of "/home/shengbin/camera_ws/install/image_transport/lib/libimage_transport_plugins.so" to ""
-- Up-to-date: /home/shengbin/camera_ws/install/image_transport/lib/libimage_transport.so
-- Installing: /home/shengbin/camera_ws/install/image_transport/lib/image_transport/list_transports
-- Set runtime path of "/home/shengbin/camera_ws/install/image_transport/lib/image_transport/list_transports" to ""
-- Installing: /home/shengbin/camera_ws/install/image_transport/lib/image_transport/republish
-- Set runtime path of "/home/shengbin/camera_ws/install/image_transport/lib/image_transport/republish" to ""
-- Installing: /home/shengbin/camera_ws/install/image_transport/include/image_transport
-- Installing: /home/shengbin/camera_ws/install/image_transport/include/image_transport/image_transport
-- Installing: /home/shengbin/camera_ws/install/image_transport/include/image_transport/image_transport/subscriber.hpp
-- Installing: /home/shengbin/camera_ws/install/image_transport/include/image_transport/image_transport/transport_hints.hpp
-- Installing: /home/shengbin/camera_ws/install/image_transport/include/image_transport/image_transport/loader_fwds.h
-- Installing: /home/shengbin/camera_ws/install/image_transport/include/image_transport/image_transport/publisher.h
-- Installing: /home/shengbin/camera_ws/install/image_transport/include/image_transport/image_transport/subscriber_filter.h
-- Installing: /home/shengbin/camera_ws/install/image_transport/include/image_transport/image_transport/camera_subscriber.hpp
-- Installing: /home/shengbin/camera_ws/install/image_transport/include/image_transport/image_transport/transport_hints.h
-- Installing: /home/shengbin/camera_ws/install/image_transport/include/image_transport/image_transport/visibility_control.hpp
-- Installing: /home/shengbin/camera_ws/install/image_transport/include/image_transport/image_transport/publisher.hpp
-- Installing: /home/shengbin/camera_ws/install/image_transport/include/image_transport/image_transport/camera_common.h
-- Installing: /home/shengbin/camera_ws/install/image_transport/include/image_transport/image_transport/simple_publisher_plugin.hpp
-- Installing: /home/shengbin/camera_ws/install/image_transport/include/image_transport/image_transport/subscriber_plugin.h
-- Installing: /home/shengbin/camera_ws/install/image_transport/include/image_transport/image_transport/raw_subscriber.h
-- Installing: /home/shengbin/camera_ws/install/image_transport/include/image_transport/image_transport/camera_publisher.h
-- Installing: /home/shengbin/camera_ws/install/image_transport/include/image_transport/image_transport/image_transport.hpp
-- Installing: /home/shengbin/camera_ws/install/image_transport/include/image_transport/image_transport/camera_subscriber.h
-- Installing: /home/shengbin/camera_ws/install/image_transport/include/image_transport/image_transport/camera_common.hpp
-- Installing: /home/shengbin/camera_ws/install/image_transport/include/image_transport/image_transport/simple_publisher_plugin.h
-- Installing: /home/shengbin/camera_ws/install/image_transport/include/image_transport/image_transport/loader_fwds.hpp
-- Installing: /home/shengbin/camera_ws/install/image_transport/include/image_transport/image_transport/subscriber_filter.hpp
-- Installing: /home/shengbin/camera_ws/install/image_transport/include/image_transport/image_transport/simple_subscriber_plugin.hpp
-- Installing: /home/shengbin/camera_ws/install/image_transport/include/image_transport/image_transport/image_transport.h
-- Installing: /home/shengbin/camera_ws/install/image_transport/include/image_transport/image_transport/raw_subscriber.hpp
-- Installing: /home/shengbin/camera_ws/install/image_transport/include/image_transport/image_transport/exception.h
-- Installing: /home/shengbin/camera_ws/install/image_transport/include/image_transport/image_transport/publisher_plugin.h
-- Installing: /home/shengbin/camera_ws/install/image_transport/include/image_transport/image_transport/single_subscriber_publisher.h
-- Installing: /home/shengbin/camera_ws/install/image_transport/include/image_transport/image_transport/simple_subscriber_plugin.h
-- Installing: /home/shengbin/camera_ws/install/image_transport/include/image_transport/image_transport/raw_publisher.h
-- Installing: /home/shengbin/camera_ws/install/image_transport/include/image_transport/image_transport/subscriber_plugin.hpp
-- Installing: /home/shengbin/camera_ws/install/image_transport/include/image_transport/image_transport/camera_publisher.hpp
-- Installing: /home/shengbin/camera_ws/install/image_transport/include/image_transport/image_transport/subscriber.h
-- Installing: /home/shengbin/camera_ws/install/image_transport/include/image_transport/image_transport/raw_publisher.hpp
-- Installing: /home/shengbin/camera_ws/install/image_transport/include/image_transport/image_transport/single_subscriber_publisher.hpp
-- Installing: /home/shengbin/camera_ws/install/image_transport/include/image_transport/image_transport/publisher_plugin.hpp
-- Installing: /home/shengbin/camera_ws/install/image_transport/include/image_transport/image_transport/exception.hpp
-- Installing: /home/shengbin/camera_ws/install/image_transport/share/ament_index/resource_index/package_run_dependencies/image_transport
-- Installing: /home/shengbin/camera_ws/install/image_transport/share/ament_index/resource_index/parent_prefix_path/image_transport
-- Installing: /home/shengbin/camera_ws/install/image_transport/share/image_transport/environment/ament_prefix_path.sh
-- Installing: /home/shengbin/camera_ws/install/image_transport/share/image_transport/environment/ament_prefix_path.dsv
-- Installing: /home/shengbin/camera_ws/install/image_transport/share/image_transport/environment/path.sh
-- Installing: /home/shengbin/camera_ws/install/image_transport/share/image_transport/environment/path.dsv
-- Installing: /home/shengbin/camera_ws/install/image_transport/share/image_transport/local_setup.bash
-- Installing: /home/shengbin/camera_ws/install/image_transport/share/image_transport/local_setup.sh
-- Installing: /home/shengbin/camera_ws/install/image_transport/share/image_transport/local_setup.zsh
-- Installing: /home/shengbin/camera_ws/install/image_transport/share/image_transport/local_setup.dsv
-- Installing: /home/shengbin/camera_ws/install/image_transport/share/image_transport/package.dsv
-- Installing: /home/shengbin/camera_ws/install/image_transport/share/ament_index/resource_index/packages/image_transport
-- Installing: /home/shengbin/camera_ws/install/image_transport/share/ament_index/resource_index/image_transport__pluginlib__plugin/image_transport
-- Installing: /home/shengbin/camera_ws/install/image_transport/share/image_transport/cmake/export_image_transportExport.cmake
-- Installing: /home/shengbin/camera_ws/install/image_transport/share/image_transport/cmake/export_image_transportExport-noconfig.cmake
-- Installing: /home/shengbin/camera_ws/install/image_transport/share/image_transport/cmake/ament_cmake_export_targets-extras.cmake
-- Installing: /home/shengbin/camera_ws/install/image_transport/share/image_transport/cmake/ament_cmake_export_dependencies-extras.cmake
-- Installing: /home/shengbin/camera_ws/install/image_transport/share/image_transport/cmake/image_transportConfig.cmake
-- Installing: /home/shengbin/camera_ws/install/image_transport/share/image_transport/cmake/image_transportConfig-version.cmake
-- Installing: /home/shengbin/camera_ws/install/image_transport/share/image_transport/package.xml
