[1.330s] Invoking command in '/home/shengbin/camera_ws/build/camera_calibration': CMAKE_PREFIX_PATH=/home/shengbin/camera_ws/install/image_geometry:/home/shengbin/camera_ws/install/cv_bridge:/home/shengbin/camera_ws/install/ros2_shared:/home/shengbin/camera_ws/install/image_transport:/home/shengbin/camera_ws/install/camera_info_manager:/home/shengbin/camera_ws/install/camera_calibration_parsers LD_LIBRARY_PATH=/home/shengbin/camera_ws/install/image_geometry/lib:/home/shengbin/camera_ws/install/cv_bridge/lib:/home/shengbin/camera_ws/install/image_transport/lib:/home/shengbin/camera_ws/install/camera_info_manager/lib:/home/shengbin/camera_ws/install/camera_calibration_parsers/lib:/opt/ros/humble/opt/rviz_ogre_vendor/lib:/opt/ros/humble/lib/x86_64-linux-gnu:/opt/ros/humble/lib /usr/bin/cmake /home/shengbin/camera_ws/src/image_pipeline/camera_calibration -DCATKIN_INSTALL_INTO_PREFIX_ROOT=0 -DCMAKE_INSTALL_PREFIX=/home/shengbin/camera_ws/install/camera_calibration
[1.365s] [31mCMake Error at CMakeLists.txt:4 (find_package):
[1.365s]   By not providing "Findcatkin.cmake" in CMAKE_MODULE_PATH this project has
[1.366s]   asked CMake to find a package configuration file provided by "catkin", but
[1.366s]   CMake did not find one.
[1.366s] 
[1.366s]   Could not find a package configuration file provided by "catkin" with any
[1.366s]   of the following names:
[1.366s] 
[1.367s]     catkinConfig.cmake
[1.367s]     catkin-config.cmake
[1.367s] 
[1.367s]   Add the installation prefix of "catkin" to CMAKE_PREFIX_PATH or set
[1.367s]   "catkin_DIR" to a directory containing one of the above files.  If "catkin"
[1.367s]   provides a separate development package or SDK, be sure it has been
[1.367s]   installed.
[1.367s] 
[1.367s] [0m
[1.367s] -- Configuring incomplete, errors occurred!
[1.367s] See also "/home/shengbin/camera_ws/build/camera_calibration/CMakeFiles/CMakeOutput.log".
[1.469s] Invoked command in '/home/shengbin/camera_ws/build/camera_calibration' returned '1': CMAKE_PREFIX_PATH=/home/shengbin/camera_ws/install/image_geometry:/home/shengbin/camera_ws/install/cv_bridge:/home/shengbin/camera_ws/install/ros2_shared:/home/shengbin/camera_ws/install/image_transport:/home/shengbin/camera_ws/install/camera_info_manager:/home/shengbin/camera_ws/install/camera_calibration_parsers LD_LIBRARY_PATH=/home/shengbin/camera_ws/install/image_geometry/lib:/home/shengbin/camera_ws/install/cv_bridge/lib:/home/shengbin/camera_ws/install/image_transport/lib:/home/shengbin/camera_ws/install/camera_info_manager/lib:/home/shengbin/camera_ws/install/camera_calibration_parsers/lib:/opt/ros/humble/opt/rviz_ogre_vendor/lib:/opt/ros/humble/lib/x86_64-linux-gnu:/opt/ros/humble/lib /usr/bin/cmake /home/shengbin/camera_ws/src/image_pipeline/camera_calibration -DCATKIN_INSTALL_INTO_PREFIX_ROOT=0 -DCMAKE_INSTALL_PREFIX=/home/shengbin/camera_ws/install/camera_calibration
