[0.218s] Invoking command in '/home/shengbin/camera_ws/build/image_view': CMAKE_PREFIX_PATH=/home/shengbin/camera_ws/install/image_transport:/home/shengbin/camera_ws/install/cv_bridge:/home/shengbin/camera_ws/install/camera_calibration_parsers:/home/shengbin/camera_ws/install/vision_opencv:/home/shengbin/camera_ws/install/v4l2_camera:/home/shengbin/camera_ws/install/image_pipeline:/home/shengbin/camera_ws/install/stereo_image_proc:/home/shengbin/camera_ws/install/image_proc:/home/shengbin/camera_ws/install/tracetools_image_pipeline:/home/shengbin/camera_ws/install/image_transport_plugins:/home/shengbin/camera_ws/install/theora_image_transport:/home/shengbin/camera_ws/install/ros2_shared:/home/shengbin/camera_ws/install/image_view:/home/shengbin/camera_ws/install/image_rotate:/home/shengbin/camera_ws/install/image_publisher:/home/shengbin/camera_ws/install/image_common:/home/shengbin/camera_ws/install/depth_image_proc:/home/shengbin/camera_ws/install/compressed_image_transport:/home/shengbin/camera_ws/install/compressed_depth_image_transport:/home/shengbin/camera_ws/install/image_geometry:/home/shengbin/camera_ws/install/camera_info_manager:/home/shengbin/camera_ws/install/camera_cpp_py_pkg:/home/shengbin/camera_ws/install/opencv_tests:/home/shengbin/camera_ws/install/camera_calibration:/home/shengbin/camera_ws/install/camera:/opt/ros/humble LD_LIBRARY_PATH=/home/shengbin/camera_ws/install/image_transport/lib:/home/shengbin/camera_ws/install/cv_bridge/lib:/home/shengbin/camera_ws/install/camera_calibration_parsers/lib:/home/shengbin/camera_ws/install/v4l2_camera/lib:/home/shengbin/camera_ws/install/stereo_image_proc/lib:/home/shengbin/camera_ws/install/image_proc/lib:/home/shengbin/camera_ws/install/tracetools_image_pipeline/lib:/home/shengbin/camera_ws/install/theora_image_transport/lib:/home/shengbin/camera_ws/install/image_view/lib:/home/shengbin/camera_ws/install/image_rotate/lib:/home/shengbin/camera_ws/install/image_publisher/lib:/home/shengbin/camera_ws/install/depth_image_proc/lib:/home/shengbin/camera_ws/install/compressed_image_transport/lib:/home/shengbin/camera_ws/install/compressed_depth_image_transport/lib:/home/shengbin/camera_ws/install/image_geometry/lib:/home/shengbin/camera_ws/install/camera_info_manager/lib:/opt/ros/humble/opt/rviz_ogre_vendor/lib:/opt/ros/humble/lib/x86_64-linux-gnu:/opt/ros/humble/lib /usr/bin/cmake /home/shengbin/camera_ws/src/image_pipeline/image_view -DCMAKE_INSTALL_PREFIX=/home/shengbin/camera_ws/install/image_view
[0.253s] -- The C compiler identification is GNU 11.4.0
[0.329s] -- The CXX compiler identification is GNU 11.4.0
[0.340s] -- Detecting C compiler ABI info
[0.422s] -- Detecting C compiler ABI info - done
[0.430s] -- Check for working C compiler: /usr/bin/cc - skipped
[0.430s] -- Detecting C compile features
[0.431s] -- Detecting C compile features - done
[0.435s] -- Detecting CXX compiler ABI info
[0.543s] -- Detecting CXX compiler ABI info - done
[0.557s] -- Check for working CXX compiler: /usr/bin/c++ - skipped
[0.558s] -- Detecting CXX compile features
[0.558s] -- Detecting CXX compile features - done
[0.563s] -- Found ament_cmake_auto: 1.3.5 (/opt/ros/humble/share/ament_cmake_auto/cmake)
[0.816s] -- Found Python3: /usr/bin/python3.10 (found version "3.10.12") found components: Interpreter 
[1.071s] -- Found rosidl_generator_c: 3.1.5 (/opt/ros/humble/share/rosidl_generator_c/cmake)
[1.080s] -- Found rosidl_adapter: 3.1.5 (/opt/ros/humble/share/rosidl_adapter/cmake)
[1.094s] -- Found rosidl_generator_cpp: 3.1.5 (/opt/ros/humble/share/rosidl_generator_cpp/cmake)
[1.119s] -- Using all available rosidl_typesupport_c: rosidl_typesupport_fastrtps_c;rosidl_typesupport_introspection_c
[1.155s] -- Using all available rosidl_typesupport_cpp: rosidl_typesupport_fastrtps_cpp;rosidl_typesupport_introspection_cpp
[1.284s] -- Found rmw_implementation_cmake: 6.1.1 (/opt/ros/humble/share/rmw_implementation_cmake/cmake)
[1.291s] -- Found rmw_cyclonedds_cpp: 1.3.4 (/opt/ros/humble/share/rmw_cyclonedds_cpp/cmake)
[1.358s] -- Using RMW implementation 'rmw_cyclonedds_cpp' as default
[1.378s] -- Looking for pthread.h
[1.460s] -- Looking for pthread.h - found
[1.461s] -- Performing Test CMAKE_HAVE_LIBC_PTHREAD
[1.556s] -- Performing Test CMAKE_HAVE_LIBC_PTHREAD - Success
[1.557s] -- Found Threads: TRUE  
[2.589s] -- Found Boost: /usr/lib/x86_64-linux-gnu/cmake/Boost-1.74.0/BoostConfig.cmake (found version "1.74.0")  
[2.598s] -- Found OpenCV: /usr (found version "4.5.4") 
[2.697s] -- Found ament_lint_auto: 0.12.8 (/opt/ros/humble/share/ament_lint_auto/cmake)
[2.748s] -- Added test 'copyright' to check source files copyright and LICENSE
[2.752s] -- Added test 'cppcheck' to perform static code analysis on C / C++ code
[2.754s] -- Configured cppcheck include dirs: /home/shengbin/camera_ws/src/image_pipeline/image_view/include
[2.754s] -- Configured cppcheck exclude dirs and/or files: 
[2.758s] -- Added test 'cpplint' to check C / C++ code against the Google style
[2.758s] -- Configured cpplint exclude dirs and/or files: 
[2.761s] -- Added test 'lint_cmake' to check CMake code style
[2.764s] -- Added test 'uncrustify' to check C / C++ code style
[2.764s] -- Configured uncrustify additional arguments: 
[2.767s] -- Added test 'xmllint' to check XML markup files
[2.782s] -- Configuring done
[2.954s] -- Generating done
[2.967s] -- Build files have been written to: /home/shengbin/camera_ws/build/image_view
[3.003s] Invoked command in '/home/shengbin/camera_ws/build/image_view' returned '0': CMAKE_PREFIX_PATH=/home/shengbin/camera_ws/install/image_transport:/home/shengbin/camera_ws/install/cv_bridge:/home/shengbin/camera_ws/install/camera_calibration_parsers:/home/shengbin/camera_ws/install/vision_opencv:/home/shengbin/camera_ws/install/v4l2_camera:/home/shengbin/camera_ws/install/image_pipeline:/home/shengbin/camera_ws/install/stereo_image_proc:/home/shengbin/camera_ws/install/image_proc:/home/shengbin/camera_ws/install/tracetools_image_pipeline:/home/shengbin/camera_ws/install/image_transport_plugins:/home/shengbin/camera_ws/install/theora_image_transport:/home/shengbin/camera_ws/install/ros2_shared:/home/shengbin/camera_ws/install/image_view:/home/shengbin/camera_ws/install/image_rotate:/home/shengbin/camera_ws/install/image_publisher:/home/shengbin/camera_ws/install/image_common:/home/shengbin/camera_ws/install/depth_image_proc:/home/shengbin/camera_ws/install/compressed_image_transport:/home/shengbin/camera_ws/install/compressed_depth_image_transport:/home/shengbin/camera_ws/install/image_geometry:/home/shengbin/camera_ws/install/camera_info_manager:/home/shengbin/camera_ws/install/camera_cpp_py_pkg:/home/shengbin/camera_ws/install/opencv_tests:/home/shengbin/camera_ws/install/camera_calibration:/home/shengbin/camera_ws/install/camera:/opt/ros/humble LD_LIBRARY_PATH=/home/shengbin/camera_ws/install/image_transport/lib:/home/shengbin/camera_ws/install/cv_bridge/lib:/home/shengbin/camera_ws/install/camera_calibration_parsers/lib:/home/shengbin/camera_ws/install/v4l2_camera/lib:/home/shengbin/camera_ws/install/stereo_image_proc/lib:/home/shengbin/camera_ws/install/image_proc/lib:/home/shengbin/camera_ws/install/tracetools_image_pipeline/lib:/home/shengbin/camera_ws/install/theora_image_transport/lib:/home/shengbin/camera_ws/install/image_view/lib:/home/shengbin/camera_ws/install/image_rotate/lib:/home/shengbin/camera_ws/install/image_publisher/lib:/home/shengbin/camera_ws/install/depth_image_proc/lib:/home/shengbin/camera_ws/install/compressed_image_transport/lib:/home/shengbin/camera_ws/install/compressed_depth_image_transport/lib:/home/shengbin/camera_ws/install/image_geometry/lib:/home/shengbin/camera_ws/install/camera_info_manager/lib:/opt/ros/humble/opt/rviz_ogre_vendor/lib:/opt/ros/humble/lib/x86_64-linux-gnu:/opt/ros/humble/lib /usr/bin/cmake /home/shengbin/camera_ws/src/image_pipeline/image_view -DCMAKE_INSTALL_PREFIX=/home/shengbin/camera_ws/install/image_view
[3.004s] Invoking command in '/home/shengbin/camera_ws/build/image_view': CMAKE_PREFIX_PATH=/home/shengbin/camera_ws/install/image_transport:/home/shengbin/camera_ws/install/cv_bridge:/home/shengbin/camera_ws/install/camera_calibration_parsers:/home/shengbin/camera_ws/install/vision_opencv:/home/shengbin/camera_ws/install/v4l2_camera:/home/shengbin/camera_ws/install/image_pipeline:/home/shengbin/camera_ws/install/stereo_image_proc:/home/shengbin/camera_ws/install/image_proc:/home/shengbin/camera_ws/install/tracetools_image_pipeline:/home/shengbin/camera_ws/install/image_transport_plugins:/home/shengbin/camera_ws/install/theora_image_transport:/home/shengbin/camera_ws/install/ros2_shared:/home/shengbin/camera_ws/install/image_view:/home/shengbin/camera_ws/install/image_rotate:/home/shengbin/camera_ws/install/image_publisher:/home/shengbin/camera_ws/install/image_common:/home/shengbin/camera_ws/install/depth_image_proc:/home/shengbin/camera_ws/install/compressed_image_transport:/home/shengbin/camera_ws/install/compressed_depth_image_transport:/home/shengbin/camera_ws/install/image_geometry:/home/shengbin/camera_ws/install/camera_info_manager:/home/shengbin/camera_ws/install/camera_cpp_py_pkg:/home/shengbin/camera_ws/install/opencv_tests:/home/shengbin/camera_ws/install/camera_calibration:/home/shengbin/camera_ws/install/camera:/opt/ros/humble LD_LIBRARY_PATH=/home/shengbin/camera_ws/install/image_transport/lib:/home/shengbin/camera_ws/install/cv_bridge/lib:/home/shengbin/camera_ws/install/camera_calibration_parsers/lib:/home/shengbin/camera_ws/install/v4l2_camera/lib:/home/shengbin/camera_ws/install/stereo_image_proc/lib:/home/shengbin/camera_ws/install/image_proc/lib:/home/shengbin/camera_ws/install/tracetools_image_pipeline/lib:/home/shengbin/camera_ws/install/theora_image_transport/lib:/home/shengbin/camera_ws/install/image_view/lib:/home/shengbin/camera_ws/install/image_rotate/lib:/home/shengbin/camera_ws/install/image_publisher/lib:/home/shengbin/camera_ws/install/depth_image_proc/lib:/home/shengbin/camera_ws/install/compressed_image_transport/lib:/home/shengbin/camera_ws/install/compressed_depth_image_transport/lib:/home/shengbin/camera_ws/install/image_geometry/lib:/home/shengbin/camera_ws/install/camera_info_manager/lib:/opt/ros/humble/opt/rviz_ogre_vendor/lib:/opt/ros/humble/lib/x86_64-linux-gnu:/opt/ros/humble/lib /usr/bin/cmake --build /home/shengbin/camera_ws/build/image_view -- -j16 -l16
[3.107s] [  5%] [32mBuilding CXX object CMakeFiles/image_view_nodes.dir/src/disparity_view_node.cpp.o[0m
[3.119s] [ 10%] [32mBuilding CXX object CMakeFiles/image_view_nodes.dir/src/extract_images_node.cpp.o[0m
[3.136s] [ 15%] [32mBuilding CXX object CMakeFiles/image_view_nodes.dir/src/image_saver_node.cpp.o[0m
[3.140s] [ 21%] [32mBuilding CXX object CMakeFiles/image_view_nodes.dir/src/image_view_node.cpp.o[0m
[3.157s] [ 26%] [32mBuilding CXX object CMakeFiles/image_view_nodes.dir/src/video_recorder_node.cpp.o[0m
[3.171s] [ 31%] [32mBuilding CXX object CMakeFiles/image_view_nodes.dir/src/stereo_view_node.cpp.o[0m
[42.773s] [ 36%] [32m[1mLinking CXX shared library libimage_view_nodes.so[0m
[44.309s] [ 36%] Built target image_view_nodes
[44.336s] [ 42%] [32mBuilding CXX object CMakeFiles/disparity_view.dir/src/disparity_view.cpp.o[0m
[44.361s] [ 47%] [32mBuilding CXX object CMakeFiles/stereo_view.dir/src/stereo_view.cpp.o[0m
[44.411s] [ 52%] [32mBuilding CXX object CMakeFiles/extract_images.dir/src/extract_images.cpp.o[0m
[44.431s] [ 57%] [32mBuilding CXX object CMakeFiles/image_view.dir/src/image_view.cpp.o[0m
[44.433s] [ 63%] [32mBuilding CXX object CMakeFiles/video_recorder.dir/src/video_recorder.cpp.o[0m
[44.449s] [ 68%] [32mBuilding CXX object CMakeFiles/image_saver.dir/src/image_saver.cpp.o[0m
[48.330s] [ 73%] [32m[1mLinking CXX executable video_recorder[0m
[49.403s] [ 73%] Built target video_recorder
[49.563s] [ 78%] [32m[1mLinking CXX executable stereo_view[0m
[49.945s] [ 84%] [32m[1mLinking CXX executable extract_images[0m
[50.487s] [ 84%] Built target stereo_view
[50.809s] [ 84%] Built target extract_images
[51.258s] [ 89%] [32m[1mLinking CXX executable image_view[0m
[52.018s] [ 94%] [32m[1mLinking CXX executable disparity_view[0m
[52.126s] [ 94%] Built target image_view
[52.851s] [ 94%] Built target disparity_view
[52.909s] [100%] [32m[1mLinking CXX executable image_saver[0m
[53.725s] [100%] Built target image_saver
[53.740s] Invoked command in '/home/shengbin/camera_ws/build/image_view' returned '0': CMAKE_PREFIX_PATH=/home/shengbin/camera_ws/install/image_transport:/home/shengbin/camera_ws/install/cv_bridge:/home/shengbin/camera_ws/install/camera_calibration_parsers:/home/shengbin/camera_ws/install/vision_opencv:/home/shengbin/camera_ws/install/v4l2_camera:/home/shengbin/camera_ws/install/image_pipeline:/home/shengbin/camera_ws/install/stereo_image_proc:/home/shengbin/camera_ws/install/image_proc:/home/shengbin/camera_ws/install/tracetools_image_pipeline:/home/shengbin/camera_ws/install/image_transport_plugins:/home/shengbin/camera_ws/install/theora_image_transport:/home/shengbin/camera_ws/install/ros2_shared:/home/shengbin/camera_ws/install/image_view:/home/shengbin/camera_ws/install/image_rotate:/home/shengbin/camera_ws/install/image_publisher:/home/shengbin/camera_ws/install/image_common:/home/shengbin/camera_ws/install/depth_image_proc:/home/shengbin/camera_ws/install/compressed_image_transport:/home/shengbin/camera_ws/install/compressed_depth_image_transport:/home/shengbin/camera_ws/install/image_geometry:/home/shengbin/camera_ws/install/camera_info_manager:/home/shengbin/camera_ws/install/camera_cpp_py_pkg:/home/shengbin/camera_ws/install/opencv_tests:/home/shengbin/camera_ws/install/camera_calibration:/home/shengbin/camera_ws/install/camera:/opt/ros/humble LD_LIBRARY_PATH=/home/shengbin/camera_ws/install/image_transport/lib:/home/shengbin/camera_ws/install/cv_bridge/lib:/home/shengbin/camera_ws/install/camera_calibration_parsers/lib:/home/shengbin/camera_ws/install/v4l2_camera/lib:/home/shengbin/camera_ws/install/stereo_image_proc/lib:/home/shengbin/camera_ws/install/image_proc/lib:/home/shengbin/camera_ws/install/tracetools_image_pipeline/lib:/home/shengbin/camera_ws/install/theora_image_transport/lib:/home/shengbin/camera_ws/install/image_view/lib:/home/shengbin/camera_ws/install/image_rotate/lib:/home/shengbin/camera_ws/install/image_publisher/lib:/home/shengbin/camera_ws/install/depth_image_proc/lib:/home/shengbin/camera_ws/install/compressed_image_transport/lib:/home/shengbin/camera_ws/install/compressed_depth_image_transport/lib:/home/shengbin/camera_ws/install/image_geometry/lib:/home/shengbin/camera_ws/install/camera_info_manager/lib:/opt/ros/humble/opt/rviz_ogre_vendor/lib:/opt/ros/humble/lib/x86_64-linux-gnu:/opt/ros/humble/lib /usr/bin/cmake --build /home/shengbin/camera_ws/build/image_view -- -j16 -l16
[53.819s] Invoking command in '/home/shengbin/camera_ws/build/image_view': CMAKE_PREFIX_PATH=/home/shengbin/camera_ws/install/image_transport:/home/shengbin/camera_ws/install/cv_bridge:/home/shengbin/camera_ws/install/camera_calibration_parsers:/home/shengbin/camera_ws/install/vision_opencv:/home/shengbin/camera_ws/install/v4l2_camera:/home/shengbin/camera_ws/install/image_pipeline:/home/shengbin/camera_ws/install/stereo_image_proc:/home/shengbin/camera_ws/install/image_proc:/home/shengbin/camera_ws/install/tracetools_image_pipeline:/home/shengbin/camera_ws/install/image_transport_plugins:/home/shengbin/camera_ws/install/theora_image_transport:/home/shengbin/camera_ws/install/ros2_shared:/home/shengbin/camera_ws/install/image_view:/home/shengbin/camera_ws/install/image_rotate:/home/shengbin/camera_ws/install/image_publisher:/home/shengbin/camera_ws/install/image_common:/home/shengbin/camera_ws/install/depth_image_proc:/home/shengbin/camera_ws/install/compressed_image_transport:/home/shengbin/camera_ws/install/compressed_depth_image_transport:/home/shengbin/camera_ws/install/image_geometry:/home/shengbin/camera_ws/install/camera_info_manager:/home/shengbin/camera_ws/install/camera_cpp_py_pkg:/home/shengbin/camera_ws/install/opencv_tests:/home/shengbin/camera_ws/install/camera_calibration:/home/shengbin/camera_ws/install/camera:/opt/ros/humble LD_LIBRARY_PATH=/home/shengbin/camera_ws/install/image_transport/lib:/home/shengbin/camera_ws/install/cv_bridge/lib:/home/shengbin/camera_ws/install/camera_calibration_parsers/lib:/home/shengbin/camera_ws/install/v4l2_camera/lib:/home/shengbin/camera_ws/install/stereo_image_proc/lib:/home/shengbin/camera_ws/install/image_proc/lib:/home/shengbin/camera_ws/install/tracetools_image_pipeline/lib:/home/shengbin/camera_ws/install/theora_image_transport/lib:/home/shengbin/camera_ws/install/image_view/lib:/home/shengbin/camera_ws/install/image_rotate/lib:/home/shengbin/camera_ws/install/image_publisher/lib:/home/shengbin/camera_ws/install/depth_image_proc/lib:/home/shengbin/camera_ws/install/compressed_image_transport/lib:/home/shengbin/camera_ws/install/compressed_depth_image_transport/lib:/home/shengbin/camera_ws/install/image_geometry/lib:/home/shengbin/camera_ws/install/camera_info_manager/lib:/opt/ros/humble/opt/rviz_ogre_vendor/lib:/opt/ros/humble/lib/x86_64-linux-gnu:/opt/ros/humble/lib /usr/bin/cmake --install /home/shengbin/camera_ws/build/image_view
[53.827s] -- Install configuration: ""
[53.827s] -- Installing: /home/shengbin/camera_ws/install/image_view/include
[53.827s] -- Installing: /home/shengbin/camera_ws/install/image_view/include/image_view
[53.827s] -- Installing: /home/shengbin/camera_ws/install/image_view/include/image_view/video_recorder_node.hpp
[53.827s] -- Installing: /home/shengbin/camera_ws/install/image_view/include/image_view/image_view_node.hpp
[53.828s] -- Installing: /home/shengbin/camera_ws/install/image_view/include/image_view/stereo_view_node.hpp
[53.828s] -- Installing: /home/shengbin/camera_ws/install/image_view/include/image_view/extract_images_node.hpp
[53.828s] -- Installing: /home/shengbin/camera_ws/install/image_view/include/image_view/image_saver_node.hpp
[53.828s] -- Installing: /home/shengbin/camera_ws/install/image_view/include/image_view/disparity_view_node.hpp
[53.828s] -- Installing: /home/shengbin/camera_ws/install/image_view/share/image_view/environment/library_path.sh
[53.828s] -- Installing: /home/shengbin/camera_ws/install/image_view/share/image_view/environment/library_path.dsv
[53.828s] -- Installing: /home/shengbin/camera_ws/install/image_view/lib/libimage_view_nodes.so
[53.841s] -- Set runtime path of "/home/shengbin/camera_ws/install/image_view/lib/libimage_view_nodes.so" to ""
[53.841s] -- Installing: /home/shengbin/camera_ws/install/image_view/lib/image_view/disparity_view
[53.841s] -- Set runtime path of "/home/shengbin/camera_ws/install/image_view/lib/image_view/disparity_view" to ""
[53.841s] -- Installing: /home/shengbin/camera_ws/install/image_view/lib/image_view/image_view
[53.842s] -- Set runtime path of "/home/shengbin/camera_ws/install/image_view/lib/image_view/image_view" to ""
[53.842s] -- Installing: /home/shengbin/camera_ws/install/image_view/lib/image_view/stereo_view
[53.842s] -- Set runtime path of "/home/shengbin/camera_ws/install/image_view/lib/image_view/stereo_view" to ""
[53.842s] -- Installing: /home/shengbin/camera_ws/install/image_view/lib/image_view/extract_images
[53.842s] -- Set runtime path of "/home/shengbin/camera_ws/install/image_view/lib/image_view/extract_images" to ""
[53.842s] -- Installing: /home/shengbin/camera_ws/install/image_view/lib/image_view/image_saver
[53.843s] -- Set runtime path of "/home/shengbin/camera_ws/install/image_view/lib/image_view/image_saver" to ""
[53.843s] -- Installing: /home/shengbin/camera_ws/install/image_view/lib/image_view/video_recorder
[53.843s] -- Set runtime path of "/home/shengbin/camera_ws/install/image_view/lib/image_view/video_recorder" to ""
[53.843s] -- Installing: /home/shengbin/camera_ws/install/image_view/share/ament_index/resource_index/package_run_dependencies/image_view
[53.843s] -- Installing: /home/shengbin/camera_ws/install/image_view/share/ament_index/resource_index/parent_prefix_path/image_view
[53.843s] -- Installing: /home/shengbin/camera_ws/install/image_view/share/image_view/environment/ament_prefix_path.sh
[53.843s] -- Installing: /home/shengbin/camera_ws/install/image_view/share/image_view/environment/ament_prefix_path.dsv
[53.844s] -- Installing: /home/shengbin/camera_ws/install/image_view/share/image_view/environment/path.sh
[53.844s] -- Installing: /home/shengbin/camera_ws/install/image_view/share/image_view/environment/path.dsv
[53.844s] -- Installing: /home/shengbin/camera_ws/install/image_view/share/image_view/local_setup.bash
[53.844s] -- Installing: /home/shengbin/camera_ws/install/image_view/share/image_view/local_setup.sh
[53.844s] -- Installing: /home/shengbin/camera_ws/install/image_view/share/image_view/local_setup.zsh
[53.844s] -- Installing: /home/shengbin/camera_ws/install/image_view/share/image_view/local_setup.dsv
[53.845s] -- Installing: /home/shengbin/camera_ws/install/image_view/share/image_view/package.dsv
[53.845s] -- Installing: /home/shengbin/camera_ws/install/image_view/share/ament_index/resource_index/packages/image_view
[53.845s] -- Installing: /home/shengbin/camera_ws/install/image_view/share/ament_index/resource_index/rclcpp_components/image_view
[53.845s] -- Installing: /home/shengbin/camera_ws/install/image_view/share/image_view/cmake/ament_cmake_export_dependencies-extras.cmake
[53.845s] -- Installing: /home/shengbin/camera_ws/install/image_view/share/image_view/cmake/ament_cmake_export_include_directories-extras.cmake
[53.845s] -- Installing: /home/shengbin/camera_ws/install/image_view/share/image_view/cmake/ament_cmake_export_libraries-extras.cmake
[53.846s] -- Installing: /home/shengbin/camera_ws/install/image_view/share/image_view/cmake/image_viewConfig.cmake
[53.846s] -- Installing: /home/shengbin/camera_ws/install/image_view/share/image_view/cmake/image_viewConfig-version.cmake
[53.846s] -- Installing: /home/shengbin/camera_ws/install/image_view/share/image_view/package.xml
[53.848s] Invoked command in '/home/shengbin/camera_ws/build/image_view' returned '0': CMAKE_PREFIX_PATH=/home/shengbin/camera_ws/install/image_transport:/home/shengbin/camera_ws/install/cv_bridge:/home/shengbin/camera_ws/install/camera_calibration_parsers:/home/shengbin/camera_ws/install/vision_opencv:/home/shengbin/camera_ws/install/v4l2_camera:/home/shengbin/camera_ws/install/image_pipeline:/home/shengbin/camera_ws/install/stereo_image_proc:/home/shengbin/camera_ws/install/image_proc:/home/shengbin/camera_ws/install/tracetools_image_pipeline:/home/shengbin/camera_ws/install/image_transport_plugins:/home/shengbin/camera_ws/install/theora_image_transport:/home/shengbin/camera_ws/install/ros2_shared:/home/shengbin/camera_ws/install/image_view:/home/shengbin/camera_ws/install/image_rotate:/home/shengbin/camera_ws/install/image_publisher:/home/shengbin/camera_ws/install/image_common:/home/shengbin/camera_ws/install/depth_image_proc:/home/shengbin/camera_ws/install/compressed_image_transport:/home/shengbin/camera_ws/install/compressed_depth_image_transport:/home/shengbin/camera_ws/install/image_geometry:/home/shengbin/camera_ws/install/camera_info_manager:/home/shengbin/camera_ws/install/camera_cpp_py_pkg:/home/shengbin/camera_ws/install/opencv_tests:/home/shengbin/camera_ws/install/camera_calibration:/home/shengbin/camera_ws/install/camera:/opt/ros/humble LD_LIBRARY_PATH=/home/shengbin/camera_ws/install/image_transport/lib:/home/shengbin/camera_ws/install/cv_bridge/lib:/home/shengbin/camera_ws/install/camera_calibration_parsers/lib:/home/shengbin/camera_ws/install/v4l2_camera/lib:/home/shengbin/camera_ws/install/stereo_image_proc/lib:/home/shengbin/camera_ws/install/image_proc/lib:/home/shengbin/camera_ws/install/tracetools_image_pipeline/lib:/home/shengbin/camera_ws/install/theora_image_transport/lib:/home/shengbin/camera_ws/install/image_view/lib:/home/shengbin/camera_ws/install/image_rotate/lib:/home/shengbin/camera_ws/install/image_publisher/lib:/home/shengbin/camera_ws/install/depth_image_proc/lib:/home/shengbin/camera_ws/install/compressed_image_transport/lib:/home/shengbin/camera_ws/install/compressed_depth_image_transport/lib:/home/shengbin/camera_ws/install/image_geometry/lib:/home/shengbin/camera_ws/install/camera_info_manager/lib:/opt/ros/humble/opt/rviz_ogre_vendor/lib:/opt/ros/humble/lib/x86_64-linux-gnu:/opt/ros/humble/lib /usr/bin/cmake --install /home/shengbin/camera_ws/build/image_view
