[0.609s] Invoking command in '/home/shengbin/camera_ws/build/camera_info_manager': CMAKE_PREFIX_PATH=/home/shengbin/camera_ws/install/camera_calibration_parsers:/home/shengbin/camera_ws/install/ros2_shared:/home/shengbin/camera_ws/install/image_transport:/home/shengbin/camera_ws/install/image_geometry:/home/shengbin/camera_ws/install/cv_bridge:/home/shengbin/camera_ws/install/camera_info_manager:/home/shengbin/camera_ws/install/camera:/opt/ros/humble LD_LIBRARY_PATH=/home/shengbin/camera_ws/install/camera_calibration_parsers/lib:/home/shengbin/camera_ws/install/image_transport/lib:/home/shengbin/camera_ws/install/image_geometry/lib:/home/shengbin/camera_ws/install/cv_bridge/lib:/home/shengbin/camera_ws/install/camera_info_manager/lib:/opt/ros/humble/opt/rviz_ogre_vendor/lib:/opt/ros/humble/lib/x86_64-linux-gnu:/opt/ros/humble/lib /usr/bin/cmake --build /home/shengbin/camera_ws/build/camera_info_manager -- -j16 -l16
[0.644s] [100%] Built target camera_info_manager
[0.931s] Invoked command in '/home/shengbin/camera_ws/build/camera_info_manager' returned '0': CMAKE_PREFIX_PATH=/home/shengbin/camera_ws/install/camera_calibration_parsers:/home/shengbin/camera_ws/install/ros2_shared:/home/shengbin/camera_ws/install/image_transport:/home/shengbin/camera_ws/install/image_geometry:/home/shengbin/camera_ws/install/cv_bridge:/home/shengbin/camera_ws/install/camera_info_manager:/home/shengbin/camera_ws/install/camera:/opt/ros/humble LD_LIBRARY_PATH=/home/shengbin/camera_ws/install/camera_calibration_parsers/lib:/home/shengbin/camera_ws/install/image_transport/lib:/home/shengbin/camera_ws/install/image_geometry/lib:/home/shengbin/camera_ws/install/cv_bridge/lib:/home/shengbin/camera_ws/install/camera_info_manager/lib:/opt/ros/humble/opt/rviz_ogre_vendor/lib:/opt/ros/humble/lib/x86_64-linux-gnu:/opt/ros/humble/lib /usr/bin/cmake --build /home/shengbin/camera_ws/build/camera_info_manager -- -j16 -l16
[0.943s] Invoking command in '/home/shengbin/camera_ws/build/camera_info_manager': CMAKE_PREFIX_PATH=/home/shengbin/camera_ws/install/camera_calibration_parsers:/home/shengbin/camera_ws/install/ros2_shared:/home/shengbin/camera_ws/install/image_transport:/home/shengbin/camera_ws/install/image_geometry:/home/shengbin/camera_ws/install/cv_bridge:/home/shengbin/camera_ws/install/camera_info_manager:/home/shengbin/camera_ws/install/camera:/opt/ros/humble LD_LIBRARY_PATH=/home/shengbin/camera_ws/install/camera_calibration_parsers/lib:/home/shengbin/camera_ws/install/image_transport/lib:/home/shengbin/camera_ws/install/image_geometry/lib:/home/shengbin/camera_ws/install/cv_bridge/lib:/home/shengbin/camera_ws/install/camera_info_manager/lib:/opt/ros/humble/opt/rviz_ogre_vendor/lib:/opt/ros/humble/lib/x86_64-linux-gnu:/opt/ros/humble/lib /usr/bin/cmake --install /home/shengbin/camera_ws/build/camera_info_manager
[1.064s] -- Install configuration: ""
[1.065s] -- Up-to-date: /home/shengbin/camera_ws/install/camera_info_manager/lib/libcamera_info_manager.so
[1.065s] -- Up-to-date: /home/shengbin/camera_ws/install/camera_info_manager/include/camera_info_manager
[1.065s] -- Up-to-date: /home/shengbin/camera_ws/install/camera_info_manager/include/camera_info_manager/camera_info_manager
[1.065s] -- Up-to-date: /home/shengbin/camera_ws/install/camera_info_manager/include/camera_info_manager/camera_info_manager/camera_info_manager.hpp
[1.065s] -- Up-to-date: /home/shengbin/camera_ws/install/camera_info_manager/include/camera_info_manager/camera_info_manager/camera_info_manager.h
[1.065s] -- Up-to-date: /home/shengbin/camera_ws/install/camera_info_manager/include/camera_info_manager/camera_info_manager/visibility_control.h
[1.065s] -- Up-to-date: /home/shengbin/camera_ws/install/camera_info_manager/share/ament_index/resource_index/package_run_dependencies/camera_info_manager
[1.065s] -- Up-to-date: /home/shengbin/camera_ws/install/camera_info_manager/share/ament_index/resource_index/parent_prefix_path/camera_info_manager
[1.065s] -- Up-to-date: /home/shengbin/camera_ws/install/camera_info_manager/share/camera_info_manager/environment/ament_prefix_path.sh
[1.066s] -- Up-to-date: /home/shengbin/camera_ws/install/camera_info_manager/share/camera_info_manager/environment/ament_prefix_path.dsv
[1.066s] -- Up-to-date: /home/shengbin/camera_ws/install/camera_info_manager/share/camera_info_manager/environment/path.sh
[1.066s] -- Up-to-date: /home/shengbin/camera_ws/install/camera_info_manager/share/camera_info_manager/environment/path.dsv
[1.066s] -- Up-to-date: /home/shengbin/camera_ws/install/camera_info_manager/share/camera_info_manager/local_setup.bash
[1.066s] -- Up-to-date: /home/shengbin/camera_ws/install/camera_info_manager/share/camera_info_manager/local_setup.sh
[1.066s] -- Up-to-date: /home/shengbin/camera_ws/install/camera_info_manager/share/camera_info_manager/local_setup.zsh
[1.066s] -- Up-to-date: /home/shengbin/camera_ws/install/camera_info_manager/share/camera_info_manager/local_setup.dsv
[1.066s] -- Installing: /home/shengbin/camera_ws/install/camera_info_manager/share/camera_info_manager/package.dsv
[1.066s] -- Up-to-date: /home/shengbin/camera_ws/install/camera_info_manager/share/ament_index/resource_index/packages/camera_info_manager
[1.066s] -- Up-to-date: /home/shengbin/camera_ws/install/camera_info_manager/share/camera_info_manager/cmake/export_camera_info_managerExport.cmake
[1.066s] -- Up-to-date: /home/shengbin/camera_ws/install/camera_info_manager/share/camera_info_manager/cmake/export_camera_info_managerExport-noconfig.cmake
[1.067s] -- Up-to-date: /home/shengbin/camera_ws/install/camera_info_manager/share/camera_info_manager/cmake/ament_cmake_export_dependencies-extras.cmake
[1.067s] -- Up-to-date: /home/shengbin/camera_ws/install/camera_info_manager/share/camera_info_manager/cmake/ament_cmake_export_targets-extras.cmake
[1.067s] -- Up-to-date: /home/shengbin/camera_ws/install/camera_info_manager/share/camera_info_manager/cmake/camera_info_managerConfig.cmake
[1.067s] -- Up-to-date: /home/shengbin/camera_ws/install/camera_info_manager/share/camera_info_manager/cmake/camera_info_managerConfig-version.cmake
[1.067s] -- Up-to-date: /home/shengbin/camera_ws/install/camera_info_manager/share/camera_info_manager/package.xml
