[0.701s] Invoking command in '/home/shengbin/camera_ws/build/ros2_shared': CMAKE_PREFIX_PATH=${CMAKE_PREFIX_PATH}:/home/shengbin/camera_ws/install/camera:/opt/ros/humble /usr/bin/cmake --build /home/shengbin/camera_ws/build/ros2_shared -- -j16 -l16
[0.778s] Invoked command in '/home/shengbin/camera_ws/build/ros2_shared' returned '0': CMAKE_PREFIX_PATH=${CMAKE_PREFIX_PATH}:/home/shengbin/camera_ws/install/camera:/opt/ros/humble /usr/bin/cmake --build /home/shengbin/camera_ws/build/ros2_shared -- -j16 -l16
[0.948s] Invoking command in '/home/shengbin/camera_ws/build/ros2_shared': CMAKE_PREFIX_PATH=${CMAKE_PREFIX_PATH}:/home/shengbin/camera_ws/install/camera:/opt/ros/humble /usr/bin/cmake --install /home/shengbin/camera_ws/build/ros2_shared
[0.962s] -- Install configuration: ""
[0.963s] -- Up-to-date: /home/shengbin/camera_ws/install/ros2_shared/include
[0.963s] -- Up-to-date: /home/shengbin/camera_ws/install/ros2_shared/include/ros2_shared
[0.963s] -- Up-to-date: /home/shengbin/camera_ws/install/ros2_shared/include/ros2_shared/param_macros.hpp
[0.963s] -- Up-to-date: /home/shengbin/camera_ws/install/ros2_shared/include/ros2_shared/string_printf.hpp
[0.964s] -- Up-to-date: /home/shengbin/camera_ws/install/ros2_shared/include/ros2_shared/context_macros.hpp
[0.964s] -- Up-to-date: /home/shengbin/camera_ws/install/ros2_shared/share/ament_index/resource_index/package_run_dependencies/ros2_shared
[0.964s] -- Up-to-date: /home/shengbin/camera_ws/install/ros2_shared/share/ament_index/resource_index/parent_prefix_path/ros2_shared
[0.965s] -- Up-to-date: /home/shengbin/camera_ws/install/ros2_shared/share/ros2_shared/environment/ament_prefix_path.sh
[0.965s] -- Up-to-date: /home/shengbin/camera_ws/install/ros2_shared/share/ros2_shared/environment/ament_prefix_path.dsv
[0.965s] -- Up-to-date: /home/shengbin/camera_ws/install/ros2_shared/share/ros2_shared/environment/path.sh
[0.965s] -- Up-to-date: /home/shengbin/camera_ws/install/ros2_shared/share/ros2_shared/environment/path.dsv
[0.965s] -- Up-to-date: /home/shengbin/camera_ws/install/ros2_shared/share/ros2_shared/local_setup.bash
[0.966s] -- Up-to-date: /home/shengbin/camera_ws/install/ros2_shared/share/ros2_shared/local_setup.sh
[0.966s] -- Up-to-date: /home/shengbin/camera_ws/install/ros2_shared/share/ros2_shared/local_setup.zsh
[0.966s] -- Up-to-date: /home/shengbin/camera_ws/install/ros2_shared/share/ros2_shared/local_setup.dsv
[0.966s] -- Installing: /home/shengbin/camera_ws/install/ros2_shared/share/ros2_shared/package.dsv
[0.968s] -- Up-to-date: /home/shengbin/camera_ws/install/ros2_shared/share/ament_index/resource_index/packages/ros2_shared
[0.968s] -- Up-to-date: /home/shengbin/camera_ws/install/ros2_shared/share/ros2_shared/cmake/ros2_shared_targetsExport.cmake
[0.971s] -- Up-to-date: /home/shengbin/camera_ws/install/ros2_shared/share/ros2_shared/cmake/ament_cmake_export_targets-extras.cmake
[0.971s] -- Up-to-date: /home/shengbin/camera_ws/install/ros2_shared/share/ros2_shared/cmake/ament_cmake_export_dependencies-extras.cmake
[0.972s] -- Up-to-date: /home/shengbin/camera_ws/install/ros2_shared/share/ros2_shared/cmake/ros2_sharedConfig.cmake
[0.972s] -- Up-to-date: /home/shengbin/camera_ws/install/ros2_shared/share/ros2_shared/cmake/ros2_sharedConfig-version.cmake
[0.973s] -- Up-to-date: /home/shengbin/camera_ws/install/ros2_shared/share/ros2_shared/package.xml
[1.294s] Invoked command in '/home/shengbin/camera_ws/build/ros2_shared' returned '0': CMAKE_PREFIX_PATH=${CMAKE_PREFIX_PATH}:/home/shengbin/camera_ws/install/camera:/opt/ros/humble /usr/bin/cmake --install /home/shengbin/camera_ws/build/ros2_shared
