[0.727s] Invoking command in '/home/shengbin/camera_ws/src/camera': PYTHONPATH=/home/shengbin/camera_ws/build/camera/prefix_override:/home/shengbin/camera_ws/install/camera/lib/python3.10/site-packages:${PYTHONPATH} /usr/bin/python3 setup.py egg_info --egg-base ../../build/camera build --build-base /home/shengbin/camera_ws/build/camera/build install --record /home/shengbin/camera_ws/build/camera/install.log --single-version-externally-managed
[0.967s] running egg_info
[0.967s] creating ../../build/camera/camera.egg-info
[0.968s] writing ../../build/camera/camera.egg-info/PKG-INFO
[0.968s] writing dependency_links to ../../build/camera/camera.egg-info/dependency_links.txt
[0.969s] writing entry points to ../../build/camera/camera.egg-info/entry_points.txt
[0.969s] writing requirements to ../../build/camera/camera.egg-info/requires.txt
[0.969s] writing top-level names to ../../build/camera/camera.egg-info/top_level.txt
[0.970s] writing manifest file '../../build/camera/camera.egg-info/SOURCES.txt'
[0.972s] reading manifest file '../../build/camera/camera.egg-info/SOURCES.txt'
[0.973s] writing manifest file '../../build/camera/camera.egg-info/SOURCES.txt'
[0.973s] running build
[0.973s] running build_py
[0.974s] creating /home/shengbin/camera_ws/build/camera/build
[0.974s] creating /home/shengbin/camera_ws/build/camera/build/lib
[0.974s] creating /home/shengbin/camera_ws/build/camera/build/lib/camera
[0.974s] copying camera/__init__.py -> /home/shengbin/camera_ws/build/camera/build/lib/camera
[0.974s] running install
[0.975s] /usr/lib/python3/dist-packages/setuptools/command/install.py:34: SetuptoolsDeprecationWarning: setup.py install is deprecated. Use build and pip and other standards-based tools.
[0.975s]   warnings.warn(
[0.975s] running install_lib
[0.976s] creating /home/shengbin/camera_ws/install/camera/lib/python3.10/site-packages/camera
[0.976s] copying /home/shengbin/camera_ws/build/camera/build/lib/camera/__init__.py -> /home/shengbin/camera_ws/install/camera/lib/python3.10/site-packages/camera
[0.977s] byte-compiling /home/shengbin/camera_ws/install/camera/lib/python3.10/site-packages/camera/__init__.py to __init__.cpython-310.pyc
[0.977s] running install_data
[0.978s] creating /home/shengbin/camera_ws/install/camera/share/ament_index
[0.978s] creating /home/shengbin/camera_ws/install/camera/share/ament_index/resource_index
[0.978s] creating /home/shengbin/camera_ws/install/camera/share/ament_index/resource_index/packages
[0.979s] copying resource/camera -> /home/shengbin/camera_ws/install/camera/share/ament_index/resource_index/packages
[0.979s] copying package.xml -> /home/shengbin/camera_ws/install/camera/share/camera
[0.979s] creating /home/shengbin/camera_ws/install/camera/share/camera/launch
[0.979s] running install_egg_info
[0.981s] Copying ../../build/camera/camera.egg-info to /home/shengbin/camera_ws/install/camera/lib/python3.10/site-packages/camera-0.0.0-py3.10.egg-info
[0.982s] running install_scripts
[1.012s] writing list of installed files to '/home/shengbin/camera_ws/build/camera/install.log'
[1.039s] Invoked command in '/home/shengbin/camera_ws/src/camera' returned '0': PYTHONPATH=/home/shengbin/camera_ws/build/camera/prefix_override:/home/shengbin/camera_ws/install/camera/lib/python3.10/site-packages:${PYTHONPATH} /usr/bin/python3 setup.py egg_info --egg-base ../../build/camera build --build-base /home/shengbin/camera_ws/build/camera/build install --record /home/shengbin/camera_ws/build/camera/install.log --single-version-externally-managed
