[0.171s] Invoking command in '/home/shengbin/camera_ws/build/image_rotate': CMAKE_PREFIX_PATH=/home/shengbin/camera_ws/install/image_transport:/home/shengbin/camera_ws/install/cv_bridge:/home/shengbin/camera_ws/install/vision_opencv:/home/shengbin/camera_ws/install/v4l2_camera:/home/shengbin/camera_ws/install/image_transport_plugins:/home/shengbin/camera_ws/install/theora_image_transport:/home/shengbin/camera_ws/install/ros2_shared:/home/shengbin/camera_ws/install/image_common:/home/shengbin/camera_ws/install/compressed_image_transport:/home/shengbin/camera_ws/install/compressed_depth_image_transport:/home/shengbin/camera_ws/install/image_geometry:/home/shengbin/camera_ws/install/camera_calibration_parsers LD_LIBRARY_PATH=/home/shengbin/camera_ws/install/image_transport/lib:/home/shengbin/camera_ws/install/cv_bridge/lib:/home/shengbin/camera_ws/install/v4l2_camera/lib:/home/shengbin/camera_ws/install/theora_image_transport/lib:/home/shengbin/camera_ws/install/compressed_image_transport/lib:/home/shengbin/camera_ws/install/compressed_depth_image_transport/lib:/home/shengbin/camera_ws/install/image_geometry/lib:/home/shengbin/camera_ws/install/camera_calibration_parsers/lib:/opt/ros/humble/opt/rviz_ogre_vendor/lib:/opt/ros/humble/lib/x86_64-linux-gnu:/opt/ros/humble/lib /usr/bin/cmake /home/shengbin/camera_ws/src/image_pipeline/image_rotate -DCATKIN_INSTALL_INTO_PREFIX_ROOT=0 -DCMAKE_INSTALL_PREFIX=/home/shengbin/camera_ws/install/image_rotate
[0.231s] -- The C compiler identification is GNU 11.4.0
[0.293s] -- The CXX compiler identification is GNU 11.4.0
[0.303s] -- Detecting C compiler ABI info
[0.372s] -- Detecting C compiler ABI info - done
[0.381s] -- Check for working C compiler: /usr/bin/cc - skipped
[0.382s] -- Detecting C compile features
[0.382s] -- Detecting C compile features - done
[0.385s] -- Detecting CXX compiler ABI info
[0.456s] -- Detecting CXX compiler ABI info - done
[0.468s] -- Check for working CXX compiler: /usr/bin/c++ - skipped
[0.469s] -- Detecting CXX compile features
[0.470s] -- Detecting CXX compile features - done
[0.480s] [31mCMake Error at CMakeLists.txt:4 (find_package):
[0.480s]   By not providing "Findcatkin.cmake" in CMAKE_MODULE_PATH this project has
[0.480s]   asked CMake to find a package configuration file provided by "catkin", but
[0.480s]   CMake did not find one.
[0.480s] 
[0.480s]   Could not find a package configuration file provided by "catkin" with any
[0.480s]   of the following names:
[0.481s] 
[0.481s]     catkinConfig.cmake
[0.481s]     catkin-config.cmake
[0.481s] 
[0.481s]   Add the installation prefix of "catkin" to CMAKE_PREFIX_PATH or set
[0.481s]   "catkin_DIR" to a directory containing one of the above files.  If "catkin"
[0.481s]   provides a separate development package or SDK, be sure it has been
[0.481s]   installed.
[0.481s] 
[0.481s] [0m
[0.481s] -- Configuring incomplete, errors occurred!
[0.482s] See also "/home/shengbin/camera_ws/build/image_rotate/CMakeFiles/CMakeOutput.log".
