[0.869s] Invoking command in '/home/shengbin/camera_ws/build/camera_info_manager': CMAKE_PREFIX_PATH=/home/shengbin/camera_ws/install/camera_calibration_parsers:/home/shengbin/camera_ws/install/ros2_shared:/home/shengbin/camera_ws/install/image_transport:/home/shengbin/camera_ws/install/image_geometry:/home/shengbin/camera_ws/install/cv_bridge:/home/shengbin/camera_ws/install/camera_info_manager:/home/shengbin/camera_ws/install/camera:/opt/ros/humble LD_LIBRARY_PATH=/home/shengbin/camera_ws/install/camera_calibration_parsers/lib:/home/shengbin/camera_ws/install/image_transport/lib:/home/shengbin/camera_ws/install/image_geometry/lib:/home/shengbin/camera_ws/install/cv_bridge/lib:/home/shengbin/camera_ws/install/camera_info_manager/lib:/opt/ros/humble/opt/rviz_ogre_vendor/lib:/opt/ros/humble/lib/x86_64-linux-gnu:/opt/ros/humble/lib /usr/bin/cmake --build /home/shengbin/camera_ws/build/camera_info_manager -- -j16 -l16
[1.435s] [100%] Built target camera_info_manager
[1.968s] Invoked command in '/home/shengbin/camera_ws/build/camera_info_manager' returned '0': CMAKE_PREFIX_PATH=/home/shengbin/camera_ws/install/camera_calibration_parsers:/home/shengbin/camera_ws/install/ros2_shared:/home/shengbin/camera_ws/install/image_transport:/home/shengbin/camera_ws/install/image_geometry:/home/shengbin/camera_ws/install/cv_bridge:/home/shengbin/camera_ws/install/camera_info_manager:/home/shengbin/camera_ws/install/camera:/opt/ros/humble LD_LIBRARY_PATH=/home/shengbin/camera_ws/install/camera_calibration_parsers/lib:/home/shengbin/camera_ws/install/image_transport/lib:/home/shengbin/camera_ws/install/image_geometry/lib:/home/shengbin/camera_ws/install/cv_bridge/lib:/home/shengbin/camera_ws/install/camera_info_manager/lib:/opt/ros/humble/opt/rviz_ogre_vendor/lib:/opt/ros/humble/lib/x86_64-linux-gnu:/opt/ros/humble/lib /usr/bin/cmake --build /home/shengbin/camera_ws/build/camera_info_manager -- -j16 -l16
[2.098s] Invoking command in '/home/shengbin/camera_ws/build/camera_info_manager': CMAKE_PREFIX_PATH=/home/shengbin/camera_ws/install/camera_calibration_parsers:/home/shengbin/camera_ws/install/ros2_shared:/home/shengbin/camera_ws/install/image_transport:/home/shengbin/camera_ws/install/image_geometry:/home/shengbin/camera_ws/install/cv_bridge:/home/shengbin/camera_ws/install/camera_info_manager:/home/shengbin/camera_ws/install/camera:/opt/ros/humble LD_LIBRARY_PATH=/home/shengbin/camera_ws/install/camera_calibration_parsers/lib:/home/shengbin/camera_ws/install/image_transport/lib:/home/shengbin/camera_ws/install/image_geometry/lib:/home/shengbin/camera_ws/install/cv_bridge/lib:/home/shengbin/camera_ws/install/camera_info_manager/lib:/opt/ros/humble/opt/rviz_ogre_vendor/lib:/opt/ros/humble/lib/x86_64-linux-gnu:/opt/ros/humble/lib /usr/bin/cmake --install /home/shengbin/camera_ws/build/camera_info_manager
[2.116s] -- Install configuration: ""
[2.116s] -- Up-to-date: /home/shengbin/camera_ws/install/camera_info_manager/lib/libcamera_info_manager.so
[2.117s] -- Up-to-date: /home/shengbin/camera_ws/install/camera_info_manager/include/camera_info_manager
[2.119s] -- Up-to-date: /home/shengbin/camera_ws/install/camera_info_manager/include/camera_info_manager/camera_info_manager
[2.119s] -- Up-to-date: /home/shengbin/camera_ws/install/camera_info_manager/include/camera_info_manager/camera_info_manager/camera_info_manager.hpp
[2.119s] -- Up-to-date: /home/shengbin/camera_ws/install/camera_info_manager/include/camera_info_manager/camera_info_manager/camera_info_manager.h
[2.120s] -- Up-to-date: /home/shengbin/camera_ws/install/camera_info_manager/include/camera_info_manager/camera_info_manager/visibility_control.h
[2.120s] -- Up-to-date: /home/shengbin/camera_ws/install/camera_info_manager/share/ament_index/resource_index/package_run_dependencies/camera_info_manager
[2.120s] -- Up-to-date: /home/shengbin/camera_ws/install/camera_info_manager/share/ament_index/resource_index/parent_prefix_path/camera_info_manager
[2.120s] -- Up-to-date: /home/shengbin/camera_ws/install/camera_info_manager/share/camera_info_manager/environment/ament_prefix_path.sh
[2.120s] -- Up-to-date: /home/shengbin/camera_ws/install/camera_info_manager/share/camera_info_manager/environment/ament_prefix_path.dsv
[2.120s] -- Up-to-date: /home/shengbin/camera_ws/install/camera_info_manager/share/camera_info_manager/environment/path.sh
[2.121s] -- Up-to-date: /home/shengbin/camera_ws/install/camera_info_manager/share/camera_info_manager/environment/path.dsv
[2.121s] -- Up-to-date: /home/shengbin/camera_ws/install/camera_info_manager/share/camera_info_manager/local_setup.bash
[2.121s] -- Up-to-date: /home/shengbin/camera_ws/install/camera_info_manager/share/camera_info_manager/local_setup.sh
[2.121s] -- Up-to-date: /home/shengbin/camera_ws/install/camera_info_manager/share/camera_info_manager/local_setup.zsh
[2.121s] -- Up-to-date: /home/shengbin/camera_ws/install/camera_info_manager/share/camera_info_manager/local_setup.dsv
[2.121s] -- Up-to-date: /home/shengbin/camera_ws/install/camera_info_manager/share/camera_info_manager/package.dsv
[2.121s] -- Up-to-date: /home/shengbin/camera_ws/install/camera_info_manager/share/ament_index/resource_index/packages/camera_info_manager
[2.121s] -- Up-to-date: /home/shengbin/camera_ws/install/camera_info_manager/share/camera_info_manager/cmake/export_camera_info_managerExport.cmake
[2.121s] -- Up-to-date: /home/shengbin/camera_ws/install/camera_info_manager/share/camera_info_manager/cmake/export_camera_info_managerExport-noconfig.cmake
[2.122s] -- Up-to-date: /home/shengbin/camera_ws/install/camera_info_manager/share/camera_info_manager/cmake/ament_cmake_export_dependencies-extras.cmake
[2.123s] -- Up-to-date: /home/shengbin/camera_ws/install/camera_info_manager/share/camera_info_manager/cmake/ament_cmake_export_targets-extras.cmake
[2.123s] -- Up-to-date: /home/shengbin/camera_ws/install/camera_info_manager/share/camera_info_manager/cmake/camera_info_managerConfig.cmake
[2.123s] -- Up-to-date: /home/shengbin/camera_ws/install/camera_info_manager/share/camera_info_manager/cmake/camera_info_managerConfig-version.cmake
[2.124s] -- Up-to-date: /home/shengbin/camera_ws/install/camera_info_manager/share/camera_info_manager/package.xml
[2.124s] Invoked command in '/home/shengbin/camera_ws/build/camera_info_manager' returned '0': CMAKE_PREFIX_PATH=/home/shengbin/camera_ws/install/camera_calibration_parsers:/home/shengbin/camera_ws/install/ros2_shared:/home/shengbin/camera_ws/install/image_transport:/home/shengbin/camera_ws/install/image_geometry:/home/shengbin/camera_ws/install/cv_bridge:/home/shengbin/camera_ws/install/camera_info_manager:/home/shengbin/camera_ws/install/camera:/opt/ros/humble LD_LIBRARY_PATH=/home/shengbin/camera_ws/install/camera_calibration_parsers/lib:/home/shengbin/camera_ws/install/image_transport/lib:/home/shengbin/camera_ws/install/image_geometry/lib:/home/shengbin/camera_ws/install/cv_bridge/lib:/home/shengbin/camera_ws/install/camera_info_manager/lib:/opt/ros/humble/opt/rviz_ogre_vendor/lib:/opt/ros/humble/lib/x86_64-linux-gnu:/opt/ros/humble/lib /usr/bin/cmake --install /home/shengbin/camera_ws/build/camera_info_manager
