[0.413s] Invoking command in '/home/shengbin/camera_ws/build/image_transport': CMAKE_PREFIX_PATH=${CMAKE_PREFIX_PATH}:/home/shengbin/camera_ws/install/camera:/opt/ros/humble /usr/bin/cmake --build /home/shengbin/camera_ws/build/image_transport -- -j16 -l16
[1.011s] [  6%] Built target gtest
[1.012s] [ 13%] Built target gtest_main
[1.013s] [ 40%] Built target image_transport
[1.014s] [ 46%] Built target list_transports
[1.014s] [ 53%] Built target image_transport-camera_common
[1.014s] [ 60%] Built target image_transport_plugins
[1.014s] [ 66%] Built target image_transport-publisher
[1.015s] [ 73%] Built target republish
[1.015s] [ 80%] Built target image_transport-message_passing
[1.015s] [ 86%] Built target image_transport-subscriber
[1.015s] [ 93%] Built target image_transport-remapping
[1.015s] [100%] Built target image_transport-single_subscriber_publisher
[1.030s] Invoked command in '/home/shengbin/camera_ws/build/image_transport' returned '0': CMAKE_PREFIX_PATH=${CMAKE_PREFIX_PATH}:/home/shengbin/camera_ws/install/camera:/opt/ros/humble /usr/bin/cmake --build /home/shengbin/camera_ws/build/image_transport -- -j16 -l16
[1.280s] Invoking command in '/home/shengbin/camera_ws/build/image_transport': CMAKE_PREFIX_PATH=${CMAKE_PREFIX_PATH}:/home/shengbin/camera_ws/install/camera:/opt/ros/humble /usr/bin/cmake --install /home/shengbin/camera_ws/build/image_transport
[1.292s] -- Install configuration: ""
[1.293s] -- Up-to-date: /home/shengbin/camera_ws/install/image_transport/share/image_transport/default_plugins.xml
[1.294s] -- Up-to-date: /home/shengbin/camera_ws/install/image_transport/lib/libimage_transport.so
[1.294s] -- Up-to-date: /home/shengbin/camera_ws/install/image_transport/lib/libimage_transport_plugins.so
[1.294s] -- Up-to-date: /home/shengbin/camera_ws/install/image_transport/lib/libimage_transport.so
[1.295s] -- Up-to-date: /home/shengbin/camera_ws/install/image_transport/lib/image_transport/list_transports
[1.299s] -- Up-to-date: /home/shengbin/camera_ws/install/image_transport/lib/image_transport/republish
[1.300s] -- Up-to-date: /home/shengbin/camera_ws/install/image_transport/include/image_transport
[1.300s] -- Up-to-date: /home/shengbin/camera_ws/install/image_transport/include/image_transport/image_transport
[1.301s] -- Up-to-date: /home/shengbin/camera_ws/install/image_transport/include/image_transport/image_transport/subscriber.hpp
[1.301s] -- Up-to-date: /home/shengbin/camera_ws/install/image_transport/include/image_transport/image_transport/transport_hints.hpp
[1.302s] -- Up-to-date: /home/shengbin/camera_ws/install/image_transport/include/image_transport/image_transport/loader_fwds.h
[1.302s] -- Up-to-date: /home/shengbin/camera_ws/install/image_transport/include/image_transport/image_transport/publisher.h
[1.302s] -- Up-to-date: /home/shengbin/camera_ws/install/image_transport/include/image_transport/image_transport/subscriber_filter.h
[1.302s] -- Up-to-date: /home/shengbin/camera_ws/install/image_transport/include/image_transport/image_transport/camera_subscriber.hpp
[1.303s] -- Up-to-date: /home/shengbin/camera_ws/install/image_transport/include/image_transport/image_transport/transport_hints.h
[1.303s] -- Up-to-date: /home/shengbin/camera_ws/install/image_transport/include/image_transport/image_transport/visibility_control.hpp
[1.303s] -- Up-to-date: /home/shengbin/camera_ws/install/image_transport/include/image_transport/image_transport/publisher.hpp
[1.307s] -- Up-to-date: /home/shengbin/camera_ws/install/image_transport/include/image_transport/image_transport/camera_common.h
[1.307s] -- Up-to-date: /home/shengbin/camera_ws/install/image_transport/include/image_transport/image_transport/simple_publisher_plugin.hpp
[1.308s] -- Up-to-date: /home/shengbin/camera_ws/install/image_transport/include/image_transport/image_transport/subscriber_plugin.h
[1.308s] -- Up-to-date: /home/shengbin/camera_ws/install/image_transport/include/image_transport/image_transport/raw_subscriber.h
[1.308s] -- Up-to-date: /home/shengbin/camera_ws/install/image_transport/include/image_transport/image_transport/camera_publisher.h
[1.308s] -- Up-to-date: /home/shengbin/camera_ws/install/image_transport/include/image_transport/image_transport/image_transport.hpp
[1.308s] -- Up-to-date: /home/shengbin/camera_ws/install/image_transport/include/image_transport/image_transport/camera_subscriber.h
[1.308s] -- Up-to-date: /home/shengbin/camera_ws/install/image_transport/include/image_transport/image_transport/camera_common.hpp
[1.308s] -- Up-to-date: /home/shengbin/camera_ws/install/image_transport/include/image_transport/image_transport/simple_publisher_plugin.h
[1.309s] -- Up-to-date: /home/shengbin/camera_ws/install/image_transport/include/image_transport/image_transport/loader_fwds.hpp
[1.309s] -- Up-to-date: /home/shengbin/camera_ws/install/image_transport/include/image_transport/image_transport/subscriber_filter.hpp
[1.309s] -- Up-to-date: /home/shengbin/camera_ws/install/image_transport/include/image_transport/image_transport/simple_subscriber_plugin.hpp
[1.309s] -- Up-to-date: /home/shengbin/camera_ws/install/image_transport/include/image_transport/image_transport/image_transport.h
[1.309s] -- Up-to-date: /home/shengbin/camera_ws/install/image_transport/include/image_transport/image_transport/raw_subscriber.hpp
[1.310s] -- Up-to-date: /home/shengbin/camera_ws/install/image_transport/include/image_transport/image_transport/exception.h
[1.310s] -- Up-to-date: /home/shengbin/camera_ws/install/image_transport/include/image_transport/image_transport/publisher_plugin.h
[1.311s] -- Up-to-date: /home/shengbin/camera_ws/install/image_transport/include/image_transport/image_transport/single_subscriber_publisher.h
[1.311s] -- Up-to-date: /home/shengbin/camera_ws/install/image_transport/include/image_transport/image_transport/simple_subscriber_plugin.h
[1.312s] -- Up-to-date: /home/shengbin/camera_ws/install/image_transport/include/image_transport/image_transport/raw_publisher.h
[1.312s] -- Up-to-date: /home/shengbin/camera_ws/install/image_transport/include/image_transport/image_transport/subscriber_plugin.hpp
[1.313s] -- Up-to-date: /home/shengbin/camera_ws/install/image_transport/include/image_transport/image_transport/camera_publisher.hpp
[1.313s] -- Up-to-date: /home/shengbin/camera_ws/install/image_transport/include/image_transport/image_transport/subscriber.h
[1.314s] -- Up-to-date: /home/shengbin/camera_ws/install/image_transport/include/image_transport/image_transport/raw_publisher.hpp
[1.314s] -- Up-to-date: /home/shengbin/camera_ws/install/image_transport/include/image_transport/image_transport/single_subscriber_publisher.hpp
[1.315s] -- Up-to-date: /home/shengbin/camera_ws/install/image_transport/include/image_transport/image_transport/publisher_plugin.hpp
[1.315s] -- Up-to-date: /home/shengbin/camera_ws/install/image_transport/include/image_transport/image_transport/exception.hpp
[1.315s] -- Up-to-date: /home/shengbin/camera_ws/install/image_transport/share/ament_index/resource_index/package_run_dependencies/image_transport
[1.315s] -- Up-to-date: /home/shengbin/camera_ws/install/image_transport/share/ament_index/resource_index/parent_prefix_path/image_transport
[1.315s] -- Up-to-date: /home/shengbin/camera_ws/install/image_transport/share/image_transport/environment/ament_prefix_path.sh
[1.316s] -- Up-to-date: /home/shengbin/camera_ws/install/image_transport/share/image_transport/environment/ament_prefix_path.dsv
[1.316s] -- Up-to-date: /home/shengbin/camera_ws/install/image_transport/share/image_transport/environment/path.sh
[1.316s] -- Up-to-date: /home/shengbin/camera_ws/install/image_transport/share/image_transport/environment/path.dsv
[1.316s] -- Up-to-date: /home/shengbin/camera_ws/install/image_transport/share/image_transport/local_setup.bash
[1.316s] -- Up-to-date: /home/shengbin/camera_ws/install/image_transport/share/image_transport/local_setup.sh
[1.317s] -- Up-to-date: /home/shengbin/camera_ws/install/image_transport/share/image_transport/local_setup.zsh
[1.317s] -- Up-to-date: /home/shengbin/camera_ws/install/image_transport/share/image_transport/local_setup.dsv
[1.317s] -- Installing: /home/shengbin/camera_ws/install/image_transport/share/image_transport/package.dsv
[1.318s] -- Up-to-date: /home/shengbin/camera_ws/install/image_transport/share/ament_index/resource_index/packages/image_transport
[1.318s] -- Up-to-date: /home/shengbin/camera_ws/install/image_transport/share/ament_index/resource_index/image_transport__pluginlib__plugin/image_transport
[1.318s] -- Up-to-date: /home/shengbin/camera_ws/install/image_transport/share/image_transport/cmake/export_image_transportExport.cmake
[1.319s] -- Up-to-date: /home/shengbin/camera_ws/install/image_transport/share/image_transport/cmake/export_image_transportExport-noconfig.cmake
[1.319s] -- Up-to-date: /home/shengbin/camera_ws/install/image_transport/share/image_transport/cmake/ament_cmake_export_targets-extras.cmake
[1.319s] -- Up-to-date: /home/shengbin/camera_ws/install/image_transport/share/image_transport/cmake/ament_cmake_export_dependencies-extras.cmake
[1.320s] -- Up-to-date: /home/shengbin/camera_ws/install/image_transport/share/image_transport/cmake/image_transportConfig.cmake
[1.320s] -- Up-to-date: /home/shengbin/camera_ws/install/image_transport/share/image_transport/cmake/image_transportConfig-version.cmake
[1.320s] -- Up-to-date: /home/shengbin/camera_ws/install/image_transport/share/image_transport/package.xml
[1.881s] Invoked command in '/home/shengbin/camera_ws/build/image_transport' returned '0': CMAKE_PREFIX_PATH=${CMAKE_PREFIX_PATH}:/home/shengbin/camera_ws/install/camera:/opt/ros/humble /usr/bin/cmake --install /home/shengbin/camera_ws/build/image_transport
