[0.318s] Invoking command in '/home/shengbin/camera_ws/build/image_proc': CMAKE_PREFIX_PATH=/home/shengbin/camera_ws/install/image_transport:/home/shengbin/camera_ws/install/image_geometry:/home/shengbin/camera_ws/install/cv_bridge:/home/shengbin/camera_ws/install/camera_calibration_parsers:/home/shengbin/camera_ws/install/vision_opencv:/home/shengbin/camera_ws/install/v4l2_camera:/home/shengbin/camera_ws/install/image_transport_plugins:/home/shengbin/camera_ws/install/theora_image_transport:/home/shengbin/camera_ws/install/ros2_shared:/home/shengbin/camera_ws/install/image_common:/home/shengbin/camera_ws/install/compressed_image_transport:/home/shengbin/camera_ws/install/compressed_depth_image_transport LD_LIBRARY_PATH=/home/shengbin/camera_ws/install/image_transport/lib:/home/shengbin/camera_ws/install/image_geometry/lib:/home/shengbin/camera_ws/install/cv_bridge/lib:/home/shengbin/camera_ws/install/camera_calibration_parsers/lib:/home/shengbin/camera_ws/install/v4l2_camera/lib:/home/shengbin/camera_ws/install/theora_image_transport/lib:/home/shengbin/camera_ws/install/compressed_image_transport/lib:/home/shengbin/camera_ws/install/compressed_depth_image_transport/lib:/opt/ros/humble/opt/rviz_ogre_vendor/lib:/opt/ros/humble/lib/x86_64-linux-gnu:/opt/ros/humble/lib /usr/bin/cmake /home/shengbin/camera_ws/src/image_pipeline/image_proc -DCATKIN_INSTALL_INTO_PREFIX_ROOT=0 -DCMAKE_INSTALL_PREFIX=/home/shengbin/camera_ws/install/image_proc
[0.370s] -- The C compiler identification is GNU 11.4.0
[0.415s] -- The CXX compiler identification is GNU 11.4.0
[0.425s] -- Detecting C compiler ABI info
[0.506s] -- Detecting C compiler ABI info - done
[0.518s] -- Check for working C compiler: /usr/bin/cc - skipped
[0.518s] -- Detecting C compile features
[0.519s] -- Detecting C compile features - done
[0.524s] -- Detecting CXX compiler ABI info
[0.609s] -- Detecting CXX compiler ABI info - done
[0.616s] -- Check for working CXX compiler: /usr/bin/c++ - skipped
[0.616s] -- Detecting CXX compile features
[0.617s] -- Detecting CXX compile features - done
[0.627s] [31mCMake Error at CMakeLists.txt:4 (find_package):
[0.627s]   By not providing "Findcatkin.cmake" in CMAKE_MODULE_PATH this project has
[0.627s]   asked CMake to find a package configuration file provided by "catkin", but
[0.628s]   CMake did not find one.
[0.628s] 
[0.628s]   Could not find a package configuration file provided by "catkin" with any
[0.628s]   of the following names:
[0.628s] 
[0.628s]     catkinConfig.cmake
[0.628s]     catkin-config.cmake
[0.628s] 
[0.628s]   Add the installation prefix of "catkin" to CMAKE_PREFIX_PATH or set
[0.628s]   "catkin_DIR" to a directory containing one of the above files.  If "catkin"
[0.628s]   provides a separate development package or SDK, be sure it has been
[0.628s]   installed.
[0.629s] 
[0.629s] [0m
[0.629s] -- Configuring incomplete, errors occurred!
[0.629s] See also "/home/shengbin/camera_ws/build/image_proc/CMakeFiles/CMakeOutput.log".
