[0.183s] Invoking command in '/home/shengbin/camera_ws/build/theora_image_transport': CMAKE_PREFIX_PATH=/home/shengbin/camera_ws/install/image_transport:/home/shengbin/camera_ws/install/cv_bridge:/home/shengbin/camera_ws/install/vision_opencv:/home/shengbin/camera_ws/install/v4l2_camera:/home/shengbin/camera_ws/install/image_pipeline:/home/shengbin/camera_ws/install/stereo_image_proc:/home/shengbin/camera_ws/install/image_proc:/home/shengbin/camera_ws/install/tracetools_image_pipeline:/home/shengbin/camera_ws/install/image_transport_plugins:/home/shengbin/camera_ws/install/theora_image_transport:/home/shengbin/camera_ws/install/ros2_shared:/home/shengbin/camera_ws/install/image_view:/home/shengbin/camera_ws/install/image_rotate:/home/shengbin/camera_ws/install/image_publisher:/home/shengbin/camera_ws/install/image_common:/home/shengbin/camera_ws/install/depth_image_proc:/home/shengbin/camera_ws/install/compressed_image_transport:/home/shengbin/camera_ws/install/compressed_depth_image_transport:/home/shengbin/camera_ws/install/image_geometry:/home/shengbin/camera_ws/install/camera_info_manager:/home/shengbin/camera_ws/install/camera_cpp_py_pkg:/home/shengbin/camera_ws/install/camera_calibration_parsers:/home/shengbin/camera_ws/install/opencv_tests:/home/shengbin/camera_ws/install/camera_calibration:/home/shengbin/camera_ws/install/camera:/opt/ros/humble LD_LIBRARY_PATH=/home/shengbin/camera_ws/install/image_transport/lib:/home/shengbin/camera_ws/install/cv_bridge/lib:/home/shengbin/camera_ws/install/v4l2_camera/lib:/home/shengbin/camera_ws/install/stereo_image_proc/lib:/home/shengbin/camera_ws/install/image_proc/lib:/home/shengbin/camera_ws/install/tracetools_image_pipeline/lib:/home/shengbin/camera_ws/install/theora_image_transport/lib:/home/shengbin/camera_ws/install/image_view/lib:/home/shengbin/camera_ws/install/image_rotate/lib:/home/shengbin/camera_ws/install/image_publisher/lib:/home/shengbin/camera_ws/install/depth_image_proc/lib:/home/shengbin/camera_ws/install/compressed_image_transport/lib:/home/shengbin/camera_ws/install/compressed_depth_image_transport/lib:/home/shengbin/camera_ws/install/image_geometry/lib:/home/shengbin/camera_ws/install/camera_info_manager/lib:/home/shengbin/camera_ws/install/camera_calibration_parsers/lib:/opt/ros/humble/opt/rviz_ogre_vendor/lib:/opt/ros/humble/lib/x86_64-linux-gnu:/opt/ros/humble/lib /usr/bin/cmake /home/shengbin/camera_ws/src/image_transport_plugins/theora_image_transport -DCMAKE_INSTALL_PREFIX=/home/shengbin/camera_ws/install/theora_image_transport
[0.230s] -- The C compiler identification is GNU 11.4.0
[0.281s] -- The CXX compiler identification is GNU 11.4.0
[0.293s] -- Detecting C compiler ABI info
[0.381s] -- Detecting C compiler ABI info - done
[0.395s] -- Check for working C compiler: /usr/bin/cc - skipped
[0.395s] -- Detecting C compile features
[0.396s] -- Detecting C compile features - done
[0.401s] -- Detecting CXX compiler ABI info
[0.492s] -- Detecting CXX compiler ABI info - done
[0.505s] -- Check for working CXX compiler: /usr/bin/c++ - skipped
[0.506s] -- Detecting CXX compile features
[0.507s] -- Detecting CXX compile features - done
[0.511s] -- Found ament_cmake: 1.3.5 (/opt/ros/humble/share/ament_cmake/cmake)
[0.806s] -- Found Python3: /usr/bin/python3.10 (found version "3.10.12") found components: Interpreter 
[0.956s] -- Found image_transport: 3.1.7 (/home/shengbin/camera_ws/install/image_transport/share/image_transport/cmake)
[1.016s] -- Found rosidl_generator_c: 3.1.5 (/opt/ros/humble/share/rosidl_generator_c/cmake)
[1.021s] -- Found rosidl_adapter: 3.1.5 (/opt/ros/humble/share/rosidl_adapter/cmake)
[1.030s] -- Found rosidl_generator_cpp: 3.1.5 (/opt/ros/humble/share/rosidl_generator_cpp/cmake)
[1.044s] -- Using all available rosidl_typesupport_c: rosidl_typesupport_fastrtps_c;rosidl_typesupport_introspection_c
[1.065s] -- Using all available rosidl_typesupport_cpp: rosidl_typesupport_fastrtps_cpp;rosidl_typesupport_introspection_cpp
[1.141s] -- Found rmw_implementation_cmake: 6.1.1 (/opt/ros/humble/share/rmw_implementation_cmake/cmake)
[1.144s] -- Found rmw_cyclonedds_cpp: 1.3.4 (/opt/ros/humble/share/rmw_cyclonedds_cpp/cmake)
[1.183s] -- Using RMW implementation 'rmw_cyclonedds_cpp' as default
[1.194s] -- Looking for pthread.h
[1.277s] -- Looking for pthread.h - found
[1.277s] -- Performing Test CMAKE_HAVE_LIBC_PTHREAD
[1.381s] -- Performing Test CMAKE_HAVE_LIBC_PTHREAD - Success
[1.381s] -- Found Threads: TRUE  
[1.719s] -- Found cv_bridge: 3.2.1 (/home/shengbin/camera_ws/install/cv_bridge/share/cv_bridge/cmake)
[1.737s] -- Found rosidl_default_generators: 1.2.0 (/opt/ros/humble/share/rosidl_default_generators/cmake)
[1.752s] -- Found OpenCV: /usr (found version "4.5.4") found components: imgproc 
[1.759s] -- Found PkgConfig: /usr/bin/pkg-config (found version "0.29.2") 
[1.760s] -- Checking for module 'ogg'
[1.780s] --   Found ogg, version 1.3.5
[1.821s] -- Checking for module 'theora'
[1.840s] --   Found theora, version 1.1.1
[1.874s] -- Checking for module 'theoraenc'
[1.893s] --   Found theoraenc, version 1.1.1
[1.936s] -- Checking for module 'theoradec'
[1.951s] --   Found theoradec, version 1.1.1
[2.584s] -- Found ament_cmake_cppcheck: 0.12.8 (/opt/ros/humble/share/ament_cmake_cppcheck/cmake)
[2.591s] -- Found ament_cmake_cpplint: 0.12.8 (/opt/ros/humble/share/ament_cmake_cpplint/cmake)
[2.596s] -- Found ament_cmake_uncrustify: 0.12.8 (/opt/ros/humble/share/ament_cmake_uncrustify/cmake)
[2.609s] -- Found ament_cmake_ros: 0.10.0 (/opt/ros/humble/share/ament_cmake_ros/cmake)
[3.823s] -- Using all available rosidl_typesupport_c: rosidl_typesupport_fastrtps_c;rosidl_typesupport_introspection_c
[4.130s] -- Using all available rosidl_typesupport_cpp: rosidl_typesupport_fastrtps_cpp;rosidl_typesupport_introspection_cpp
[4.179s] -- Found PythonInterp: /usr/bin/python3 (found suitable version "3.10.12", minimum required is "3.6") 
[4.183s] -- Found python_cmake_module: 0.10.0 (/opt/ros/humble/share/python_cmake_module/cmake)
[4.306s] -- Found PythonLibs: /usr/lib/x86_64-linux-gnu/libpython3.10.so (found suitable version "3.10.12", minimum required is "3.5") 
[4.306s] -- Using PYTHON_EXECUTABLE: /usr/bin/python3
[4.307s] -- Using PYTHON_INCLUDE_DIRS: /usr/include/python3.10
[4.307s] -- Using PYTHON_LIBRARIES: /usr/lib/x86_64-linux-gnu/libpython3.10.so
[4.398s] -- Found PythonExtra: .so  
[4.674s] -- Found ament_cmake_flake8: 0.12.8 (/opt/ros/humble/share/ament_cmake_flake8/cmake)
[4.680s] -- Found ament_cmake_pep257: 0.12.8 (/opt/ros/humble/share/ament_cmake_pep257/cmake)
[4.745s] -- Configuring done
[4.937s] -- Generating done
[4.953s] -- Build files have been written to: /home/shengbin/camera_ws/build/theora_image_transport
[5.000s] Invoked command in '/home/shengbin/camera_ws/build/theora_image_transport' returned '0': CMAKE_PREFIX_PATH=/home/shengbin/camera_ws/install/image_transport:/home/shengbin/camera_ws/install/cv_bridge:/home/shengbin/camera_ws/install/vision_opencv:/home/shengbin/camera_ws/install/v4l2_camera:/home/shengbin/camera_ws/install/image_pipeline:/home/shengbin/camera_ws/install/stereo_image_proc:/home/shengbin/camera_ws/install/image_proc:/home/shengbin/camera_ws/install/tracetools_image_pipeline:/home/shengbin/camera_ws/install/image_transport_plugins:/home/shengbin/camera_ws/install/theora_image_transport:/home/shengbin/camera_ws/install/ros2_shared:/home/shengbin/camera_ws/install/image_view:/home/shengbin/camera_ws/install/image_rotate:/home/shengbin/camera_ws/install/image_publisher:/home/shengbin/camera_ws/install/image_common:/home/shengbin/camera_ws/install/depth_image_proc:/home/shengbin/camera_ws/install/compressed_image_transport:/home/shengbin/camera_ws/install/compressed_depth_image_transport:/home/shengbin/camera_ws/install/image_geometry:/home/shengbin/camera_ws/install/camera_info_manager:/home/shengbin/camera_ws/install/camera_cpp_py_pkg:/home/shengbin/camera_ws/install/camera_calibration_parsers:/home/shengbin/camera_ws/install/opencv_tests:/home/shengbin/camera_ws/install/camera_calibration:/home/shengbin/camera_ws/install/camera:/opt/ros/humble LD_LIBRARY_PATH=/home/shengbin/camera_ws/install/image_transport/lib:/home/shengbin/camera_ws/install/cv_bridge/lib:/home/shengbin/camera_ws/install/v4l2_camera/lib:/home/shengbin/camera_ws/install/stereo_image_proc/lib:/home/shengbin/camera_ws/install/image_proc/lib:/home/shengbin/camera_ws/install/tracetools_image_pipeline/lib:/home/shengbin/camera_ws/install/theora_image_transport/lib:/home/shengbin/camera_ws/install/image_view/lib:/home/shengbin/camera_ws/install/image_rotate/lib:/home/shengbin/camera_ws/install/image_publisher/lib:/home/shengbin/camera_ws/install/depth_image_proc/lib:/home/shengbin/camera_ws/install/compressed_image_transport/lib:/home/shengbin/camera_ws/install/compressed_depth_image_transport/lib:/home/shengbin/camera_ws/install/image_geometry/lib:/home/shengbin/camera_ws/install/camera_info_manager/lib:/home/shengbin/camera_ws/install/camera_calibration_parsers/lib:/opt/ros/humble/opt/rviz_ogre_vendor/lib:/opt/ros/humble/lib/x86_64-linux-gnu:/opt/ros/humble/lib /usr/bin/cmake /home/shengbin/camera_ws/src/image_transport_plugins/theora_image_transport -DCMAKE_INSTALL_PREFIX=/home/shengbin/camera_ws/install/theora_image_transport
[5.001s] Invoking command in '/home/shengbin/camera_ws/build/theora_image_transport': CMAKE_PREFIX_PATH=/home/shengbin/camera_ws/install/image_transport:/home/shengbin/camera_ws/install/cv_bridge:/home/shengbin/camera_ws/install/vision_opencv:/home/shengbin/camera_ws/install/v4l2_camera:/home/shengbin/camera_ws/install/image_pipeline:/home/shengbin/camera_ws/install/stereo_image_proc:/home/shengbin/camera_ws/install/image_proc:/home/shengbin/camera_ws/install/tracetools_image_pipeline:/home/shengbin/camera_ws/install/image_transport_plugins:/home/shengbin/camera_ws/install/theora_image_transport:/home/shengbin/camera_ws/install/ros2_shared:/home/shengbin/camera_ws/install/image_view:/home/shengbin/camera_ws/install/image_rotate:/home/shengbin/camera_ws/install/image_publisher:/home/shengbin/camera_ws/install/image_common:/home/shengbin/camera_ws/install/depth_image_proc:/home/shengbin/camera_ws/install/compressed_image_transport:/home/shengbin/camera_ws/install/compressed_depth_image_transport:/home/shengbin/camera_ws/install/image_geometry:/home/shengbin/camera_ws/install/camera_info_manager:/home/shengbin/camera_ws/install/camera_cpp_py_pkg:/home/shengbin/camera_ws/install/camera_calibration_parsers:/home/shengbin/camera_ws/install/opencv_tests:/home/shengbin/camera_ws/install/camera_calibration:/home/shengbin/camera_ws/install/camera:/opt/ros/humble LD_LIBRARY_PATH=/home/shengbin/camera_ws/install/image_transport/lib:/home/shengbin/camera_ws/install/cv_bridge/lib:/home/shengbin/camera_ws/install/v4l2_camera/lib:/home/shengbin/camera_ws/install/stereo_image_proc/lib:/home/shengbin/camera_ws/install/image_proc/lib:/home/shengbin/camera_ws/install/tracetools_image_pipeline/lib:/home/shengbin/camera_ws/install/theora_image_transport/lib:/home/shengbin/camera_ws/install/image_view/lib:/home/shengbin/camera_ws/install/image_rotate/lib:/home/shengbin/camera_ws/install/image_publisher/lib:/home/shengbin/camera_ws/install/depth_image_proc/lib:/home/shengbin/camera_ws/install/compressed_image_transport/lib:/home/shengbin/camera_ws/install/compressed_depth_image_transport/lib:/home/shengbin/camera_ws/install/image_geometry/lib:/home/shengbin/camera_ws/install/camera_info_manager/lib:/home/shengbin/camera_ws/install/camera_calibration_parsers/lib:/opt/ros/humble/opt/rviz_ogre_vendor/lib:/opt/ros/humble/lib/x86_64-linux-gnu:/opt/ros/humble/lib /usr/bin/cmake --build /home/shengbin/camera_ws/build/theora_image_transport -- -j16 -l16
[5.109s] [  2%] [34m[1mGenerating C++ code for ROS interfaces[0m
[5.174s] [  5%] [34m[1mGenerating C code for ROS interfaces[0m
[5.228s] [  5%] Built target ament_cmake_python_copy_theora_image_transport
[5.945s] running egg_info
[5.949s] creating theora_image_transport.egg-info
[5.950s] writing theora_image_transport.egg-info/PKG-INFO
[5.950s] writing dependency_links to theora_image_transport.egg-info/dependency_links.txt
[5.950s] writing top-level names to theora_image_transport.egg-info/top_level.txt
[5.951s] writing manifest file 'theora_image_transport.egg-info/SOURCES.txt'
[5.956s] reading manifest file 'theora_image_transport.egg-info/SOURCES.txt'
[5.957s] writing manifest file 'theora_image_transport.egg-info/SOURCES.txt'
[6.026s] [  5%] Built target ament_cmake_python_build_theora_image_transport_egg
[6.850s] [  8%] [32mBuilding C object CMakeFiles/theora_image_transport__rosidl_generator_c.dir/rosidl_generator_c/theora_image_transport/msg/detail/packet__functions.c.o[0m
[6.896s] [  8%] Built target theora_image_transport__cpp
[6.992s] [ 10%] [34m[1mGenerating C++ type support for eProsima Fast-RTPS[0m
[6.998s] [ 13%] [34m[1mGenerating C++ type support dispatch for ROS interfaces[0m
[7.045s] [ 16%] [34m[1mGenerating C++ introspection for ROS interfaces[0m
[7.149s] [ 18%] [32m[1mLinking C shared library libtheora_image_transport__rosidl_generator_c.so[0m
[7.355s] [ 18%] Built target theora_image_transport__rosidl_generator_c
[7.442s] [ 21%] [34m[1mGenerating C type support for eProsima Fast-RTPS[0m
[7.443s] [ 24%] [34m[1mGenerating C introspection for ROS interfaces[0m
[7.468s] [ 27%] [34m[1mGenerating C type support dispatch for ROS interfaces[0m
[8.184s] [ 29%] [32mBuilding CXX object CMakeFiles/theora_image_transport__rosidl_typesupport_introspection_cpp.dir/rosidl_typesupport_introspection_cpp/theora_image_transport/msg/detail/packet__type_support.cpp.o[0m
[8.216s] [ 32%] [32mBuilding CXX object CMakeFiles/theora_image_transport__rosidl_typesupport_cpp.dir/rosidl_typesupport_cpp/theora_image_transport/msg/packet__type_support.cpp.o[0m
[8.530s] [ 35%] [32mBuilding CXX object CMakeFiles/theora_image_transport__rosidl_typesupport_c.dir/rosidl_typesupport_c/theora_image_transport/msg/packet__type_support.cpp.o[0m
[8.705s] [ 37%] [32m[1mLinking CXX shared library libtheora_image_transport__rosidl_typesupport_c.so[0m
[8.727s] [ 40%] [32mBuilding C object CMakeFiles/theora_image_transport__rosidl_typesupport_introspection_c.dir/rosidl_typesupport_introspection_c/theora_image_transport/msg/detail/packet__type_support.c.o[0m
[8.812s] [ 43%] [32mBuilding CXX object CMakeFiles/theora_image_transport__rosidl_typesupport_fastrtps_c.dir/rosidl_typesupport_fastrtps_c/theora_image_transport/msg/detail/packet__type_support_c.cpp.o[0m
[8.842s] [ 45%] [32mBuilding CXX object CMakeFiles/theora_image_transport__rosidl_typesupport_fastrtps_cpp.dir/rosidl_typesupport_fastrtps_cpp/theora_image_transport/msg/detail/dds_fastrtps/packet__type_support.cpp.o[0m
[8.897s] [ 45%] Built target theora_image_transport__rosidl_typesupport_c
[8.942s] [ 48%] [32m[1mLinking C shared library libtheora_image_transport__rosidl_typesupport_introspection_c.so[0m
[9.155s] [ 48%] Built target theora_image_transport__rosidl_typesupport_introspection_c
[9.334s] [ 51%] [32m[1mLinking CXX shared library libtheora_image_transport__rosidl_typesupport_cpp.so[0m
[9.543s] [ 51%] Built target theora_image_transport__rosidl_typesupport_cpp
[9.599s] [ 54%] [32m[1mLinking CXX shared library libtheora_image_transport__rosidl_typesupport_fastrtps_c.so[0m
[9.639s] [ 59%] [32mBuilding CXX object CMakeFiles/theora_image_transport_component.dir/src/theora_subscriber.cpp.o[0m
[9.642s] [ 59%] [32mBuilding CXX object CMakeFiles/theora_image_transport_component.dir/src/manifest.cpp.o[0m
[9.662s] [ 64%] [32mBuilding CXX object CMakeFiles/ogg_saver.dir/src/ogg_saver.cpp.o[0m
[9.664s] [ 64%] [32mBuilding CXX object CMakeFiles/theora_image_transport_component.dir/src/theora_publisher.cpp.o[0m
[9.698s] [ 67%] [32m[1mLinking CXX shared library libtheora_image_transport__rosidl_typesupport_introspection_cpp.so[0m
[9.722s] [ 70%] [32m[1mLinking CXX shared library libtheora_image_transport__rosidl_typesupport_fastrtps_cpp.so[0m
[9.983s] [ 70%] Built target theora_image_transport__rosidl_typesupport_fastrtps_c
[10.074s] [ 70%] Built target theora_image_transport__rosidl_typesupport_introspection_cpp
[10.115s] [ 70%] Built target theora_image_transport__rosidl_typesupport_fastrtps_cpp
[10.278s] [ 70%] Built target theora_image_transport
[10.408s] [ 72%] [34m[1mGenerating Python code for ROS interfaces[0m
[12.314s] [ 72%] Built target theora_image_transport__py
[12.479s] [ 75%] [32mBuilding C object CMakeFiles/theora_image_transport__rosidl_generator_py.dir/rosidl_generator_py/theora_image_transport/msg/_packet_s.c.o[0m
[13.017s] [ 78%] [32m[1mLinking C shared library rosidl_generator_py/theora_image_transport/libtheora_image_transport__rosidl_generator_py.so[0m
[13.272s] [ 78%] Built target theora_image_transport__rosidl_generator_py
[13.424s] [ 81%] [32mBuilding C object CMakeFiles/theora_image_transport__rosidl_typesupport_fastrtps_c__pyext.dir/rosidl_generator_py/theora_image_transport/_theora_image_transport_s.ep.rosidl_typesupport_fastrtps_c.c.o[0m
[13.505s] [ 83%] [32mBuilding C object CMakeFiles/theora_image_transport__rosidl_typesupport_introspection_c__pyext.dir/rosidl_generator_py/theora_image_transport/_theora_image_transport_s.ep.rosidl_typesupport_introspection_c.c.o[0m
[13.521s] [ 86%] [32mBuilding C object CMakeFiles/theora_image_transport__rosidl_typesupport_c__pyext.dir/rosidl_generator_py/theora_image_transport/_theora_image_transport_s.ep.rosidl_typesupport_c.c.o[0m
[13.812s] [ 89%] [32m[1mLinking C shared library rosidl_generator_py/theora_image_transport/theora_image_transport_s__rosidl_typesupport_fastrtps_c.cpython-310-x86_64-linux-gnu.so[0m
[13.844s] [ 91%] [32m[1mLinking C shared library rosidl_generator_py/theora_image_transport/theora_image_transport_s__rosidl_typesupport_c.cpython-310-x86_64-linux-gnu.so[0m
[13.850s] [ 94%] [32m[1mLinking C shared library rosidl_generator_py/theora_image_transport/theora_image_transport_s__rosidl_typesupport_introspection_c.cpython-310-x86_64-linux-gnu.so[0m
[14.021s] [ 94%] Built target theora_image_transport__rosidl_typesupport_introspection_c__pyext
[14.035s] [ 94%] Built target theora_image_transport__rosidl_typesupport_c__pyext
[14.055s] [ 94%] Built target theora_image_transport__rosidl_typesupport_fastrtps_c__pyext
[36.620s] [ 97%] [32m[1mLinking CXX executable ogg_saver[0m
[37.165s] [100%] [32m[1mLinking CXX shared library libtheora_image_transport_component.so[0m
[37.314s] [100%] Built target ogg_saver
[38.505s] [100%] Built target theora_image_transport_component
[38.527s] Invoked command in '/home/shengbin/camera_ws/build/theora_image_transport' returned '0': CMAKE_PREFIX_PATH=/home/shengbin/camera_ws/install/image_transport:/home/shengbin/camera_ws/install/cv_bridge:/home/shengbin/camera_ws/install/vision_opencv:/home/shengbin/camera_ws/install/v4l2_camera:/home/shengbin/camera_ws/install/image_pipeline:/home/shengbin/camera_ws/install/stereo_image_proc:/home/shengbin/camera_ws/install/image_proc:/home/shengbin/camera_ws/install/tracetools_image_pipeline:/home/shengbin/camera_ws/install/image_transport_plugins:/home/shengbin/camera_ws/install/theora_image_transport:/home/shengbin/camera_ws/install/ros2_shared:/home/shengbin/camera_ws/install/image_view:/home/shengbin/camera_ws/install/image_rotate:/home/shengbin/camera_ws/install/image_publisher:/home/shengbin/camera_ws/install/image_common:/home/shengbin/camera_ws/install/depth_image_proc:/home/shengbin/camera_ws/install/compressed_image_transport:/home/shengbin/camera_ws/install/compressed_depth_image_transport:/home/shengbin/camera_ws/install/image_geometry:/home/shengbin/camera_ws/install/camera_info_manager:/home/shengbin/camera_ws/install/camera_cpp_py_pkg:/home/shengbin/camera_ws/install/camera_calibration_parsers:/home/shengbin/camera_ws/install/opencv_tests:/home/shengbin/camera_ws/install/camera_calibration:/home/shengbin/camera_ws/install/camera:/opt/ros/humble LD_LIBRARY_PATH=/home/shengbin/camera_ws/install/image_transport/lib:/home/shengbin/camera_ws/install/cv_bridge/lib:/home/shengbin/camera_ws/install/v4l2_camera/lib:/home/shengbin/camera_ws/install/stereo_image_proc/lib:/home/shengbin/camera_ws/install/image_proc/lib:/home/shengbin/camera_ws/install/tracetools_image_pipeline/lib:/home/shengbin/camera_ws/install/theora_image_transport/lib:/home/shengbin/camera_ws/install/image_view/lib:/home/shengbin/camera_ws/install/image_rotate/lib:/home/shengbin/camera_ws/install/image_publisher/lib:/home/shengbin/camera_ws/install/depth_image_proc/lib:/home/shengbin/camera_ws/install/compressed_image_transport/lib:/home/shengbin/camera_ws/install/compressed_depth_image_transport/lib:/home/shengbin/camera_ws/install/image_geometry/lib:/home/shengbin/camera_ws/install/camera_info_manager/lib:/home/shengbin/camera_ws/install/camera_calibration_parsers/lib:/opt/ros/humble/opt/rviz_ogre_vendor/lib:/opt/ros/humble/lib/x86_64-linux-gnu:/opt/ros/humble/lib /usr/bin/cmake --build /home/shengbin/camera_ws/build/theora_image_transport -- -j16 -l16
[38.673s] Invoking command in '/home/shengbin/camera_ws/build/theora_image_transport': CMAKE_PREFIX_PATH=/home/shengbin/camera_ws/install/image_transport:/home/shengbin/camera_ws/install/cv_bridge:/home/shengbin/camera_ws/install/vision_opencv:/home/shengbin/camera_ws/install/v4l2_camera:/home/shengbin/camera_ws/install/image_pipeline:/home/shengbin/camera_ws/install/stereo_image_proc:/home/shengbin/camera_ws/install/image_proc:/home/shengbin/camera_ws/install/tracetools_image_pipeline:/home/shengbin/camera_ws/install/image_transport_plugins:/home/shengbin/camera_ws/install/theora_image_transport:/home/shengbin/camera_ws/install/ros2_shared:/home/shengbin/camera_ws/install/image_view:/home/shengbin/camera_ws/install/image_rotate:/home/shengbin/camera_ws/install/image_publisher:/home/shengbin/camera_ws/install/image_common:/home/shengbin/camera_ws/install/depth_image_proc:/home/shengbin/camera_ws/install/compressed_image_transport:/home/shengbin/camera_ws/install/compressed_depth_image_transport:/home/shengbin/camera_ws/install/image_geometry:/home/shengbin/camera_ws/install/camera_info_manager:/home/shengbin/camera_ws/install/camera_cpp_py_pkg:/home/shengbin/camera_ws/install/camera_calibration_parsers:/home/shengbin/camera_ws/install/opencv_tests:/home/shengbin/camera_ws/install/camera_calibration:/home/shengbin/camera_ws/install/camera:/opt/ros/humble LD_LIBRARY_PATH=/home/shengbin/camera_ws/install/image_transport/lib:/home/shengbin/camera_ws/install/cv_bridge/lib:/home/shengbin/camera_ws/install/v4l2_camera/lib:/home/shengbin/camera_ws/install/stereo_image_proc/lib:/home/shengbin/camera_ws/install/image_proc/lib:/home/shengbin/camera_ws/install/tracetools_image_pipeline/lib:/home/shengbin/camera_ws/install/theora_image_transport/lib:/home/shengbin/camera_ws/install/image_view/lib:/home/shengbin/camera_ws/install/image_rotate/lib:/home/shengbin/camera_ws/install/image_publisher/lib:/home/shengbin/camera_ws/install/depth_image_proc/lib:/home/shengbin/camera_ws/install/compressed_image_transport/lib:/home/shengbin/camera_ws/install/compressed_depth_image_transport/lib:/home/shengbin/camera_ws/install/image_geometry/lib:/home/shengbin/camera_ws/install/camera_info_manager/lib:/home/shengbin/camera_ws/install/camera_calibration_parsers/lib:/opt/ros/humble/opt/rviz_ogre_vendor/lib:/opt/ros/humble/lib/x86_64-linux-gnu:/opt/ros/humble/lib /usr/bin/cmake --install /home/shengbin/camera_ws/build/theora_image_transport
[38.693s] -- Install configuration: ""
[38.694s] -- Installing: /home/shengbin/camera_ws/install/theora_image_transport/share/ament_index/resource_index/rosidl_interfaces/theora_image_transport
[38.696s] -- Installing: /home/shengbin/camera_ws/install/theora_image_transport/include/theora_image_transport/theora_image_transport
[38.697s] -- Installing: /home/shengbin/camera_ws/install/theora_image_transport/include/theora_image_transport/theora_image_transport/msg
[38.698s] -- Installing: /home/shengbin/camera_ws/install/theora_image_transport/include/theora_image_transport/theora_image_transport/msg/detail
[38.699s] -- Installing: /home/shengbin/camera_ws/install/theora_image_transport/include/theora_image_transport/theora_image_transport/msg/detail/packet__functions.c
[38.702s] -- Installing: /home/shengbin/camera_ws/install/theora_image_transport/include/theora_image_transport/theora_image_transport/msg/detail/packet__struct.h
[38.703s] -- Installing: /home/shengbin/camera_ws/install/theora_image_transport/include/theora_image_transport/theora_image_transport/msg/detail/packet__functions.h
[38.704s] -- Installing: /home/shengbin/camera_ws/install/theora_image_transport/include/theora_image_transport/theora_image_transport/msg/detail/packet__type_support.h
[38.705s] -- Installing: /home/shengbin/camera_ws/install/theora_image_transport/include/theora_image_transport/theora_image_transport/msg/rosidl_generator_c__visibility_control.h
[38.706s] -- Installing: /home/shengbin/camera_ws/install/theora_image_transport/include/theora_image_transport/theora_image_transport/msg/packet.h
[38.708s] -- Installing: /home/shengbin/camera_ws/install/theora_image_transport/share/theora_image_transport/environment/library_path.sh
[38.709s] -- Installing: /home/shengbin/camera_ws/install/theora_image_transport/share/theora_image_transport/environment/library_path.dsv
[38.711s] -- Installing: /home/shengbin/camera_ws/install/theora_image_transport/lib/libtheora_image_transport__rosidl_generator_c.so
[38.715s] -- Set runtime path of "/home/shengbin/camera_ws/install/theora_image_transport/lib/libtheora_image_transport__rosidl_generator_c.so" to ""
[38.730s] -- Up-to-date: /home/shengbin/camera_ws/install/theora_image_transport/include/theora_image_transport/theora_image_transport
[38.730s] -- Up-to-date: /home/shengbin/camera_ws/install/theora_image_transport/include/theora_image_transport/theora_image_transport/msg
[38.730s] -- Up-to-date: /home/shengbin/camera_ws/install/theora_image_transport/include/theora_image_transport/theora_image_transport/msg/detail
[38.730s] -- Installing: /home/shengbin/camera_ws/install/theora_image_transport/include/theora_image_transport/theora_image_transport/msg/detail/packet__rosidl_typesupport_fastrtps_c.h
[38.740s] -- Installing: /home/shengbin/camera_ws/install/theora_image_transport/include/theora_image_transport/theora_image_transport/msg/rosidl_typesupport_fastrtps_c__visibility_control.h
[38.751s] -- Installing: /home/shengbin/camera_ws/install/theora_image_transport/lib/libtheora_image_transport__rosidl_typesupport_fastrtps_c.so
[38.753s] -- Set runtime path of "/home/shengbin/camera_ws/install/theora_image_transport/lib/libtheora_image_transport__rosidl_typesupport_fastrtps_c.so" to ""
[38.754s] -- Up-to-date: /home/shengbin/camera_ws/install/theora_image_transport/include/theora_image_transport/theora_image_transport
[38.754s] -- Up-to-date: /home/shengbin/camera_ws/install/theora_image_transport/include/theora_image_transport/theora_image_transport/msg
[38.754s] -- Installing: /home/shengbin/camera_ws/install/theora_image_transport/include/theora_image_transport/theora_image_transport/msg/packet.hpp
[38.755s] -- Up-to-date: /home/shengbin/camera_ws/install/theora_image_transport/include/theora_image_transport/theora_image_transport/msg/detail
[38.755s] -- Installing: /home/shengbin/camera_ws/install/theora_image_transport/include/theora_image_transport/theora_image_transport/msg/detail/packet__struct.hpp
[38.756s] -- Installing: /home/shengbin/camera_ws/install/theora_image_transport/include/theora_image_transport/theora_image_transport/msg/detail/packet__traits.hpp
[38.757s] -- Installing: /home/shengbin/camera_ws/install/theora_image_transport/include/theora_image_transport/theora_image_transport/msg/detail/packet__builder.hpp
[38.758s] -- Up-to-date: /home/shengbin/camera_ws/install/theora_image_transport/include/theora_image_transport/theora_image_transport
[38.758s] -- Up-to-date: /home/shengbin/camera_ws/install/theora_image_transport/include/theora_image_transport/theora_image_transport/msg
[38.758s] -- Installing: /home/shengbin/camera_ws/install/theora_image_transport/include/theora_image_transport/theora_image_transport/msg/rosidl_typesupport_fastrtps_cpp__visibility_control.h
[38.770s] -- Up-to-date: /home/shengbin/camera_ws/install/theora_image_transport/include/theora_image_transport/theora_image_transport/msg/detail
[38.771s] -- Installing: /home/shengbin/camera_ws/install/theora_image_transport/include/theora_image_transport/theora_image_transport/msg/detail/dds_fastrtps
[38.771s] -- Installing: /home/shengbin/camera_ws/install/theora_image_transport/include/theora_image_transport/theora_image_transport/msg/detail/packet__rosidl_typesupport_fastrtps_cpp.hpp
[38.773s] -- Installing: /home/shengbin/camera_ws/install/theora_image_transport/lib/libtheora_image_transport__rosidl_typesupport_fastrtps_cpp.so
[38.776s] -- Set runtime path of "/home/shengbin/camera_ws/install/theora_image_transport/lib/libtheora_image_transport__rosidl_typesupport_fastrtps_cpp.so" to ""
[38.776s] -- Up-to-date: /home/shengbin/camera_ws/install/theora_image_transport/include/theora_image_transport/theora_image_transport
[38.776s] -- Up-to-date: /home/shengbin/camera_ws/install/theora_image_transport/include/theora_image_transport/theora_image_transport/msg
[38.776s] -- Up-to-date: /home/shengbin/camera_ws/install/theora_image_transport/include/theora_image_transport/theora_image_transport/msg/detail
[38.777s] -- Installing: /home/shengbin/camera_ws/install/theora_image_transport/include/theora_image_transport/theora_image_transport/msg/detail/packet__type_support.c
[38.787s] -- Installing: /home/shengbin/camera_ws/install/theora_image_transport/include/theora_image_transport/theora_image_transport/msg/detail/packet__rosidl_typesupport_introspection_c.h
[38.798s] -- Installing: /home/shengbin/camera_ws/install/theora_image_transport/include/theora_image_transport/theora_image_transport/msg/rosidl_typesupport_introspection_c__visibility_control.h
[38.807s] -- Installing: /home/shengbin/camera_ws/install/theora_image_transport/lib/libtheora_image_transport__rosidl_typesupport_introspection_c.so
[38.809s] -- Set runtime path of "/home/shengbin/camera_ws/install/theora_image_transport/lib/libtheora_image_transport__rosidl_typesupport_introspection_c.so" to ""
[38.809s] -- Installing: /home/shengbin/camera_ws/install/theora_image_transport/lib/libtheora_image_transport__rosidl_typesupport_c.so
[38.811s] -- Set runtime path of "/home/shengbin/camera_ws/install/theora_image_transport/lib/libtheora_image_transport__rosidl_typesupport_c.so" to ""
[38.812s] -- Up-to-date: /home/shengbin/camera_ws/install/theora_image_transport/include/theora_image_transport/theora_image_transport
[38.812s] -- Up-to-date: /home/shengbin/camera_ws/install/theora_image_transport/include/theora_image_transport/theora_image_transport/msg
[38.812s] -- Up-to-date: /home/shengbin/camera_ws/install/theora_image_transport/include/theora_image_transport/theora_image_transport/msg/detail
[38.812s] -- Installing: /home/shengbin/camera_ws/install/theora_image_transport/include/theora_image_transport/theora_image_transport/msg/detail/packet__type_support.cpp
[38.823s] -- Installing: /home/shengbin/camera_ws/install/theora_image_transport/include/theora_image_transport/theora_image_transport/msg/detail/packet__rosidl_typesupport_introspection_cpp.hpp
[38.831s] -- Installing: /home/shengbin/camera_ws/install/theora_image_transport/lib/libtheora_image_transport__rosidl_typesupport_introspection_cpp.so
[38.834s] -- Set runtime path of "/home/shengbin/camera_ws/install/theora_image_transport/lib/libtheora_image_transport__rosidl_typesupport_introspection_cpp.so" to ""
[38.834s] -- Installing: /home/shengbin/camera_ws/install/theora_image_transport/lib/libtheora_image_transport__rosidl_typesupport_cpp.so
[38.836s] -- Set runtime path of "/home/shengbin/camera_ws/install/theora_image_transport/lib/libtheora_image_transport__rosidl_typesupport_cpp.so" to ""
[38.837s] -- Installing: /home/shengbin/camera_ws/install/theora_image_transport/share/theora_image_transport/environment/pythonpath.sh
[38.847s] -- Installing: /home/shengbin/camera_ws/install/theora_image_transport/share/theora_image_transport/environment/pythonpath.dsv
[38.855s] -- Installing: /home/shengbin/camera_ws/install/theora_image_transport/local/lib/python3.10/dist-packages/theora_image_transport-2.5.0-py3.10.egg-info
[38.856s] -- Installing: /home/shengbin/camera_ws/install/theora_image_transport/local/lib/python3.10/dist-packages/theora_image_transport-2.5.0-py3.10.egg-info/dependency_links.txt
[38.857s] -- Installing: /home/shengbin/camera_ws/install/theora_image_transport/local/lib/python3.10/dist-packages/theora_image_transport-2.5.0-py3.10.egg-info/SOURCES.txt
[38.857s] -- Installing: /home/shengbin/camera_ws/install/theora_image_transport/local/lib/python3.10/dist-packages/theora_image_transport-2.5.0-py3.10.egg-info/PKG-INFO
[38.858s] -- Installing: /home/shengbin/camera_ws/install/theora_image_transport/local/lib/python3.10/dist-packages/theora_image_transport-2.5.0-py3.10.egg-info/top_level.txt
[38.870s] -- Installing: /home/shengbin/camera_ws/install/theora_image_transport/local/lib/python3.10/dist-packages/theora_image_transport
[38.870s] -- Installing: /home/shengbin/camera_ws/install/theora_image_transport/local/lib/python3.10/dist-packages/theora_image_transport/theora_image_transport_s__rosidl_typesupport_introspection_c.cpython-310-x86_64-linux-gnu.so
[38.879s] -- Installing: /home/shengbin/camera_ws/install/theora_image_transport/local/lib/python3.10/dist-packages/theora_image_transport/_theora_image_transport_s.ep.rosidl_typesupport_c.c
[38.880s] -- Installing: /home/shengbin/camera_ws/install/theora_image_transport/local/lib/python3.10/dist-packages/theora_image_transport/_theora_image_transport_s.ep.rosidl_typesupport_fastrtps_c.c
[38.881s] -- Installing: /home/shengbin/camera_ws/install/theora_image_transport/local/lib/python3.10/dist-packages/theora_image_transport/msg
[38.882s] -- Installing: /home/shengbin/camera_ws/install/theora_image_transport/local/lib/python3.10/dist-packages/theora_image_transport/msg/_packet.py
[38.883s] -- Installing: /home/shengbin/camera_ws/install/theora_image_transport/local/lib/python3.10/dist-packages/theora_image_transport/msg/_packet_s.c
[38.885s] -- Installing: /home/shengbin/camera_ws/install/theora_image_transport/local/lib/python3.10/dist-packages/theora_image_transport/msg/__init__.py
[38.886s] -- Installing: /home/shengbin/camera_ws/install/theora_image_transport/local/lib/python3.10/dist-packages/theora_image_transport/libtheora_image_transport__rosidl_generator_py.so
[38.887s] -- Installing: /home/shengbin/camera_ws/install/theora_image_transport/local/lib/python3.10/dist-packages/theora_image_transport/theora_image_transport_s__rosidl_typesupport_c.cpython-310-x86_64-linux-gnu.so
[38.895s] -- Installing: /home/shengbin/camera_ws/install/theora_image_transport/local/lib/python3.10/dist-packages/theora_image_transport/theora_image_transport_s__rosidl_typesupport_fastrtps_c.cpython-310-x86_64-linux-gnu.so
[38.898s] -- Installing: /home/shengbin/camera_ws/install/theora_image_transport/local/lib/python3.10/dist-packages/theora_image_transport/_theora_image_transport_s.ep.rosidl_typesupport_introspection_c.c
[38.899s] -- Installing: /home/shengbin/camera_ws/install/theora_image_transport/local/lib/python3.10/dist-packages/theora_image_transport/__init__.py
[38.996s] Listing '/home/shengbin/camera_ws/install/theora_image_transport/local/lib/python3.10/dist-packages/theora_image_transport'...
[38.996s] Compiling '/home/shengbin/camera_ws/install/theora_image_transport/local/lib/python3.10/dist-packages/theora_image_transport/__init__.py'...
[38.997s] Listing '/home/shengbin/camera_ws/install/theora_image_transport/local/lib/python3.10/dist-packages/theora_image_transport/msg'...
[38.997s] Compiling '/home/shengbin/camera_ws/install/theora_image_transport/local/lib/python3.10/dist-packages/theora_image_transport/msg/__init__.py'...
[38.997s] Compiling '/home/shengbin/camera_ws/install/theora_image_transport/local/lib/python3.10/dist-packages/theora_image_transport/msg/_packet.py'...
[39.005s] -- Installing: /home/shengbin/camera_ws/install/theora_image_transport/local/lib/python3.10/dist-packages/theora_image_transport/theora_image_transport_s__rosidl_typesupport_fastrtps_c.cpython-310-x86_64-linux-gnu.so
[39.006s] -- Set runtime path of "/home/shengbin/camera_ws/install/theora_image_transport/local/lib/python3.10/dist-packages/theora_image_transport/theora_image_transport_s__rosidl_typesupport_fastrtps_c.cpython-310-x86_64-linux-gnu.so" to ""
[39.007s] -- Installing: /home/shengbin/camera_ws/install/theora_image_transport/local/lib/python3.10/dist-packages/theora_image_transport/theora_image_transport_s__rosidl_typesupport_introspection_c.cpython-310-x86_64-linux-gnu.so
[39.008s] -- Set runtime path of "/home/shengbin/camera_ws/install/theora_image_transport/local/lib/python3.10/dist-packages/theora_image_transport/theora_image_transport_s__rosidl_typesupport_introspection_c.cpython-310-x86_64-linux-gnu.so" to ""
[39.008s] -- Installing: /home/shengbin/camera_ws/install/theora_image_transport/local/lib/python3.10/dist-packages/theora_image_transport/theora_image_transport_s__rosidl_typesupport_c.cpython-310-x86_64-linux-gnu.so
[39.009s] -- Set runtime path of "/home/shengbin/camera_ws/install/theora_image_transport/local/lib/python3.10/dist-packages/theora_image_transport/theora_image_transport_s__rosidl_typesupport_c.cpython-310-x86_64-linux-gnu.so" to ""
[39.009s] -- Installing: /home/shengbin/camera_ws/install/theora_image_transport/lib/libtheora_image_transport__rosidl_generator_py.so
[39.010s] -- Set runtime path of "/home/shengbin/camera_ws/install/theora_image_transport/lib/libtheora_image_transport__rosidl_generator_py.so" to ""
[39.010s] -- Installing: /home/shengbin/camera_ws/install/theora_image_transport/share/theora_image_transport/msg/Packet.idl
[39.012s] -- Installing: /home/shengbin/camera_ws/install/theora_image_transport/share/theora_image_transport/msg/Packet.msg
[39.012s] -- Installing: /home/shengbin/camera_ws/install/theora_image_transport/lib/libtheora_image_transport_component.so
[39.025s] -- Set runtime path of "/home/shengbin/camera_ws/install/theora_image_transport/lib/libtheora_image_transport_component.so" to ""
[39.026s] -- Installing: /home/shengbin/camera_ws/install/theora_image_transport/lib/theora_image_transport/ogg_saver
[39.032s] -- Set runtime path of "/home/shengbin/camera_ws/install/theora_image_transport/lib/theora_image_transport/ogg_saver" to ""
[39.032s] -- Up-to-date: /home/shengbin/camera_ws/install/theora_image_transport/include/theora_image_transport
[39.032s] -- Up-to-date: /home/shengbin/camera_ws/install/theora_image_transport/include/theora_image_transport/theora_image_transport
[39.033s] -- Installing: /home/shengbin/camera_ws/install/theora_image_transport/include/theora_image_transport/theora_image_transport/theora_publisher.h
[39.033s] -- Installing: /home/shengbin/camera_ws/install/theora_image_transport/include/theora_image_transport/theora_image_transport/theora_subscriber.h
[39.034s] -- Installing: /home/shengbin/camera_ws/install/theora_image_transport/share/theora_image_transport/theora_plugins.xml
[39.035s] -- Installing: /home/shengbin/camera_ws/install/theora_image_transport/share/ament_index/resource_index/package_run_dependencies/theora_image_transport
[39.035s] -- Installing: /home/shengbin/camera_ws/install/theora_image_transport/share/ament_index/resource_index/parent_prefix_path/theora_image_transport
[39.035s] -- Installing: /home/shengbin/camera_ws/install/theora_image_transport/share/theora_image_transport/environment/ament_prefix_path.sh
[39.035s] -- Installing: /home/shengbin/camera_ws/install/theora_image_transport/share/theora_image_transport/environment/ament_prefix_path.dsv
[39.036s] -- Installing: /home/shengbin/camera_ws/install/theora_image_transport/share/theora_image_transport/environment/path.sh
[39.036s] -- Installing: /home/shengbin/camera_ws/install/theora_image_transport/share/theora_image_transport/environment/path.dsv
[39.036s] -- Installing: /home/shengbin/camera_ws/install/theora_image_transport/share/theora_image_transport/local_setup.bash
[39.036s] -- Installing: /home/shengbin/camera_ws/install/theora_image_transport/share/theora_image_transport/local_setup.sh
[39.036s] -- Installing: /home/shengbin/camera_ws/install/theora_image_transport/share/theora_image_transport/local_setup.zsh
[39.037s] -- Installing: /home/shengbin/camera_ws/install/theora_image_transport/share/theora_image_transport/local_setup.dsv
[39.037s] -- Installing: /home/shengbin/camera_ws/install/theora_image_transport/share/theora_image_transport/package.dsv
[39.037s] -- Installing: /home/shengbin/camera_ws/install/theora_image_transport/share/ament_index/resource_index/packages/theora_image_transport
[39.037s] -- Installing: /home/shengbin/camera_ws/install/theora_image_transport/share/ament_index/resource_index/image_transport__pluginlib__plugin/theora_image_transport
[39.038s] -- Installing: /home/shengbin/camera_ws/install/theora_image_transport/share/theora_image_transport/cmake/export_theora_image_transport__rosidl_generator_cExport.cmake
[39.038s] -- Installing: /home/shengbin/camera_ws/install/theora_image_transport/share/theora_image_transport/cmake/export_theora_image_transport__rosidl_generator_cExport-noconfig.cmake
[39.038s] -- Installing: /home/shengbin/camera_ws/install/theora_image_transport/share/theora_image_transport/cmake/export_theora_image_transport__rosidl_typesupport_fastrtps_cExport.cmake
[39.038s] -- Installing: /home/shengbin/camera_ws/install/theora_image_transport/share/theora_image_transport/cmake/export_theora_image_transport__rosidl_typesupport_fastrtps_cExport-noconfig.cmake
[39.039s] -- Installing: /home/shengbin/camera_ws/install/theora_image_transport/share/theora_image_transport/cmake/export_theora_image_transport__rosidl_generator_cppExport.cmake
[39.039s] -- Installing: /home/shengbin/camera_ws/install/theora_image_transport/share/theora_image_transport/cmake/export_theora_image_transport__rosidl_typesupport_fastrtps_cppExport.cmake
[39.040s] -- Installing: /home/shengbin/camera_ws/install/theora_image_transport/share/theora_image_transport/cmake/export_theora_image_transport__rosidl_typesupport_fastrtps_cppExport-noconfig.cmake
[39.040s] -- Installing: /home/shengbin/camera_ws/install/theora_image_transport/share/theora_image_transport/cmake/theora_image_transport__rosidl_typesupport_introspection_cExport.cmake
[39.040s] -- Installing: /home/shengbin/camera_ws/install/theora_image_transport/share/theora_image_transport/cmake/theora_image_transport__rosidl_typesupport_introspection_cExport-noconfig.cmake
[39.040s] -- Installing: /home/shengbin/camera_ws/install/theora_image_transport/share/theora_image_transport/cmake/theora_image_transport__rosidl_typesupport_cExport.cmake
[39.040s] -- Installing: /home/shengbin/camera_ws/install/theora_image_transport/share/theora_image_transport/cmake/theora_image_transport__rosidl_typesupport_cExport-noconfig.cmake
[39.041s] -- Installing: /home/shengbin/camera_ws/install/theora_image_transport/share/theora_image_transport/cmake/theora_image_transport__rosidl_typesupport_introspection_cppExport.cmake
[39.041s] -- Installing: /home/shengbin/camera_ws/install/theora_image_transport/share/theora_image_transport/cmake/theora_image_transport__rosidl_typesupport_introspection_cppExport-noconfig.cmake
[39.041s] -- Installing: /home/shengbin/camera_ws/install/theora_image_transport/share/theora_image_transport/cmake/theora_image_transport__rosidl_typesupport_cppExport.cmake
[39.041s] -- Installing: /home/shengbin/camera_ws/install/theora_image_transport/share/theora_image_transport/cmake/theora_image_transport__rosidl_typesupport_cppExport-noconfig.cmake
[39.042s] -- Installing: /home/shengbin/camera_ws/install/theora_image_transport/share/theora_image_transport/cmake/export_theora_image_transport__rosidl_generator_pyExport.cmake
[39.042s] -- Installing: /home/shengbin/camera_ws/install/theora_image_transport/share/theora_image_transport/cmake/export_theora_image_transport__rosidl_generator_pyExport-noconfig.cmake
[39.042s] -- Installing: /home/shengbin/camera_ws/install/theora_image_transport/share/theora_image_transport/cmake/export_theora_image_transport_componentExport.cmake
[39.043s] -- Installing: /home/shengbin/camera_ws/install/theora_image_transport/share/theora_image_transport/cmake/export_theora_image_transport_componentExport-noconfig.cmake
[39.043s] -- Installing: /home/shengbin/camera_ws/install/theora_image_transport/share/theora_image_transport/cmake/rosidl_cmake-extras.cmake
[39.043s] -- Installing: /home/shengbin/camera_ws/install/theora_image_transport/share/theora_image_transport/cmake/ament_cmake_export_dependencies-extras.cmake
[39.043s] -- Installing: /home/shengbin/camera_ws/install/theora_image_transport/share/theora_image_transport/cmake/ament_cmake_export_include_directories-extras.cmake
[39.044s] -- Installing: /home/shengbin/camera_ws/install/theora_image_transport/share/theora_image_transport/cmake/ament_cmake_export_libraries-extras.cmake
[39.044s] -- Installing: /home/shengbin/camera_ws/install/theora_image_transport/share/theora_image_transport/cmake/ament_cmake_export_targets-extras.cmake
[39.044s] -- Installing: /home/shengbin/camera_ws/install/theora_image_transport/share/theora_image_transport/cmake/rosidl_cmake_export_typesupport_targets-extras.cmake
[39.044s] -- Installing: /home/shengbin/camera_ws/install/theora_image_transport/share/theora_image_transport/cmake/rosidl_cmake_export_typesupport_libraries-extras.cmake
[39.044s] -- Installing: /home/shengbin/camera_ws/install/theora_image_transport/share/theora_image_transport/cmake/theora_image_transportConfig.cmake
[39.045s] -- Installing: /home/shengbin/camera_ws/install/theora_image_transport/share/theora_image_transport/cmake/theora_image_transportConfig-version.cmake
[39.045s] -- Installing: /home/shengbin/camera_ws/install/theora_image_transport/share/theora_image_transport/package.xml
[39.049s] Invoked command in '/home/shengbin/camera_ws/build/theora_image_transport' returned '0': CMAKE_PREFIX_PATH=/home/shengbin/camera_ws/install/image_transport:/home/shengbin/camera_ws/install/cv_bridge:/home/shengbin/camera_ws/install/vision_opencv:/home/shengbin/camera_ws/install/v4l2_camera:/home/shengbin/camera_ws/install/image_pipeline:/home/shengbin/camera_ws/install/stereo_image_proc:/home/shengbin/camera_ws/install/image_proc:/home/shengbin/camera_ws/install/tracetools_image_pipeline:/home/shengbin/camera_ws/install/image_transport_plugins:/home/shengbin/camera_ws/install/theora_image_transport:/home/shengbin/camera_ws/install/ros2_shared:/home/shengbin/camera_ws/install/image_view:/home/shengbin/camera_ws/install/image_rotate:/home/shengbin/camera_ws/install/image_publisher:/home/shengbin/camera_ws/install/image_common:/home/shengbin/camera_ws/install/depth_image_proc:/home/shengbin/camera_ws/install/compressed_image_transport:/home/shengbin/camera_ws/install/compressed_depth_image_transport:/home/shengbin/camera_ws/install/image_geometry:/home/shengbin/camera_ws/install/camera_info_manager:/home/shengbin/camera_ws/install/camera_cpp_py_pkg:/home/shengbin/camera_ws/install/camera_calibration_parsers:/home/shengbin/camera_ws/install/opencv_tests:/home/shengbin/camera_ws/install/camera_calibration:/home/shengbin/camera_ws/install/camera:/opt/ros/humble LD_LIBRARY_PATH=/home/shengbin/camera_ws/install/image_transport/lib:/home/shengbin/camera_ws/install/cv_bridge/lib:/home/shengbin/camera_ws/install/v4l2_camera/lib:/home/shengbin/camera_ws/install/stereo_image_proc/lib:/home/shengbin/camera_ws/install/image_proc/lib:/home/shengbin/camera_ws/install/tracetools_image_pipeline/lib:/home/shengbin/camera_ws/install/theora_image_transport/lib:/home/shengbin/camera_ws/install/image_view/lib:/home/shengbin/camera_ws/install/image_rotate/lib:/home/shengbin/camera_ws/install/image_publisher/lib:/home/shengbin/camera_ws/install/depth_image_proc/lib:/home/shengbin/camera_ws/install/compressed_image_transport/lib:/home/shengbin/camera_ws/install/compressed_depth_image_transport/lib:/home/shengbin/camera_ws/install/image_geometry/lib:/home/shengbin/camera_ws/install/camera_info_manager/lib:/home/shengbin/camera_ws/install/camera_calibration_parsers/lib:/opt/ros/humble/opt/rviz_ogre_vendor/lib:/opt/ros/humble/lib/x86_64-linux-gnu:/opt/ros/humble/lib /usr/bin/cmake --install /home/shengbin/camera_ws/build/theora_image_transport
