[0.097s] Invoking command in '/home/shengbin/camera_ws/build/theora_image_transport': AMENT_PREFIX_PATH=/home/shengbin/camera_ws/install/image_transport:/home/shengbin/camera_ws/install/cv_bridge:${AMENT_PREFIX_PATH} CMAKE_PREFIX_PATH=/home/shengbin/camera_ws/install/image_transport:/home/shengbin/camera_ws/install/cv_bridge:/opt/ros/humble LD_LIBRARY_PATH=/home/shengbin/camera_ws/install/image_transport/lib:/home/shengbin/camera_ws/install/cv_bridge/lib:${LD_LIBRARY_PATH} PYTHONPATH=/home/shengbin/camera_ws/install/cv_bridge/local/lib/python3.10/dist-packages:${PYTHONPATH} /usr/bin/cmake --build /home/shengbin/camera_ws/build/theora_image_transport -- -j16 -l16
[0.139s] [35m[1mConsolidate compiler generated dependencies of target theora_image_transport__rosidl_generator_c[0m
[0.149s] [  2%] Built target theora_image_transport__cpp
[0.149s] [ 10%] Built target theora_image_transport__rosidl_generator_c
[0.159s] [ 10%] Built target ament_cmake_python_copy_theora_image_transport
[0.159s] [35m[1mConsolidate compiler generated dependencies of target theora_image_transport__rosidl_typesupport_c[0m
[0.159s] [35m[1mConsolidate compiler generated dependencies of target theora_image_transport__rosidl_typesupport_fastrtps_c[0m
[0.159s] [35m[1mConsolidate compiler generated dependencies of target theora_image_transport__rosidl_typesupport_cpp[0m
[0.160s] [35m[1mConsolidate compiler generated dependencies of target theora_image_transport__rosidl_typesupport_introspection_cpp[0m
[0.160s] [35m[1mConsolidate compiler generated dependencies of target theora_image_transport__rosidl_typesupport_fastrtps_cpp[0m
[0.160s] [35m[1mConsolidate compiler generated dependencies of target theora_image_transport__rosidl_typesupport_introspection_c[0m
[0.170s] [ 18%] Built target theora_image_transport__rosidl_typesupport_c
[0.172s] [ 27%] Built target theora_image_transport__rosidl_typesupport_cpp
[0.173s] [ 35%] Built target theora_image_transport__rosidl_typesupport_introspection_c
[0.173s] [ 45%] Built target theora_image_transport__rosidl_typesupport_introspection_cpp
[0.173s] [ 51%] Built target theora_image_transport__rosidl_typesupport_fastrtps_c
[0.173s] [ 59%] Built target theora_image_transport__rosidl_typesupport_fastrtps_cpp
[0.186s] [35m[1mConsolidate compiler generated dependencies of target theora_image_transport_component[0m
[0.188s] [ 62%] [32mBuilding CXX object CMakeFiles/ogg_saver.dir/src/ogg_saver.cpp.o[0m
[0.194s] [ 62%] Built target theora_image_transport
[0.204s] [ 64%] [32mBuilding CXX object CMakeFiles/theora_image_transport_component.dir/src/theora_publisher.cpp.o[0m
[0.205s] [ 67%] [32mBuilding CXX object CMakeFiles/theora_image_transport_component.dir/src/theora_subscriber.cpp.o[0m
[0.211s] [ 70%] Built target theora_image_transport__py
[0.220s] [35m[1mConsolidate compiler generated dependencies of target theora_image_transport__rosidl_generator_py[0m
[0.231s] [ 75%] Built target theora_image_transport__rosidl_generator_py
[0.245s] [35m[1mConsolidate compiler generated dependencies of target theora_image_transport__rosidl_typesupport_c__pyext[0m
[0.245s] [35m[1mConsolidate compiler generated dependencies of target theora_image_transport__rosidl_typesupport_introspection_c__pyext[0m
[0.245s] [35m[1mConsolidate compiler generated dependencies of target theora_image_transport__rosidl_typesupport_fastrtps_c__pyext[0m
[0.262s] [ 91%] Built target theora_image_transport__rosidl_typesupport_c__pyext
[0.262s] [ 91%] Built target theora_image_transport__rosidl_typesupport_introspection_c__pyext
[0.263s] [ 91%] Built target theora_image_transport__rosidl_typesupport_fastrtps_c__pyext
[0.565s] running egg_info
[0.566s] writing theora_image_transport.egg-info/PKG-INFO
[0.567s] writing dependency_links to theora_image_transport.egg-info/dependency_links.txt
[0.567s] writing top-level names to theora_image_transport.egg-info/top_level.txt
[0.571s] reading manifest file 'theora_image_transport.egg-info/SOURCES.txt'
[0.571s] writing manifest file 'theora_image_transport.egg-info/SOURCES.txt'
[0.625s] [ 91%] Built target ament_cmake_python_build_theora_image_transport_egg
[6.043s] [ 94%] [32m[1mLinking CXX executable ogg_saver[0m
[6.236s] [ 97%] [32m[1mLinking CXX shared library libtheora_image_transport_component.so[0m
[6.350s] [ 97%] Built target ogg_saver
[6.665s] [100%] Built target theora_image_transport_component
