[0.302s] Invoking command in '/home/shengbin/camera_ws/build/image_rotate': AMENT_PREFIX_PATH=/home/shengbin/camera_ws/install/image_transport:/home/shengbin/camera_ws/install/cv_bridge:${AMENT_PREFIX_PATH} CMAKE_PREFIX_PATH=/home/shengbin/camera_ws/install/image_transport:/home/shengbin/camera_ws/install/cv_bridge LD_LIBRARY_PATH=/home/shengbin/camera_ws/install/image_transport/lib:/home/shengbin/camera_ws/install/cv_bridge/lib:${LD_LIBRARY_PATH} PYTHONPATH=/home/shengbin/camera_ws/install/cv_bridge/local/lib/python3.10/dist-packages:${PYTHONPATH} /usr/bin/cmake /home/shengbin/camera_ws/src/image_pipeline/image_rotate -DCATKIN_INSTALL_INTO_PREFIX_ROOT=0 -DCMAKE_INSTALL_PREFIX=/home/shengbin/camera_ws/install/image_rotate
[0.858s] -- Configuring incomplete, errors occurred!
[0.859s] See also "/home/shengbin/camera_ws/build/image_rotate/CMakeFiles/CMakeOutput.log".
[0.862s] [31mCMake Error at CMakeLists.txt:4 (find_package):
[0.862s]   By not providing "Findcatkin.cmake" in CMAKE_MODULE_PATH this project has
[0.862s]   asked CMake to find a package configuration file provided by "catkin", but
[0.862s]   CMake did not find one.
[0.862s] 
[0.862s]   Could not find a package configuration file provided by "catkin" with any
[0.862s]   of the following names:
[0.862s] 
[0.862s]     catkinConfig.cmake
[0.862s]     catkin-config.cmake
[0.863s] 
[0.863s]   Add the installation prefix of "catkin" to CMAKE_PREFIX_PATH or set
[0.863s]   "catkin_DIR" to a directory containing one of the above files.  If "catkin"
[0.863s]   provides a separate development package or SDK, be sure it has been
[0.863s]   installed.
[0.863s] 
[0.863s] [0m
[0.901s] Invoked command in '/home/shengbin/camera_ws/build/image_rotate' returned '1': AMENT_PREFIX_PATH=/home/shengbin/camera_ws/install/image_transport:/home/shengbin/camera_ws/install/cv_bridge:${AMENT_PREFIX_PATH} CMAKE_PREFIX_PATH=/home/shengbin/camera_ws/install/image_transport:/home/shengbin/camera_ws/install/cv_bridge LD_LIBRARY_PATH=/home/shengbin/camera_ws/install/image_transport/lib:/home/shengbin/camera_ws/install/cv_bridge/lib:${LD_LIBRARY_PATH} PYTHONPATH=/home/shengbin/camera_ws/install/cv_bridge/local/lib/python3.10/dist-packages:${PYTHONPATH} /usr/bin/cmake /home/shengbin/camera_ws/src/image_pipeline/image_rotate -DCATKIN_INSTALL_INTO_PREFIX_ROOT=0 -DCMAKE_INSTALL_PREFIX=/home/shengbin/camera_ws/install/image_rotate
