[2.213s] Invoking command in '/home/shengbin/camera_ws/src/image_pipeline/camera_calibration': CMAKE_PREFIX_PATH=/home/shengbin/camera_ws/install/image_geometry:/home/shengbin/camera_ws/install/cv_bridge:/home/shengbin/camera_ws/install/vision_opencv:/home/shengbin/camera_ws/install/v4l2_camera:/home/shengbin/camera_ws/install/image_pipeline:/home/shengbin/camera_ws/install/stereo_image_proc:/home/shengbin/camera_ws/install/image_proc:/home/shengbin/camera_ws/install/tracetools_image_pipeline:/home/shengbin/camera_ws/install/image_transport_plugins:/home/shengbin/camera_ws/install/theora_image_transport:/home/shengbin/camera_ws/install/ros2_shared:/home/shengbin/camera_ws/install/image_view:/home/shengbin/camera_ws/install/image_rotate:/home/shengbin/camera_ws/install/image_publisher:/home/shengbin/camera_ws/install/image_common:/home/shengbin/camera_ws/install/depth_image_proc:/home/shengbin/camera_ws/install/compressed_image_transport:/home/shengbin/camera_ws/install/compressed_depth_image_transport:/home/shengbin/camera_ws/install/image_transport:/home/shengbin/camera_ws/install/camera_info_manager:/home/shengbin/camera_ws/install/camera_cpp_py_pkg:/home/shengbin/camera_ws/install/camera_calibration_parsers LD_LIBRARY_PATH=/home/shengbin/camera_ws/install/image_geometry/lib:/home/shengbin/camera_ws/install/cv_bridge/lib:/home/shengbin/camera_ws/install/v4l2_camera/lib:/home/shengbin/camera_ws/install/stereo_image_proc/lib:/home/shengbin/camera_ws/install/image_proc/lib:/home/shengbin/camera_ws/install/tracetools_image_pipeline/lib:/home/shengbin/camera_ws/install/theora_image_transport/lib:/home/shengbin/camera_ws/install/image_view/lib:/home/shengbin/camera_ws/install/image_rotate/lib:/home/shengbin/camera_ws/install/image_publisher/lib:/home/shengbin/camera_ws/install/depth_image_proc/lib:/home/shengbin/camera_ws/install/compressed_image_transport/lib:/home/shengbin/camera_ws/install/compressed_depth_image_transport/lib:/home/shengbin/camera_ws/install/image_transport/lib:/home/shengbin/camera_ws/install/camera_info_manager/lib:/home/shengbin/camera_ws/install/camera_calibration_parsers/lib:/opt/ros/humble/opt/rviz_ogre_vendor/lib:/opt/ros/humble/lib/x86_64-linux-gnu:/opt/ros/humble/lib PYTHONPATH=/home/shengbin/camera_ws/build/camera_calibration/prefix_override:/home/shengbin/camera_ws/install/camera_calibration/lib/python3.10/site-packages:${PYTHONPATH} /usr/bin/python3 setup.py egg_info --egg-base ../../../build/camera_calibration build --build-base /home/shengbin/camera_ws/build/camera_calibration/build install --record /home/shengbin/camera_ws/build/camera_calibration/install.log --single-version-externally-managed
[2.449s] running egg_info
[2.449s] creating ../../../build/camera_calibration/camera_calibration.egg-info
[2.449s] writing ../../../build/camera_calibration/camera_calibration.egg-info/PKG-INFO
[2.450s] writing dependency_links to ../../../build/camera_calibration/camera_calibration.egg-info/dependency_links.txt
[2.450s] writing entry points to ../../../build/camera_calibration/camera_calibration.egg-info/entry_points.txt
[2.450s] writing requirements to ../../../build/camera_calibration/camera_calibration.egg-info/requires.txt
[2.450s] writing top-level names to ../../../build/camera_calibration/camera_calibration.egg-info/top_level.txt
[2.450s] writing manifest file '../../../build/camera_calibration/camera_calibration.egg-info/SOURCES.txt'
[2.453s] reading manifest file '../../../build/camera_calibration/camera_calibration.egg-info/SOURCES.txt'
[2.453s] writing manifest file '../../../build/camera_calibration/camera_calibration.egg-info/SOURCES.txt'
[2.453s] running build
[2.453s] running build_py
[2.454s] creating /home/shengbin/camera_ws/build/camera_calibration/build
[2.454s] creating /home/shengbin/camera_ws/build/camera_calibration/build/lib
[2.454s] creating /home/shengbin/camera_ws/build/camera_calibration/build/lib/camera_calibration
[2.454s] copying src/camera_calibration/calibrator.py -> /home/shengbin/camera_ws/build/camera_calibration/build/lib/camera_calibration
[2.454s] copying src/camera_calibration/camera_checker.py -> /home/shengbin/camera_ws/build/camera_calibration/build/lib/camera_calibration
[2.454s] copying src/camera_calibration/__init__.py -> /home/shengbin/camera_ws/build/camera_calibration/build/lib/camera_calibration
[2.454s] copying src/camera_calibration/camera_calibrator.py -> /home/shengbin/camera_ws/build/camera_calibration/build/lib/camera_calibration
[2.454s] creating /home/shengbin/camera_ws/build/camera_calibration/build/lib/camera_calibration/nodes
[2.454s] copying src/camera_calibration/nodes/cameracheck.py -> /home/shengbin/camera_ws/build/camera_calibration/build/lib/camera_calibration/nodes
[2.454s] copying src/camera_calibration/nodes/__init__.py -> /home/shengbin/camera_ws/build/camera_calibration/build/lib/camera_calibration/nodes
[2.455s] copying src/camera_calibration/nodes/cameracalibrator.py -> /home/shengbin/camera_ws/build/camera_calibration/build/lib/camera_calibration/nodes
[2.455s] running install
[2.455s] /usr/lib/python3/dist-packages/setuptools/command/install.py:34: SetuptoolsDeprecationWarning: setup.py install is deprecated. Use build and pip and other standards-based tools.
[2.455s]   warnings.warn(
[2.455s] running install_lib
[2.456s] creating /home/shengbin/camera_ws/install/camera_calibration/lib/python3.10/site-packages/camera_calibration
[2.456s] copying /home/shengbin/camera_ws/build/camera_calibration/build/lib/camera_calibration/calibrator.py -> /home/shengbin/camera_ws/install/camera_calibration/lib/python3.10/site-packages/camera_calibration
[2.456s] creating /home/shengbin/camera_ws/install/camera_calibration/lib/python3.10/site-packages/camera_calibration/nodes
[2.456s] copying /home/shengbin/camera_ws/build/camera_calibration/build/lib/camera_calibration/nodes/cameracheck.py -> /home/shengbin/camera_ws/install/camera_calibration/lib/python3.10/site-packages/camera_calibration/nodes
[2.456s] copying /home/shengbin/camera_ws/build/camera_calibration/build/lib/camera_calibration/nodes/__init__.py -> /home/shengbin/camera_ws/install/camera_calibration/lib/python3.10/site-packages/camera_calibration/nodes
[2.456s] copying /home/shengbin/camera_ws/build/camera_calibration/build/lib/camera_calibration/nodes/cameracalibrator.py -> /home/shengbin/camera_ws/install/camera_calibration/lib/python3.10/site-packages/camera_calibration/nodes
[2.456s] copying /home/shengbin/camera_ws/build/camera_calibration/build/lib/camera_calibration/camera_checker.py -> /home/shengbin/camera_ws/install/camera_calibration/lib/python3.10/site-packages/camera_calibration
[2.456s] copying /home/shengbin/camera_ws/build/camera_calibration/build/lib/camera_calibration/__init__.py -> /home/shengbin/camera_ws/install/camera_calibration/lib/python3.10/site-packages/camera_calibration
[2.456s] copying /home/shengbin/camera_ws/build/camera_calibration/build/lib/camera_calibration/camera_calibrator.py -> /home/shengbin/camera_ws/install/camera_calibration/lib/python3.10/site-packages/camera_calibration
[2.457s] byte-compiling /home/shengbin/camera_ws/install/camera_calibration/lib/python3.10/site-packages/camera_calibration/calibrator.py to calibrator.cpython-310.pyc
[2.468s] byte-compiling /home/shengbin/camera_ws/install/camera_calibration/lib/python3.10/site-packages/camera_calibration/nodes/cameracheck.py to cameracheck.cpython-310.pyc
[2.468s] byte-compiling /home/shengbin/camera_ws/install/camera_calibration/lib/python3.10/site-packages/camera_calibration/nodes/__init__.py to __init__.cpython-310.pyc
[2.468s] byte-compiling /home/shengbin/camera_ws/install/camera_calibration/lib/python3.10/site-packages/camera_calibration/nodes/cameracalibrator.py to cameracalibrator.cpython-310.pyc
[2.469s] byte-compiling /home/shengbin/camera_ws/install/camera_calibration/lib/python3.10/site-packages/camera_calibration/camera_checker.py to camera_checker.cpython-310.pyc
[2.471s] byte-compiling /home/shengbin/camera_ws/install/camera_calibration/lib/python3.10/site-packages/camera_calibration/__init__.py to __init__.cpython-310.pyc
[2.471s] byte-compiling /home/shengbin/camera_ws/install/camera_calibration/lib/python3.10/site-packages/camera_calibration/camera_calibrator.py to camera_calibrator.cpython-310.pyc
[2.473s] running install_data
[2.474s] creating /home/shengbin/camera_ws/install/camera_calibration/share/ament_index
[2.474s] creating /home/shengbin/camera_ws/install/camera_calibration/share/ament_index/resource_index
[2.474s] creating /home/shengbin/camera_ws/install/camera_calibration/share/ament_index/resource_index/packages
[2.474s] copying resource/camera_calibration -> /home/shengbin/camera_ws/install/camera_calibration/share/ament_index/resource_index/packages
[2.474s] copying package.xml -> /home/shengbin/camera_ws/install/camera_calibration/share/camera_calibration
[2.475s] running install_egg_info
[2.476s] Copying ../../../build/camera_calibration/camera_calibration.egg-info to /home/shengbin/camera_ws/install/camera_calibration/lib/python3.10/site-packages/camera_calibration-3.0.0-py3.10.egg-info
[2.476s] running install_scripts
[2.497s] Installing cameracalibrator script to /home/shengbin/camera_ws/install/camera_calibration/lib/camera_calibration
[2.497s] Installing cameracheck script to /home/shengbin/camera_ws/install/camera_calibration/lib/camera_calibration
[2.498s] writing list of installed files to '/home/shengbin/camera_ws/build/camera_calibration/install.log'
[2.525s] Invoked command in '/home/shengbin/camera_ws/src/image_pipeline/camera_calibration' returned '0': CMAKE_PREFIX_PATH=/home/shengbin/camera_ws/install/image_geometry:/home/shengbin/camera_ws/install/cv_bridge:/home/shengbin/camera_ws/install/vision_opencv:/home/shengbin/camera_ws/install/v4l2_camera:/home/shengbin/camera_ws/install/image_pipeline:/home/shengbin/camera_ws/install/stereo_image_proc:/home/shengbin/camera_ws/install/image_proc:/home/shengbin/camera_ws/install/tracetools_image_pipeline:/home/shengbin/camera_ws/install/image_transport_plugins:/home/shengbin/camera_ws/install/theora_image_transport:/home/shengbin/camera_ws/install/ros2_shared:/home/shengbin/camera_ws/install/image_view:/home/shengbin/camera_ws/install/image_rotate:/home/shengbin/camera_ws/install/image_publisher:/home/shengbin/camera_ws/install/image_common:/home/shengbin/camera_ws/install/depth_image_proc:/home/shengbin/camera_ws/install/compressed_image_transport:/home/shengbin/camera_ws/install/compressed_depth_image_transport:/home/shengbin/camera_ws/install/image_transport:/home/shengbin/camera_ws/install/camera_info_manager:/home/shengbin/camera_ws/install/camera_cpp_py_pkg:/home/shengbin/camera_ws/install/camera_calibration_parsers LD_LIBRARY_PATH=/home/shengbin/camera_ws/install/image_geometry/lib:/home/shengbin/camera_ws/install/cv_bridge/lib:/home/shengbin/camera_ws/install/v4l2_camera/lib:/home/shengbin/camera_ws/install/stereo_image_proc/lib:/home/shengbin/camera_ws/install/image_proc/lib:/home/shengbin/camera_ws/install/tracetools_image_pipeline/lib:/home/shengbin/camera_ws/install/theora_image_transport/lib:/home/shengbin/camera_ws/install/image_view/lib:/home/shengbin/camera_ws/install/image_rotate/lib:/home/shengbin/camera_ws/install/image_publisher/lib:/home/shengbin/camera_ws/install/depth_image_proc/lib:/home/shengbin/camera_ws/install/compressed_image_transport/lib:/home/shengbin/camera_ws/install/compressed_depth_image_transport/lib:/home/shengbin/camera_ws/install/image_transport/lib:/home/shengbin/camera_ws/install/camera_info_manager/lib:/home/shengbin/camera_ws/install/camera_calibration_parsers/lib:/opt/ros/humble/opt/rviz_ogre_vendor/lib:/opt/ros/humble/lib/x86_64-linux-gnu:/opt/ros/humble/lib PYTHONPATH=/home/shengbin/camera_ws/build/camera_calibration/prefix_override:/home/shengbin/camera_ws/install/camera_calibration/lib/python3.10/site-packages:${PYTHONPATH} /usr/bin/python3 setup.py egg_info --egg-base ../../../build/camera_calibration build --build-base /home/shengbin/camera_ws/build/camera_calibration/build install --record /home/shengbin/camera_ws/build/camera_calibration/install.log --single-version-externally-managed
