[0.326s] Invoking command in '/home/shengbin/camera_ws/build/image_rotate': CMAKE_PREFIX_PATH=/home/shengbin/camera_ws/install/image_transport:/home/shengbin/camera_ws/install/cv_bridge:/home/shengbin/camera_ws/install/ros2_shared:/home/shengbin/camera_ws/install/image_geometry:/home/shengbin/camera_ws/install/camera_info_manager:/home/shengbin/camera_ws/install/camera_calibration_parsers LD_LIBRARY_PATH=/home/shengbin/camera_ws/install/image_transport/lib:/home/shengbin/camera_ws/install/cv_bridge/lib:/home/shengbin/camera_ws/install/image_geometry/lib:/home/shengbin/camera_ws/install/camera_info_manager/lib:/home/shengbin/camera_ws/install/camera_calibration_parsers/lib:/opt/ros/humble/opt/rviz_ogre_vendor/lib:/opt/ros/humble/lib/x86_64-linux-gnu:/opt/ros/humble/lib /usr/bin/cmake /home/shengbin/camera_ws/src/image_pipeline/image_rotate -DCATKIN_INSTALL_INTO_PREFIX_ROOT=0 -DCMAKE_INSTALL_PREFIX=/home/shengbin/camera_ws/install/image_rotate
[0.563s] -- Configuring incomplete, errors occurred!
[0.563s] See also "/home/shengbin/camera_ws/build/image_rotate/CMakeFiles/CMakeOutput.log".
[0.563s] [31mCMake Error at CMakeLists.txt:4 (find_package):
[0.564s]   By not providing "Findcatkin.cmake" in CMAKE_MODULE_PATH this project has
[0.564s]   asked CMake to find a package configuration file provided by "catkin", but
[0.564s]   CMake did not find one.
[0.564s] 
[0.564s]   Could not find a package configuration file provided by "catkin" with any
[0.564s]   of the following names:
[0.564s] 
[0.564s]     catkinConfig.cmake
[0.564s]     catkin-config.cmake
[0.564s] 
[0.564s]   Add the installation prefix of "catkin" to CMAKE_PREFIX_PATH or set
[0.564s]   "catkin_DIR" to a directory containing one of the above files.  If "catkin"
[0.564s]   provides a separate development package or SDK, be sure it has been
[0.564s]   installed.
[0.564s] 
[0.564s] [0m
[0.566s] Invoked command in '/home/shengbin/camera_ws/build/image_rotate' returned '1': CMAKE_PREFIX_PATH=/home/shengbin/camera_ws/install/image_transport:/home/shengbin/camera_ws/install/cv_bridge:/home/shengbin/camera_ws/install/ros2_shared:/home/shengbin/camera_ws/install/image_geometry:/home/shengbin/camera_ws/install/camera_info_manager:/home/shengbin/camera_ws/install/camera_calibration_parsers LD_LIBRARY_PATH=/home/shengbin/camera_ws/install/image_transport/lib:/home/shengbin/camera_ws/install/cv_bridge/lib:/home/shengbin/camera_ws/install/image_geometry/lib:/home/shengbin/camera_ws/install/camera_info_manager/lib:/home/shengbin/camera_ws/install/camera_calibration_parsers/lib:/opt/ros/humble/opt/rviz_ogre_vendor/lib:/opt/ros/humble/lib/x86_64-linux-gnu:/opt/ros/humble/lib /usr/bin/cmake /home/shengbin/camera_ws/src/image_pipeline/image_rotate -DCATKIN_INSTALL_INTO_PREFIX_ROOT=0 -DCMAKE_INSTALL_PREFIX=/home/shengbin/camera_ws/install/image_rotate
