[0.329s] Invoking command in '/home/shengbin/camera_ws/build/image_proc': CMAKE_PREFIX_PATH=/home/shengbin/camera_ws/install/image_transport:/home/shengbin/camera_ws/install/image_geometry:/home/shengbin/camera_ws/install/cv_bridge:/home/shengbin/camera_ws/install/camera_calibration_parsers:/home/shengbin/camera_ws/install/ros2_shared /usr/bin/cmake /home/shengbin/camera_ws/src/image_pipeline/image_proc -DCATKIN_INSTALL_INTO_PREFIX_ROOT=0 -DCMAKE_INSTALL_PREFIX=/home/shengbin/camera_ws/install/image_proc
[0.350s] -- Configuring incomplete, errors occurred!
[0.351s] See also "/home/shengbin/camera_ws/build/image_proc/CMakeFiles/CMakeOutput.log".
[0.351s] [31mCMake Error at CMakeLists.txt:4 (find_package):
[0.351s]   By not providing "Findcatkin.cmake" in CMAKE_MODULE_PATH this project has
[0.351s]   asked CMake to find a package configuration file provided by "catkin", but
[0.351s]   CMake did not find one.
[0.351s] 
[0.351s]   Could not find a package configuration file provided by "catkin" with any
[0.351s]   of the following names:
[0.351s] 
[0.352s]     catkinConfig.cmake
[0.352s]     catkin-config.cmake
[0.352s] 
[0.352s]   Add the installation prefix of "catkin" to CMAKE_PREFIX_PATH or set
[0.352s]   "catkin_DIR" to a directory containing one of the above files.  If "catkin"
[0.352s]   provides a separate development package or SDK, be sure it has been
[0.352s]   installed.
[0.352s] 
[0.353s] [0m
[0.433s] Invoked command in '/home/shengbin/camera_ws/build/image_proc' returned '1': CMAKE_PREFIX_PATH=/home/shengbin/camera_ws/install/image_transport:/home/shengbin/camera_ws/install/image_geometry:/home/shengbin/camera_ws/install/cv_bridge:/home/shengbin/camera_ws/install/camera_calibration_parsers:/home/shengbin/camera_ws/install/ros2_shared /usr/bin/cmake /home/shengbin/camera_ws/src/image_pipeline/image_proc -DCATKIN_INSTALL_INTO_PREFIX_ROOT=0 -DCMAKE_INSTALL_PREFIX=/home/shengbin/camera_ws/install/image_proc
