[0.211s] Invoking command in '/home/shengbin/camera_ws/build/image_transport': CMAKE_PREFIX_PATH=${CMAKE_PREFIX_PATH}:/home/shengbin/camera_ws/install/opencv_tests:/home/shengbin/camera_ws/install/camera_info_manager:/home/shengbin/camera_ws/install/camera:/opt/ros/humble /usr/bin/cmake /home/shengbin/camera_ws/src/image_common/image_transport -DCMAKE_INSTALL_PREFIX=/home/shengbin/camera_ws/install/image_transport
[0.245s] -- The C compiler identification is GNU 11.4.0
[0.284s] -- The CXX compiler identification is GNU 11.4.0
[0.291s] -- Detecting C compiler ABI info
[0.348s] -- Detecting C compiler ABI info - done
[0.354s] -- Check for working C compiler: /usr/bin/cc - skipped
[0.354s] -- Detecting C compile features
[0.354s] -- Detecting C compile features - done
[0.357s] -- Detecting CXX compiler ABI info
[0.415s] -- Detecting CXX compiler ABI info - done
[0.425s] -- Check for working CXX compiler: /usr/bin/c++ - skipped
[0.426s] -- Detecting CXX compile features
[0.427s] -- Detecting CXX compile features - done
[0.429s] -- Found ament_cmake_ros: 0.10.0 (/opt/ros/humble/share/ament_cmake_ros/cmake)
[0.576s] -- Found Python3: /usr/bin/python3.10 (found version "3.10.12") found components: Interpreter 
[0.660s] -- Found message_filters: 4.3.3 (/opt/ros/humble/share/message_filters/cmake)
[0.714s] -- Found rosidl_generator_c: 3.1.5 (/opt/ros/humble/share/rosidl_generator_c/cmake)
[0.720s] -- Found rosidl_adapter: 3.1.5 (/opt/ros/humble/share/rosidl_adapter/cmake)
[0.730s] -- Found rosidl_generator_cpp: 3.1.5 (/opt/ros/humble/share/rosidl_generator_cpp/cmake)
[0.747s] -- Using all available rosidl_typesupport_c: rosidl_typesupport_fastrtps_c;rosidl_typesupport_introspection_c
[0.771s] -- Using all available rosidl_typesupport_cpp: rosidl_typesupport_fastrtps_cpp;rosidl_typesupport_introspection_cpp
[0.865s] -- Found rmw_implementation_cmake: 6.1.1 (/opt/ros/humble/share/rmw_implementation_cmake/cmake)
[0.869s] -- Found rmw_cyclonedds_cpp: 1.3.4 (/opt/ros/humble/share/rmw_cyclonedds_cpp/cmake)
[0.920s] -- Using RMW implementation 'rmw_cyclonedds_cpp' as default
[0.934s] -- Looking for pthread.h
[1.034s] -- Looking for pthread.h - found
[1.035s] -- Performing Test CMAKE_HAVE_LIBC_PTHREAD
[1.124s] -- Performing Test CMAKE_HAVE_LIBC_PTHREAD - Success
[1.125s] -- Found Threads: TRUE  
[1.316s] -- Found pluginlib: 5.1.0 (/opt/ros/humble/share/pluginlib/cmake)
[1.351s] -- Found sensor_msgs: 4.2.3 (/opt/ros/humble/share/sensor_msgs/cmake)
[1.561s] -- Found ament_lint_auto: 0.12.8 (/opt/ros/humble/share/ament_lint_auto/cmake)
[1.693s] -- Found gtest sources under '/opt/ros/humble/src/gtest_vendor': C++ tests using 'Google Test' will be built
[1.717s] -- Added test 'copyright' to check source files copyright and LICENSE
[1.720s] -- Added test 'cpplint' to check C / C++ code against the Google style
[1.720s] -- Configured cpplint exclude dirs and/or files: 
[1.722s] -- Added test 'lint_cmake' to check CMake code style
[1.725s] -- Added test 'uncrustify' to check C / C++ code style
[1.725s] -- Configured uncrustify additional arguments: 
[1.726s] -- Added test 'xmllint' to check XML markup files
[1.729s] -- Configuring done
[1.791s] -- Generating done
[1.794s] -- Build files have been written to: /home/shengbin/camera_ws/build/image_transport
[1.816s] Invoked command in '/home/shengbin/camera_ws/build/image_transport' returned '0': CMAKE_PREFIX_PATH=${CMAKE_PREFIX_PATH}:/home/shengbin/camera_ws/install/opencv_tests:/home/shengbin/camera_ws/install/camera_info_manager:/home/shengbin/camera_ws/install/camera:/opt/ros/humble /usr/bin/cmake /home/shengbin/camera_ws/src/image_common/image_transport -DCMAKE_INSTALL_PREFIX=/home/shengbin/camera_ws/install/image_transport
[1.818s] Invoking command in '/home/shengbin/camera_ws/build/image_transport': CMAKE_PREFIX_PATH=${CMAKE_PREFIX_PATH}:/home/shengbin/camera_ws/install/opencv_tests:/home/shengbin/camera_ws/install/camera_info_manager:/home/shengbin/camera_ws/install/camera:/opt/ros/humble /usr/bin/cmake --build /home/shengbin/camera_ws/build/image_transport -- -j16 -l16
[1.888s] [  6%] [32mBuilding CXX object gtest/CMakeFiles/gtest.dir/src/gtest-all.cc.o[0m
[1.888s] [  6%] [32mBuilding CXX object CMakeFiles/image_transport.dir/src/single_subscriber_publisher.cpp.o[0m
[1.888s] [ 10%] [32mBuilding CXX object CMakeFiles/image_transport.dir/src/publisher.cpp.o[0m
[1.889s] [ 13%] [32mBuilding CXX object CMakeFiles/image_transport.dir/src/camera_common.cpp.o[0m
[1.890s] [ 16%] [32mBuilding CXX object CMakeFiles/image_transport.dir/src/subscriber.cpp.o[0m
[1.896s] [ 20%] [32mBuilding CXX object gtest/CMakeFiles/gtest_main.dir/src/gtest_main.cc.o[0m
[1.898s] [ 23%] [32mBuilding CXX object CMakeFiles/image_transport.dir/src/camera_subscriber.cpp.o[0m
[1.907s] [ 26%] [32mBuilding CXX object CMakeFiles/image_transport.dir/src/camera_publisher.cpp.o[0m
[1.915s] [ 30%] [32mBuilding CXX object CMakeFiles/image_transport.dir/src/image_transport.cpp.o[0m
[2.770s] [ 33%] [32m[1mLinking CXX static library libgtest_main.a[0m
[2.860s] [ 33%] Built target gtest_main
[4.821s] [ 36%] [32m[1mLinking CXX static library libgtest.a[0m
[4.892s] [ 36%] Built target gtest
[10.537s] [ 40%] [32m[1mLinking CXX shared library libimage_transport.so[0m
[11.063s] [ 40%] Built target image_transport
[11.079s] [ 43%] [32mBuilding CXX object CMakeFiles/image_transport_plugins.dir/src/manifest.cpp.o[0m
[11.087s] [ 46%] [32mBuilding CXX object CMakeFiles/image_transport-subscriber.dir/test/test_subscriber.cpp.o[0m
[11.088s] [ 60%] [32mBuilding CXX object CMakeFiles/image_transport-camera_common.dir/test/test_camera_common.cpp.o[0m
[11.088s] [ 60%] [32mBuilding CXX object CMakeFiles/image_transport-publisher.dir/test/test_publisher.cpp.o[0m
[11.088s] [ 63%] [32mBuilding CXX object CMakeFiles/list_transports.dir/src/list_transports.cpp.o[0m
[11.088s] [ 63%] [32mBuilding CXX object CMakeFiles/image_transport-message_passing.dir/test/test_message_passing.cpp.o[0m
[11.088s] [ 63%] [32mBuilding CXX object CMakeFiles/republish.dir/src/republish.cpp.o[0m
[11.088s] [ 70%] [32mBuilding CXX object CMakeFiles/image_transport-remapping.dir/test/test_remapping.cpp.o[0m
[11.088s] [ 70%] [32mBuilding CXX object CMakeFiles/image_transport-single_subscriber_publisher.dir/test/test_single_subscriber_publisher.cpp.o[0m
[12.793s] [ 73%] [32m[1mLinking CXX executable image_transport-camera_common[0m
[13.381s] [ 73%] Built target image_transport-camera_common
[14.708s] [ 76%] [32m[1mLinking CXX executable image_transport-single_subscriber_publisher[0m
[14.928s] [ 80%] [32m[1mLinking CXX executable image_transport-subscriber[0m
[14.958s] [ 83%] [32m[1mLinking CXX executable image_transport-publisher[0m
[15.268s] [ 83%] Built target image_transport-subscriber
[15.295s] [ 83%] Built target image_transport-publisher
[15.343s] [ 83%] Built target image_transport-single_subscriber_publisher
[15.372s] [ 86%] [32m[1mLinking CXX executable list_transports[0m
[15.615s] [ 86%] Built target list_transports
[16.172s] [ 90%] [32m[1mLinking CXX executable image_transport-message_passing[0m
[16.544s] [ 93%] [32m[1mLinking CXX executable image_transport-remapping[0m
[16.612s] [ 93%] Built target image_transport-message_passing
[16.788s] [ 93%] Built target image_transport-remapping
[17.378s] [ 96%] [32m[1mLinking CXX executable republish[0m
[17.590s] [ 96%] Built target republish
[18.886s] [100%] [32m[1mLinking CXX shared library libimage_transport_plugins.so[0m
[19.163s] [100%] Built target image_transport_plugins
