[0.136s] Invoking command in '/home/shengbin/camera_ws/build/image_geometry': CMAKE_PREFIX_PATH=${CMAKE_PREFIX_PATH}:/home/shengbin/camera_ws/install/opencv_tests:/home/shengbin/camera_ws/install/camera_info_manager:/home/shengbin/camera_ws/install/camera:/opt/ros/humble /usr/bin/cmake /home/shengbin/camera_ws/src/vision_opencv/image_geometry -DCMAKE_INSTALL_PREFIX=/home/shengbin/camera_ws/install/image_geometry
[0.176s] -- The C compiler identification is GNU 11.4.0
[0.212s] -- The CXX compiler identification is GNU 11.4.0
[0.216s] -- Detecting C compiler ABI info
[0.261s] -- Detecting C compiler ABI info - done
[0.266s] -- Check for working C compiler: /usr/bin/cc - skipped
[0.266s] -- Detecting C compile features
[0.267s] -- Detecting C compile features - done
[0.269s] -- Detecting CXX compiler ABI info
[0.327s] -- Detecting CXX compiler ABI info - done
[0.337s] -- Check for working CXX compiler: /usr/bin/c++ - skipped
[0.338s] -- Detecting CXX compile features
[0.338s] -- Detecting CXX compile features - done
[0.341s] -- Found ament_cmake_python: 1.3.5 (/opt/ros/humble/share/ament_cmake_python/cmake)
[0.343s] -- Found ament_cmake_ros: 0.10.0 (/opt/ros/humble/share/ament_cmake_ros/cmake)
[0.498s] -- Found Python3: /usr/bin/python3.10 (found version "3.10.12") found components: Interpreter 
[0.653s] -- Found OpenCV: /usr (found version "4.5.4") found components: calib3d core highgui imgproc 
[0.654s] -- Found sensor_msgs: 4.2.3 (/opt/ros/humble/share/sensor_msgs/cmake)
[0.697s] -- Found rosidl_generator_c: 3.1.5 (/opt/ros/humble/share/rosidl_generator_c/cmake)
[0.702s] -- Found rosidl_adapter: 3.1.5 (/opt/ros/humble/share/rosidl_adapter/cmake)
[0.713s] -- Found rosidl_generator_cpp: 3.1.5 (/opt/ros/humble/share/rosidl_generator_cpp/cmake)
[0.730s] -- Using all available rosidl_typesupport_c: rosidl_typesupport_fastrtps_c;rosidl_typesupport_introspection_c
[0.755s] -- Using all available rosidl_typesupport_cpp: rosidl_typesupport_fastrtps_cpp;rosidl_typesupport_introspection_cpp
[1.023s] -- Found gtest sources under '/opt/ros/humble/src/gtest_vendor': C++ tests using 'Google Test' will be built
[1.025s] -- Looking for pthread.h
[1.083s] -- Looking for pthread.h - found
[1.083s] -- Performing Test CMAKE_HAVE_LIBC_PTHREAD
[1.150s] -- Performing Test CMAKE_HAVE_LIBC_PTHREAD - Success
[1.151s] -- Found Threads: TRUE  
[1.205s] -- Configuring done
[1.218s] -- Generating done
[1.219s] -- Build files have been written to: /home/shengbin/camera_ws/build/image_geometry
[1.227s] Invoked command in '/home/shengbin/camera_ws/build/image_geometry' returned '0': CMAKE_PREFIX_PATH=${CMAKE_PREFIX_PATH}:/home/shengbin/camera_ws/install/opencv_tests:/home/shengbin/camera_ws/install/camera_info_manager:/home/shengbin/camera_ws/install/camera:/opt/ros/humble /usr/bin/cmake /home/shengbin/camera_ws/src/vision_opencv/image_geometry -DCMAKE_INSTALL_PREFIX=/home/shengbin/camera_ws/install/image_geometry
[1.227s] Invoking command in '/home/shengbin/camera_ws/build/image_geometry': CMAKE_PREFIX_PATH=${CMAKE_PREFIX_PATH}:/home/shengbin/camera_ws/install/opencv_tests:/home/shengbin/camera_ws/install/camera_info_manager:/home/shengbin/camera_ws/install/camera:/opt/ros/humble /usr/bin/cmake --build /home/shengbin/camera_ws/build/image_geometry -- -j16 -l16
[1.265s] [ 11%] [32mBuilding CXX object CMakeFiles/image_geometry.dir/src/pinhole_camera_model.cpp.o[0m
[1.265s] [ 22%] [32mBuilding CXX object gtest/CMakeFiles/gtest.dir/src/gtest-all.cc.o[0m
[1.267s] [ 33%] Built target ament_cmake_python_copy_image_geometry
[1.267s] [ 33%] [32mBuilding CXX object gtest/CMakeFiles/gtest_main.dir/src/gtest_main.cc.o[0m
[1.267s] [ 44%] [32mBuilding CXX object CMakeFiles/image_geometry.dir/src/stereo_camera_model.cpp.o[0m
[1.480s] running egg_info
[1.480s] creating image_geometry.egg-info
[1.480s] writing image_geometry.egg-info/PKG-INFO
[1.481s] writing dependency_links to image_geometry.egg-info/dependency_links.txt
[1.481s] writing top-level names to image_geometry.egg-info/top_level.txt
[1.481s] writing manifest file 'image_geometry.egg-info/SOURCES.txt'
[1.484s] reading manifest file 'image_geometry.egg-info/SOURCES.txt'
[1.484s] writing manifest file 'image_geometry.egg-info/SOURCES.txt'
[1.510s] [ 44%] Built target ament_cmake_python_build_image_geometry_egg
[1.827s] [ 55%] [32m[1mLinking CXX static library libgtest_main.a[0m
[2.054s] [ 55%] Built target gtest_main
[3.051s] [ 66%] [32m[1mLinking CXX shared library libimage_geometry.so[0m
[3.251s] [ 66%] Built target image_geometry
[5.374s] [ 77%] [32m[1mLinking CXX static library libgtest.a[0m
[5.493s] [ 77%] Built target gtest
[5.525s] [ 88%] [32mBuilding CXX object CMakeFiles/image_geometry-utest.dir/test/utest.cpp.o[0m
[7.485s] [100%] [32m[1mLinking CXX executable image_geometry-utest[0m
[7.619s] [100%] Built target image_geometry-utest
[7.633s] Invoked command in '/home/shengbin/camera_ws/build/image_geometry' returned '0': CMAKE_PREFIX_PATH=${CMAKE_PREFIX_PATH}:/home/shengbin/camera_ws/install/opencv_tests:/home/shengbin/camera_ws/install/camera_info_manager:/home/shengbin/camera_ws/install/camera:/opt/ros/humble /usr/bin/cmake --build /home/shengbin/camera_ws/build/image_geometry -- -j16 -l16
[7.697s] Invoking command in '/home/shengbin/camera_ws/build/image_geometry': CMAKE_PREFIX_PATH=${CMAKE_PREFIX_PATH}:/home/shengbin/camera_ws/install/opencv_tests:/home/shengbin/camera_ws/install/camera_info_manager:/home/shengbin/camera_ws/install/camera:/opt/ros/humble /usr/bin/cmake --install /home/shengbin/camera_ws/build/image_geometry
[7.705s] -- Install configuration: ""
[7.705s] -- Installing: /home/shengbin/camera_ws/install/image_geometry/share/image_geometry/environment/pythonpath.sh
[7.706s] -- Installing: /home/shengbin/camera_ws/install/image_geometry/share/image_geometry/environment/pythonpath.dsv
[7.706s] -- Installing: /home/shengbin/camera_ws/install/image_geometry/local/lib/python3.10/dist-packages/image_geometry-3.2.1-py3.10.egg-info
[7.706s] -- Installing: /home/shengbin/camera_ws/install/image_geometry/local/lib/python3.10/dist-packages/image_geometry-3.2.1-py3.10.egg-info/dependency_links.txt
[7.706s] -- Installing: /home/shengbin/camera_ws/install/image_geometry/local/lib/python3.10/dist-packages/image_geometry-3.2.1-py3.10.egg-info/SOURCES.txt
[7.706s] -- Installing: /home/shengbin/camera_ws/install/image_geometry/local/lib/python3.10/dist-packages/image_geometry-3.2.1-py3.10.egg-info/PKG-INFO
[7.706s] -- Installing: /home/shengbin/camera_ws/install/image_geometry/local/lib/python3.10/dist-packages/image_geometry-3.2.1-py3.10.egg-info/top_level.txt
[7.707s] -- Installing: /home/shengbin/camera_ws/install/image_geometry/local/lib/python3.10/dist-packages/image_geometry
[7.707s] -- Installing: /home/shengbin/camera_ws/install/image_geometry/local/lib/python3.10/dist-packages/image_geometry/__init__.py
[7.707s] -- Installing: /home/shengbin/camera_ws/install/image_geometry/local/lib/python3.10/dist-packages/image_geometry/cameramodels.py
[7.746s] Listing '/home/shengbin/camera_ws/install/image_geometry/local/lib/python3.10/dist-packages/image_geometry'...
[7.746s] Compiling '/home/shengbin/camera_ws/install/image_geometry/local/lib/python3.10/dist-packages/image_geometry/__init__.py'...
[7.746s] Compiling '/home/shengbin/camera_ws/install/image_geometry/local/lib/python3.10/dist-packages/image_geometry/cameramodels.py'...
[7.750s] -- Installing: /home/shengbin/camera_ws/install/image_geometry/include/image_geometry
[7.750s] -- Installing: /home/shengbin/camera_ws/install/image_geometry/include/image_geometry/image_geometry
[7.750s] -- Installing: /home/shengbin/camera_ws/install/image_geometry/include/image_geometry/image_geometry/stereo_camera_model.h
[7.750s] -- Installing: /home/shengbin/camera_ws/install/image_geometry/include/image_geometry/image_geometry/visibility_control.hpp
[7.750s] -- Installing: /home/shengbin/camera_ws/install/image_geometry/include/image_geometry/image_geometry/pinhole_camera_model.h
[7.750s] -- Installing: /home/shengbin/camera_ws/install/image_geometry/lib/libimage_geometry.so
[7.751s] -- Set runtime path of "/home/shengbin/camera_ws/install/image_geometry/lib/libimage_geometry.so" to ""
[7.751s] -- Installing: /home/shengbin/camera_ws/install/image_geometry/share/ament_index/resource_index/package_run_dependencies/image_geometry
[7.751s] -- Installing: /home/shengbin/camera_ws/install/image_geometry/share/ament_index/resource_index/parent_prefix_path/image_geometry
[7.751s] -- Installing: /home/shengbin/camera_ws/install/image_geometry/share/image_geometry/environment/ament_prefix_path.sh
[7.751s] -- Installing: /home/shengbin/camera_ws/install/image_geometry/share/image_geometry/environment/ament_prefix_path.dsv
[7.751s] -- Installing: /home/shengbin/camera_ws/install/image_geometry/share/image_geometry/environment/path.sh
[7.751s] -- Installing: /home/shengbin/camera_ws/install/image_geometry/share/image_geometry/environment/path.dsv
[7.751s] -- Installing: /home/shengbin/camera_ws/install/image_geometry/share/image_geometry/local_setup.bash
[7.752s] -- Installing: /home/shengbin/camera_ws/install/image_geometry/share/image_geometry/local_setup.sh
[7.752s] -- Installing: /home/shengbin/camera_ws/install/image_geometry/share/image_geometry/local_setup.zsh
[7.752s] -- Installing: /home/shengbin/camera_ws/install/image_geometry/share/image_geometry/local_setup.dsv
[7.752s] -- Installing: /home/shengbin/camera_ws/install/image_geometry/share/image_geometry/package.dsv
[7.752s] -- Installing: /home/shengbin/camera_ws/install/image_geometry/share/ament_index/resource_index/packages/image_geometry
[7.752s] -- Installing: /home/shengbin/camera_ws/install/image_geometry/share/image_geometry/cmake/export_image_geometryExport.cmake
[7.752s] -- Installing: /home/shengbin/camera_ws/install/image_geometry/share/image_geometry/cmake/export_image_geometryExport-noconfig.cmake
[7.752s] -- Installing: /home/shengbin/camera_ws/install/image_geometry/share/image_geometry/cmake/ament_cmake_export_targets-extras.cmake
[7.753s] -- Installing: /home/shengbin/camera_ws/install/image_geometry/share/image_geometry/cmake/ament_cmake_export_dependencies-extras.cmake
[7.753s] -- Installing: /home/shengbin/camera_ws/install/image_geometry/share/image_geometry/cmake/image_geometryConfig.cmake
[7.753s] -- Installing: /home/shengbin/camera_ws/install/image_geometry/share/image_geometry/cmake/image_geometryConfig-version.cmake
[7.753s] -- Installing: /home/shengbin/camera_ws/install/image_geometry/share/image_geometry/package.xml
[7.898s] Invoked command in '/home/shengbin/camera_ws/build/image_geometry' returned '0': CMAKE_PREFIX_PATH=${CMAKE_PREFIX_PATH}:/home/shengbin/camera_ws/install/opencv_tests:/home/shengbin/camera_ws/install/camera_info_manager:/home/shengbin/camera_ws/install/camera:/opt/ros/humble /usr/bin/cmake --install /home/shengbin/camera_ws/build/image_geometry
