[2.055s] Invoking command in '/home/shengbin/camera_ws/src/camera': PYTHONPATH=/home/shengbin/camera_ws/build/camera/prefix_override:/home/shengbin/camera_ws/install/camera/lib/python3.10/site-packages:${PYTHONPATH} /usr/bin/python3 setup.py egg_info --egg-base ../../build/camera build --build-base /home/shengbin/camera_ws/build/camera/build install --record /home/shengbin/camera_ws/build/camera/install.log --single-version-externally-managed
[2.471s] running egg_info
[2.471s] writing ../../build/camera/camera.egg-info/PKG-INFO
[2.471s] writing dependency_links to ../../build/camera/camera.egg-info/dependency_links.txt
[2.471s] writing entry points to ../../build/camera/camera.egg-info/entry_points.txt
[2.472s] writing requirements to ../../build/camera/camera.egg-info/requires.txt
[2.472s] writing top-level names to ../../build/camera/camera.egg-info/top_level.txt
[2.475s] reading manifest file '../../build/camera/camera.egg-info/SOURCES.txt'
[2.476s] writing manifest file '../../build/camera/camera.egg-info/SOURCES.txt'
[2.478s] running build
[2.479s] running build_py
[2.480s] running install
[2.480s] running install_lib
[2.481s] /usr/lib/python3/dist-packages/setuptools/command/install.py:34: SetuptoolsDeprecationWarning: setup.py install is deprecated. Use build and pip and other standards-based tools.
[2.481s]   warnings.warn(
[2.481s] running install_data
[2.482s] running install_egg_info
[2.483s] removing '/home/shengbin/camera_ws/install/camera/lib/python3.10/site-packages/camera-0.0.0-py3.10.egg-info' (and everything under it)
[2.483s] Copying ../../build/camera/camera.egg-info to /home/shengbin/camera_ws/install/camera/lib/python3.10/site-packages/camera-0.0.0-py3.10.egg-info
[2.484s] running install_scripts
[2.520s] Installing cam_oflow script to /home/shengbin/camera_ws/install/camera/lib/camera
[2.521s] Installing cam_pub script to /home/shengbin/camera_ws/install/camera/lib/camera
[2.521s] Installing cam_sub script to /home/shengbin/camera_ws/install/camera/lib/camera
[2.522s] writing list of installed files to '/home/shengbin/camera_ws/build/camera/install.log'
[3.539s] Invoked command in '/home/shengbin/camera_ws/src/camera' returned '0': PYTHONPATH=/home/shengbin/camera_ws/build/camera/prefix_override:/home/shengbin/camera_ws/install/camera/lib/python3.10/site-packages:${PYTHONPATH} /usr/bin/python3 setup.py egg_info --egg-base ../../build/camera build --build-base /home/shengbin/camera_ws/build/camera/build install --record /home/shengbin/camera_ws/build/camera/install.log --single-version-externally-managed
