[0.221s] Invoking command in '/home/shengbin/camera_ws/build/cv_bridge': CMAKE_PREFIX_PATH=${CMAKE_PREFIX_PATH}:/home/shengbin/camera_ws/install/opencv_tests:/home/shengbin/camera_ws/install/camera_info_manager:/home/shengbin/camera_ws/install/camera:/opt/ros/humble /usr/bin/cmake --build /home/shengbin/camera_ws/build/cv_bridge -- -j16 -l16
[0.248s] [35m[1mConsolidate compiler generated dependencies of target gtest[0m
[0.250s] [35m[1mConsolidate compiler generated dependencies of target gtest_main[0m
[0.250s] [35m[1mConsolidate compiler generated dependencies of target cv_bridge[0m
[0.260s] [ 12%] Built target gtest
[0.261s] [ 25%] Built target gtest_main
[0.262s] [ 25%] Built target ament_cmake_python_copy_cv_bridge
[0.266s] [ 43%] Built target cv_bridge
[0.279s] [35m[1mConsolidate compiler generated dependencies of target cv_bridge-utest[0m
[0.279s] [35m[1mConsolidate compiler generated dependencies of target cv_bridge_boost[0m
[0.305s] [ 81%] Built target cv_bridge-utest
[0.313s] [100%] Built target cv_bridge_boost
[0.444s] running egg_info
[0.445s] writing cv_bridge.egg-info/PKG-INFO
[0.445s] writing dependency_links to cv_bridge.egg-info/dependency_links.txt
[0.445s] writing top-level names to cv_bridge.egg-info/top_level.txt
[0.446s] reading manifest file 'cv_bridge.egg-info/SOURCES.txt'
[0.447s] writing manifest file 'cv_bridge.egg-info/SOURCES.txt'
[0.467s] [100%] Built target ament_cmake_python_build_cv_bridge_egg
[0.499s] Invoked command in '/home/shengbin/camera_ws/build/cv_bridge' returned '0': CMAKE_PREFIX_PATH=${CMAKE_PREFIX_PATH}:/home/shengbin/camera_ws/install/opencv_tests:/home/shengbin/camera_ws/install/camera_info_manager:/home/shengbin/camera_ws/install/camera:/opt/ros/humble /usr/bin/cmake --build /home/shengbin/camera_ws/build/cv_bridge -- -j16 -l16
[0.523s] Invoking command in '/home/shengbin/camera_ws/build/cv_bridge': CMAKE_PREFIX_PATH=${CMAKE_PREFIX_PATH}:/home/shengbin/camera_ws/install/opencv_tests:/home/shengbin/camera_ws/install/camera_info_manager:/home/shengbin/camera_ws/install/camera:/opt/ros/humble /usr/bin/cmake --install /home/shengbin/camera_ws/build/cv_bridge
[0.527s] -- Install configuration: ""
[0.528s] -- Up-to-date: /home/shengbin/camera_ws/install/cv_bridge/share/cv_bridge/environment/pythonpath.sh
[0.528s] -- Up-to-date: /home/shengbin/camera_ws/install/cv_bridge/share/cv_bridge/environment/pythonpath.dsv
[0.528s] -- Up-to-date: /home/shengbin/camera_ws/install/cv_bridge/local/lib/python3.10/dist-packages/cv_bridge-3.2.1-py3.10.egg-info
[0.528s] -- Installing: /home/shengbin/camera_ws/install/cv_bridge/local/lib/python3.10/dist-packages/cv_bridge-3.2.1-py3.10.egg-info/dependency_links.txt
[0.528s] -- Installing: /home/shengbin/camera_ws/install/cv_bridge/local/lib/python3.10/dist-packages/cv_bridge-3.2.1-py3.10.egg-info/SOURCES.txt
[0.529s] -- Installing: /home/shengbin/camera_ws/install/cv_bridge/local/lib/python3.10/dist-packages/cv_bridge-3.2.1-py3.10.egg-info/PKG-INFO
[0.529s] -- Installing: /home/shengbin/camera_ws/install/cv_bridge/local/lib/python3.10/dist-packages/cv_bridge-3.2.1-py3.10.egg-info/top_level.txt
[0.529s] -- Up-to-date: /home/shengbin/camera_ws/install/cv_bridge/local/lib/python3.10/dist-packages/cv_bridge
[0.529s] -- Up-to-date: /home/shengbin/camera_ws/install/cv_bridge/local/lib/python3.10/dist-packages/cv_bridge/__init__.py
[0.529s] -- Up-to-date: /home/shengbin/camera_ws/install/cv_bridge/local/lib/python3.10/dist-packages/cv_bridge/core.py
[0.549s] Listing '/home/shengbin/camera_ws/install/cv_bridge/local/lib/python3.10/dist-packages/cv_bridge'...
[0.549s] Listing '/home/shengbin/camera_ws/install/cv_bridge/local/lib/python3.10/dist-packages/cv_bridge/boost'...
[0.553s] -- Up-to-date: /home/shengbin/camera_ws/install/cv_bridge/lib/libcv_bridge.so
[0.553s] -- Up-to-date: /home/shengbin/camera_ws/install/cv_bridge/include/cv_bridge/cv_bridge/cv_bridge_export.h
[0.553s] -- Up-to-date: /home/shengbin/camera_ws/install/cv_bridge/local/lib/python3.10/dist-packages/cv_bridge/boost/cv_bridge_boost.so
[0.553s] -- Up-to-date: /home/shengbin/camera_ws/install/cv_bridge/include/cv_bridge
[0.553s] -- Up-to-date: /home/shengbin/camera_ws/install/cv_bridge/include/cv_bridge/cv_bridge
[0.553s] -- Up-to-date: /home/shengbin/camera_ws/install/cv_bridge/include/cv_bridge/cv_bridge/cv_bridge.h
[0.554s] -- Up-to-date: /home/shengbin/camera_ws/install/cv_bridge/include/cv_bridge/cv_bridge/rgb_colors.h
[0.554s] -- Up-to-date: /home/shengbin/camera_ws/install/cv_bridge/lib/libcv_bridge.so
[0.554s] -- Up-to-date: /home/shengbin/camera_ws/install/cv_bridge/share/ament_index/resource_index/package_run_dependencies/cv_bridge
[0.555s] -- Up-to-date: /home/shengbin/camera_ws/install/cv_bridge/share/ament_index/resource_index/parent_prefix_path/cv_bridge
[0.555s] -- Up-to-date: /home/shengbin/camera_ws/install/cv_bridge/share/cv_bridge/environment/ament_prefix_path.sh
[0.555s] -- Up-to-date: /home/shengbin/camera_ws/install/cv_bridge/share/cv_bridge/environment/ament_prefix_path.dsv
[0.555s] -- Up-to-date: /home/shengbin/camera_ws/install/cv_bridge/share/cv_bridge/environment/path.sh
[0.555s] -- Up-to-date: /home/shengbin/camera_ws/install/cv_bridge/share/cv_bridge/environment/path.dsv
[0.555s] -- Up-to-date: /home/shengbin/camera_ws/install/cv_bridge/share/cv_bridge/local_setup.bash
[0.556s] -- Up-to-date: /home/shengbin/camera_ws/install/cv_bridge/share/cv_bridge/local_setup.sh
[0.556s] -- Up-to-date: /home/shengbin/camera_ws/install/cv_bridge/share/cv_bridge/local_setup.zsh
[0.556s] -- Up-to-date: /home/shengbin/camera_ws/install/cv_bridge/share/cv_bridge/local_setup.dsv
[0.556s] -- Installing: /home/shengbin/camera_ws/install/cv_bridge/share/cv_bridge/package.dsv
[0.556s] -- Up-to-date: /home/shengbin/camera_ws/install/cv_bridge/share/ament_index/resource_index/packages/cv_bridge
[0.556s] -- Up-to-date: /home/shengbin/camera_ws/install/cv_bridge/share/cv_bridge/cmake/export_cv_bridgeExport.cmake
[0.556s] -- Up-to-date: /home/shengbin/camera_ws/install/cv_bridge/share/cv_bridge/cmake/export_cv_bridgeExport-noconfig.cmake
[0.556s] -- Up-to-date: /home/shengbin/camera_ws/install/cv_bridge/share/cv_bridge/cmake/cv_bridge-extras.cmake
[0.556s] -- Up-to-date: /home/shengbin/camera_ws/install/cv_bridge/share/cv_bridge/cmake/ament_cmake_export_dependencies-extras.cmake
[0.556s] -- Up-to-date: /home/shengbin/camera_ws/install/cv_bridge/share/cv_bridge/cmake/ament_cmake_export_targets-extras.cmake
[0.556s] -- Up-to-date: /home/shengbin/camera_ws/install/cv_bridge/share/cv_bridge/cmake/cv_bridgeConfig.cmake
[0.556s] -- Up-to-date: /home/shengbin/camera_ws/install/cv_bridge/share/cv_bridge/cmake/cv_bridgeConfig-version.cmake
[0.557s] -- Up-to-date: /home/shengbin/camera_ws/install/cv_bridge/share/cv_bridge/package.xml
[0.601s] Invoked command in '/home/shengbin/camera_ws/build/cv_bridge' returned '0': CMAKE_PREFIX_PATH=${CMAKE_PREFIX_PATH}:/home/shengbin/camera_ws/install/opencv_tests:/home/shengbin/camera_ws/install/camera_info_manager:/home/shengbin/camera_ws/install/camera:/opt/ros/humble /usr/bin/cmake --install /home/shengbin/camera_ws/build/cv_bridge
