[0.283s] Invoking command in '/home/shengbin/camera_ws/build/camera_info_manager': CMAKE_PREFIX_PATH=/home/shengbin/camera_ws/install/camera_calibration_parsers:/home/shengbin/camera_ws/install/ros2_shared:/home/shengbin/camera_ws/install/image_transport:/home/shengbin/camera_ws/install/image_geometry:/home/shengbin/camera_ws/install/cv_bridge:/home/shengbin/camera_ws/install/camera_info_manager:/home/shengbin/camera_ws/install/camera:/opt/ros/humble LD_LIBRARY_PATH=/home/shengbin/camera_ws/install/camera_calibration_parsers/lib:/home/shengbin/camera_ws/install/image_transport/lib:/home/shengbin/camera_ws/install/image_geometry/lib:/home/shengbin/camera_ws/install/cv_bridge/lib:/opt/ros/humble/opt/rviz_ogre_vendor/lib:/opt/ros/humble/lib/x86_64-linux-gnu:/opt/ros/humble/lib /usr/bin/cmake --build /home/shengbin/camera_ws/build/camera_info_manager -- -j16 -l16
[0.542s] [100%] Built target camera_info_manager
[0.825s] Invoked command in '/home/shengbin/camera_ws/build/camera_info_manager' returned '0': CMAKE_PREFIX_PATH=/home/shengbin/camera_ws/install/camera_calibration_parsers:/home/shengbin/camera_ws/install/ros2_shared:/home/shengbin/camera_ws/install/image_transport:/home/shengbin/camera_ws/install/image_geometry:/home/shengbin/camera_ws/install/cv_bridge:/home/shengbin/camera_ws/install/camera_info_manager:/home/shengbin/camera_ws/install/camera:/opt/ros/humble LD_LIBRARY_PATH=/home/shengbin/camera_ws/install/camera_calibration_parsers/lib:/home/shengbin/camera_ws/install/image_transport/lib:/home/shengbin/camera_ws/install/image_geometry/lib:/home/shengbin/camera_ws/install/cv_bridge/lib:/opt/ros/humble/opt/rviz_ogre_vendor/lib:/opt/ros/humble/lib/x86_64-linux-gnu:/opt/ros/humble/lib /usr/bin/cmake --build /home/shengbin/camera_ws/build/camera_info_manager -- -j16 -l16
[0.901s] Invoking command in '/home/shengbin/camera_ws/build/camera_info_manager': CMAKE_PREFIX_PATH=/home/shengbin/camera_ws/install/camera_calibration_parsers:/home/shengbin/camera_ws/install/ros2_shared:/home/shengbin/camera_ws/install/image_transport:/home/shengbin/camera_ws/install/image_geometry:/home/shengbin/camera_ws/install/cv_bridge:/home/shengbin/camera_ws/install/camera_info_manager:/home/shengbin/camera_ws/install/camera:/opt/ros/humble LD_LIBRARY_PATH=/home/shengbin/camera_ws/install/camera_calibration_parsers/lib:/home/shengbin/camera_ws/install/image_transport/lib:/home/shengbin/camera_ws/install/image_geometry/lib:/home/shengbin/camera_ws/install/cv_bridge/lib:/opt/ros/humble/opt/rviz_ogre_vendor/lib:/opt/ros/humble/lib/x86_64-linux-gnu:/opt/ros/humble/lib /usr/bin/cmake --install /home/shengbin/camera_ws/build/camera_info_manager
[0.977s] -- Install configuration: ""
[0.977s] -- Up-to-date: /home/shengbin/camera_ws/install/camera_info_manager/lib/libcamera_info_manager.so
[0.977s] -- Up-to-date: /home/shengbin/camera_ws/install/camera_info_manager/include/camera_info_manager
[0.977s] -- Up-to-date: /home/shengbin/camera_ws/install/camera_info_manager/include/camera_info_manager/camera_info_manager
[0.978s] -- Up-to-date: /home/shengbin/camera_ws/install/camera_info_manager/include/camera_info_manager/camera_info_manager/camera_info_manager.hpp
[0.978s] -- Up-to-date: /home/shengbin/camera_ws/install/camera_info_manager/include/camera_info_manager/camera_info_manager/camera_info_manager.h
[0.979s] -- Up-to-date: /home/shengbin/camera_ws/install/camera_info_manager/include/camera_info_manager/camera_info_manager/visibility_control.h
[0.979s] -- Up-to-date: /home/shengbin/camera_ws/install/camera_info_manager/share/ament_index/resource_index/package_run_dependencies/camera_info_manager
[0.979s] -- Up-to-date: /home/shengbin/camera_ws/install/camera_info_manager/share/ament_index/resource_index/parent_prefix_path/camera_info_manager
[0.979s] -- Up-to-date: /home/shengbin/camera_ws/install/camera_info_manager/share/camera_info_manager/environment/ament_prefix_path.sh
[0.979s] -- Up-to-date: /home/shengbin/camera_ws/install/camera_info_manager/share/camera_info_manager/environment/ament_prefix_path.dsv
[0.979s] -- Up-to-date: /home/shengbin/camera_ws/install/camera_info_manager/share/camera_info_manager/environment/path.sh
[0.980s] -- Up-to-date: /home/shengbin/camera_ws/install/camera_info_manager/share/camera_info_manager/environment/path.dsv
[0.980s] -- Up-to-date: /home/shengbin/camera_ws/install/camera_info_manager/share/camera_info_manager/local_setup.bash
[0.980s] -- Up-to-date: /home/shengbin/camera_ws/install/camera_info_manager/share/camera_info_manager/local_setup.sh
[0.980s] -- Up-to-date: /home/shengbin/camera_ws/install/camera_info_manager/share/camera_info_manager/local_setup.zsh
[0.980s] -- Up-to-date: /home/shengbin/camera_ws/install/camera_info_manager/share/camera_info_manager/local_setup.dsv
[0.980s] -- Up-to-date: /home/shengbin/camera_ws/install/camera_info_manager/share/camera_info_manager/package.dsv
[0.980s] -- Up-to-date: /home/shengbin/camera_ws/install/camera_info_manager/share/ament_index/resource_index/packages/camera_info_manager
[0.980s] -- Up-to-date: /home/shengbin/camera_ws/install/camera_info_manager/share/camera_info_manager/cmake/export_camera_info_managerExport.cmake
[0.980s] -- Up-to-date: /home/shengbin/camera_ws/install/camera_info_manager/share/camera_info_manager/cmake/export_camera_info_managerExport-noconfig.cmake
[0.980s] -- Up-to-date: /home/shengbin/camera_ws/install/camera_info_manager/share/camera_info_manager/cmake/ament_cmake_export_dependencies-extras.cmake
[0.980s] -- Up-to-date: /home/shengbin/camera_ws/install/camera_info_manager/share/camera_info_manager/cmake/ament_cmake_export_targets-extras.cmake
[0.981s] -- Up-to-date: /home/shengbin/camera_ws/install/camera_info_manager/share/camera_info_manager/cmake/camera_info_managerConfig.cmake
[0.981s] -- Up-to-date: /home/shengbin/camera_ws/install/camera_info_manager/share/camera_info_manager/cmake/camera_info_managerConfig-version.cmake
[0.981s] -- Up-to-date: /home/shengbin/camera_ws/install/camera_info_manager/share/camera_info_manager/package.xml
[0.983s] Invoked command in '/home/shengbin/camera_ws/build/camera_info_manager' returned '0': CMAKE_PREFIX_PATH=/home/shengbin/camera_ws/install/camera_calibration_parsers:/home/shengbin/camera_ws/install/ros2_shared:/home/shengbin/camera_ws/install/image_transport:/home/shengbin/camera_ws/install/image_geometry:/home/shengbin/camera_ws/install/cv_bridge:/home/shengbin/camera_ws/install/camera_info_manager:/home/shengbin/camera_ws/install/camera:/opt/ros/humble LD_LIBRARY_PATH=/home/shengbin/camera_ws/install/camera_calibration_parsers/lib:/home/shengbin/camera_ws/install/image_transport/lib:/home/shengbin/camera_ws/install/image_geometry/lib:/home/shengbin/camera_ws/install/cv_bridge/lib:/opt/ros/humble/opt/rviz_ogre_vendor/lib:/opt/ros/humble/lib/x86_64-linux-gnu:/opt/ros/humble/lib /usr/bin/cmake --install /home/shengbin/camera_ws/build/camera_info_manager
